[2023-01-26 05:52:01.203 GMT] INFO SystemJobThread|1132214373|sfcc-cleanup-log-and-impex-files Executing job [sfcc-cleanup-log-and-impex-files][2497597268]...
[2023-01-26 05:52:01.259 GMT] INFO SystemJobThread|1132214373|sfcc-cleanup-log-and-impex-files|CleanupOutdatedImpexFiles Executing step [CleanupOutdatedImpexFiles][2175621590] for [Organization]...
[2023-01-26 05:52:01.265 GMT] INFO SystemJobThread|1132214373|sfcc-cleanup-log-and-impex-files|CleanupOutdatedImpexFiles Using OperationMode = 'Delete'
[2023-01-26 05:52:01.265 GMT] INFO SystemJobThread|1132214373|sfcc-cleanup-log-and-impex-files|CleanupOutdatedImpexFiles Using Directory = '/Sites/Impex'
[2023-01-26 05:52:01.265 GMT] INFO SystemJobThread|1132214373|sfcc-cleanup-log-and-impex-files|CleanupOutdatedImpexFiles Using TravelMode = 'Direct Files And Sub Directories'
[2023-01-26 05:52:01.265 GMT] INFO SystemJobThread|1132214373|sfcc-cleanup-log-and-impex-files|CleanupOutdatedImpexFiles Using ExcludedSubDirectories = 'null'
[2023-01-26 05:52:01.265 GMT] INFO SystemJobThread|1132214373|sfcc-cleanup-log-and-impex-files|CleanupOutdatedImpexFiles Using ArchiveDirectory = '/Sites/Impex/_trash'
[2023-01-26 05:52:01.265 GMT] INFO SystemJobThread|1132214373|sfcc-cleanup-log-and-impex-files|CleanupOutdatedImpexFiles Using TouchOnArchive = 'true'
[2023-01-26 05:52:01.266 GMT] INFO SystemJobThread|1132214373|sfcc-cleanup-log-and-impex-files|CleanupOutdatedImpexFiles Using CompressOnArchive = 'false'
[2023-01-26 05:52:01.266 GMT] INFO SystemJobThread|1132214373|sfcc-cleanup-log-and-impex-files|CleanupOutdatedImpexFiles Using ExcludeFileNamePrefixesFromCompression = 'null'
[2023-01-26 05:52:01.267 GMT] INFO SystemJobThread|1132214373|sfcc-cleanup-log-and-impex-files|CleanupOutdatedImpexFiles OperationMode=Delete: Clean up files in directory '/Sites/Impex' and subdirectories older than 30 days (last modified before 2022-12-27T05:52:01.266Z).
[2023-01-26 05:52:01.285 GMT] INFO SystemJobThread|1132214373|sfcc-cleanup-log-and-impex-files|CleanupOutdatedImpexFiles OperationMode=Delete: Cleaned up 0 outdated files in directory '/Sites/Impex' and subdirectories, freeing up 0 bytes.
[2023-01-26 05:52:01.304 GMT] INFO SystemJobThread|1132214373|sfcc-cleanup-log-and-impex-files|CleanupOutdatedImpexFiles Execution of step [CleanupOutdatedImpexFiles] finished with status [OK].
[2023-01-26 05:52:01.343 GMT] INFO SystemJobThread|1132214373|sfcc-cleanup-log-and-impex-files|CleanupExcessiveImpexFiles Executing step [CleanupExcessiveImpexFiles][2175621593] for [Organization]...
[2023-01-26 05:52:01.351 GMT] INFO SystemJobThread|1132214373|sfcc-cleanup-log-and-impex-files|CleanupExcessiveImpexFiles Using OperationMode = 'Delete'
[2023-01-26 05:52:01.351 GMT] INFO SystemJobThread|1132214373|sfcc-cleanup-log-and-impex-files|CleanupExcessiveImpexFiles Using Directory = '/Sites/Impex'
[2023-01-26 05:52:01.351 GMT] INFO SystemJobThread|1132214373|sfcc-cleanup-log-and-impex-files|CleanupExcessiveImpexFiles Using TravelMode = 'Direct Files And Sub Directories'
[2023-01-26 05:52:01.351 GMT] INFO SystemJobThread|1132214373|sfcc-cleanup-log-and-impex-files|CleanupExcessiveImpexFiles Using ExcludedSubDirectories = 'null'
[2023-01-26 05:52:01.351 GMT] INFO SystemJobThread|1132214373|sfcc-cleanup-log-and-impex-files|CleanupExcessiveImpexFiles Using ArchiveDirectory = '/Sites/Impex/_trash'
[2023-01-26 05:52:01.351 GMT] INFO SystemJobThread|1132214373|sfcc-cleanup-log-and-impex-files|CleanupExcessiveImpexFiles Using TouchOnArchive = 'true'
[2023-01-26 05:52:01.351 GMT] INFO SystemJobThread|1132214373|sfcc-cleanup-log-and-impex-files|CleanupExcessiveImpexFiles Using CompressOnArchive = 'false'
[2023-01-26 05:52:01.351 GMT] INFO SystemJobThread|1132214373|sfcc-cleanup-log-and-impex-files|CleanupExcessiveImpexFiles Using ExcludeFileNamePrefixesFromCompression = 'null'
[2023-01-26 05:52:01.352 GMT] INFO SystemJobThread|1132214373|sfcc-cleanup-log-and-impex-files|CleanupExcessiveImpexFiles OperationMode=Delete: Clean up files and subdirectories in directory '/Sites/Impex' to limit the number of direct children to 100000.
[2023-01-26 05:52:01.355 GMT] INFO SystemJobThread|1132214373|sfcc-cleanup-log-and-impex-files|CleanupExcessiveImpexFiles OperationMode=Delete: Cleaned up 0 files in directory '/Sites/Impex' and subdirectories.
[2023-01-26 05:52:01.378 GMT] INFO SystemJobThread|1132214373|sfcc-cleanup-log-and-impex-files|CleanupExcessiveImpexFiles Execution of step [CleanupExcessiveImpexFiles] finished with status [OK].
[2023-01-26 05:52:01.427 GMT] INFO SystemJobThread|1132214373|sfcc-cleanup-log-and-impex-files|DeleteImpexFilesFromTrash Executing step [DeleteImpexFilesFromTrash][2175621594] for [Organization]...
[2023-01-26 05:52:01.436 GMT] INFO SystemJobThread|1132214373|sfcc-cleanup-log-and-impex-files|DeleteImpexFilesFromTrash Using OperationMode = 'Delete'
[2023-01-26 05:52:01.436 GMT] INFO SystemJobThread|1132214373|sfcc-cleanup-log-and-impex-files|DeleteImpexFilesFromTrash Using Directory = '/Sites/Impex/_trash'
[2023-01-26 05:52:01.436 GMT] INFO SystemJobThread|1132214373|sfcc-cleanup-log-and-impex-files|DeleteImpexFilesFromTrash Using TravelMode = 'Direct Files And Sub Directories'
[2023-01-26 05:52:01.436 GMT] INFO SystemJobThread|1132214373|sfcc-cleanup-log-and-impex-files|DeleteImpexFilesFromTrash Using ExcludedSubDirectories = 'null'
[2023-01-26 05:52:01.436 GMT] INFO SystemJobThread|1132214373|sfcc-cleanup-log-and-impex-files|DeleteImpexFilesFromTrash Using ArchiveDirectory = 'null'
[2023-01-26 05:52:01.436 GMT] INFO SystemJobThread|1132214373|sfcc-cleanup-log-and-impex-files|DeleteImpexFilesFromTrash Using TouchOnArchive = 'false'
[2023-01-26 05:52:01.436 GMT] INFO SystemJobThread|1132214373|sfcc-cleanup-log-and-impex-files|DeleteImpexFilesFromTrash Using CompressOnArchive = 'false'
[2023-01-26 05:52:01.436 GMT] INFO SystemJobThread|1132214373|sfcc-cleanup-log-and-impex-files|DeleteImpexFilesFromTrash Using ExcludeFileNamePrefixesFromCompression = 'null'
[2023-01-26 05:52:01.458 GMT] INFO SystemJobThread|1132214373|sfcc-cleanup-log-and-impex-files|DeleteImpexFilesFromTrash Execution of step [DeleteImpexFilesFromTrash] finished with status [OK]: Directory Not Exists
[2023-01-26 05:52:01.523 GMT] INFO SystemJobThread|1132214373|sfcc-cleanup-log-and-impex-files|ArchiveOutdatedDirectLogFiles Executing step [ArchiveOutdatedDirectLogFiles][2175621595] for [Organization]...
[2023-01-26 05:52:01.535 GMT] INFO SystemJobThread|1132214373|sfcc-cleanup-log-and-impex-files|ArchiveOutdatedDirectLogFiles Using OperationMode = 'Archive'
[2023-01-26 05:52:01.535 GMT] INFO SystemJobThread|1132214373|sfcc-cleanup-log-and-impex-files|ArchiveOutdatedDirectLogFiles Using Directory = '/Sites/Logs'
[2023-01-26 05:52:01.535 GMT] INFO SystemJobThread|1132214373|sfcc-cleanup-log-and-impex-files|ArchiveOutdatedDirectLogFiles Using TravelMode = 'Direct Files Only'
[2023-01-26 05:52:01.535 GMT] INFO SystemJobThread|1132214373|sfcc-cleanup-log-and-impex-files|ArchiveOutdatedDirectLogFiles Using ExcludedSubDirectories = 'null'
[2023-01-26 05:52:01.535 GMT] INFO SystemJobThread|1132214373|sfcc-cleanup-log-and-impex-files|ArchiveOutdatedDirectLogFiles Using ArchiveDirectory = '/Sites/Logs/log_archive'
[2023-01-26 05:52:01.535 GMT] INFO SystemJobThread|1132214373|sfcc-cleanup-log-and-impex-files|ArchiveOutdatedDirectLogFiles Using TouchOnArchive = 'false'
[2023-01-26 05:52:01.535 GMT] INFO SystemJobThread|1132214373|sfcc-cleanup-log-and-impex-files|ArchiveOutdatedDirectLogFiles Using CompressOnArchive = 'true'
[2023-01-26 05:52:01.535 GMT] INFO SystemJobThread|1132214373|sfcc-cleanup-log-and-impex-files|ArchiveOutdatedDirectLogFiles Using ExcludeFileNamePrefixesFromCompression = 'custom,service'
[2023-01-26 05:52:01.536 GMT] INFO SystemJobThread|1132214373|sfcc-cleanup-log-and-impex-files|ArchiveOutdatedDirectLogFiles OperationMode=Archive: Clean up files in directory '/Sites/Logs' and subdirectories older than 3 days (last modified before 2023-01-23T05:52:01.536Z).
[2023-01-26 05:52:01.876 GMT] INFO SystemJobThread|1132214373|sfcc-cleanup-log-and-impex-files|ArchiveOutdatedDirectLogFiles OperationMode=Archive: Cleaned up 4 outdated files in directory '/Sites/Logs' and subdirectories, freeing up 8349584 bytes.
[2023-01-26 05:52:01.912 GMT] INFO SystemJobThread|1132214373|sfcc-cleanup-log-and-impex-files|ArchiveOutdatedDirectLogFiles Execution of step [ArchiveOutdatedDirectLogFiles] finished with status [OK].
[2023-01-26 05:52:01.983 GMT] INFO SystemJobThread|1132214373|sfcc-cleanup-log-and-impex-files|DeleteOutdatedLogFiles Executing step [DeleteOutdatedLogFiles][2175621596] for [Organization]...
[2023-01-26 05:52:01.996 GMT] INFO SystemJobThread|1132214373|sfcc-cleanup-log-and-impex-files|DeleteOutdatedLogFiles Using OperationMode = 'Delete'
[2023-01-26 05:52:01.996 GMT] INFO SystemJobThread|1132214373|sfcc-cleanup-log-and-impex-files|DeleteOutdatedLogFiles Using Directory = '/Sites/Logs'
[2023-01-26 05:52:01.996 GMT] INFO SystemJobThread|1132214373|sfcc-cleanup-log-and-impex-files|DeleteOutdatedLogFiles Using TravelMode = 'Direct Files And Sub Directories'
[2023-01-26 05:52:01.996 GMT] INFO SystemJobThread|1132214373|sfcc-cleanup-log-and-impex-files|DeleteOutdatedLogFiles Using ExcludedSubDirectories = 'null'
[2023-01-26 05:52:01.996 GMT] INFO SystemJobThread|1132214373|sfcc-cleanup-log-and-impex-files|DeleteOutdatedLogFiles Using ArchiveDirectory = 'null'
[2023-01-26 05:52:01.996 GMT] INFO SystemJobThread|1132214373|sfcc-cleanup-log-and-impex-files|DeleteOutdatedLogFiles Using TouchOnArchive = 'false'
[2023-01-26 05:52:01.996 GMT] INFO SystemJobThread|1132214373|sfcc-cleanup-log-and-impex-files|DeleteOutdatedLogFiles Using CompressOnArchive = 'false'
[2023-01-26 05:52:01.996 GMT] INFO SystemJobThread|1132214373|sfcc-cleanup-log-and-impex-files|DeleteOutdatedLogFiles Using ExcludeFileNamePrefixesFromCompression = 'null'
[2023-01-26 05:52:01.998 GMT] INFO SystemJobThread|1132214373|sfcc-cleanup-log-and-impex-files|DeleteOutdatedLogFiles OperationMode=Delete: Clean up files in directory '/Sites/Logs' and subdirectories older than 30 days (last modified before 2022-12-27T05:52:01.998Z).
[2023-01-26 05:52:02.325 GMT] INFO SystemJobThread|1132214373|sfcc-cleanup-log-and-impex-files|DeleteOutdatedLogFiles OperationMode=Delete: Cleaned up 17 outdated files in directory '/Sites/Logs' and subdirectories, freeing up 9683441 bytes.
[2023-01-26 05:52:02.355 GMT] INFO SystemJobThread|1132214373|sfcc-cleanup-log-and-impex-files|DeleteOutdatedLogFiles Execution of step [DeleteOutdatedLogFiles] finished with status [OK].
[2023-01-26 05:52:02.404 GMT] INFO SystemJobThread|1132214373|sfcc-cleanup-log-and-impex-files|DeleteExcessiveLogFiles Executing step [DeleteExcessiveLogFiles][2175621597] for [Organization]...
[2023-01-26 05:52:02.411 GMT] INFO SystemJobThread|1132214373|sfcc-cleanup-log-and-impex-files|DeleteExcessiveLogFiles Using OperationMode = 'Delete'
[2023-01-26 05:52:02.411 GMT] INFO SystemJobThread|1132214373|sfcc-cleanup-log-and-impex-files|DeleteExcessiveLogFiles Using Directory = '/Sites/Logs'
[2023-01-26 05:52:02.411 GMT] INFO SystemJobThread|1132214373|sfcc-cleanup-log-and-impex-files|DeleteExcessiveLogFiles Using TravelMode = 'Direct Files And Sub Directories'
[2023-01-26 05:52:02.411 GMT] INFO SystemJobThread|1132214373|sfcc-cleanup-log-and-impex-files|DeleteExcessiveLogFiles Using ExcludedSubDirectories = 'null'
[2023-01-26 05:52:02.411 GMT] INFO SystemJobThread|1132214373|sfcc-cleanup-log-and-impex-files|DeleteExcessiveLogFiles Using ArchiveDirectory = 'null'
[2023-01-26 05:52:02.411 GMT] INFO SystemJobThread|1132214373|sfcc-cleanup-log-and-impex-files|DeleteExcessiveLogFiles Using TouchOnArchive = 'false'
[2023-01-26 05:52:02.411 GMT] INFO SystemJobThread|1132214373|sfcc-cleanup-log-and-impex-files|DeleteExcessiveLogFiles Using CompressOnArchive = 'false'
[2023-01-26 05:52:02.411 GMT] INFO SystemJobThread|1132214373|sfcc-cleanup-log-and-impex-files|DeleteExcessiveLogFiles Using ExcludeFileNamePrefixesFromCompression = 'null'
[2023-01-26 05:52:02.412 GMT] INFO SystemJobThread|1132214373|sfcc-cleanup-log-and-impex-files|DeleteExcessiveLogFiles OperationMode=Delete: Clean up files and subdirectories in directory '/Sites/Logs' to limit the number of direct children to 100000.
[2023-01-26 05:52:02.474 GMT] INFO SystemJobThread|1132214373|sfcc-cleanup-log-and-impex-files|DeleteExcessiveLogFiles OperationMode=Delete: Cleaned up 0 files in directory '/Sites/Logs' and subdirectories.
[2023-01-26 05:52:02.513 GMT] INFO SystemJobThread|1132214373|sfcc-cleanup-log-and-impex-files|DeleteExcessiveLogFiles Execution of step [DeleteExcessiveLogFiles] finished with status [OK].
[2023-01-26 05:52:02.554 GMT] INFO SystemJobThread|1132214373|sfcc-cleanup-log-and-impex-files|DeleteOutdatedSecurityLogFiles Executing step [DeleteOutdatedSecurityLogFiles][2175621598] for [Organization]...
[2023-01-26 05:52:02.561 GMT] INFO SystemJobThread|1132214373|sfcc-cleanup-log-and-impex-files|DeleteOutdatedSecurityLogFiles Using OperationMode = 'Delete'
[2023-01-26 05:52:02.561 GMT] INFO SystemJobThread|1132214373|sfcc-cleanup-log-and-impex-files|DeleteOutdatedSecurityLogFiles Using Directory = '/Sites/Securitylogs'
[2023-01-26 05:52:02.561 GMT] INFO SystemJobThread|1132214373|sfcc-cleanup-log-and-impex-files|DeleteOutdatedSecurityLogFiles Using TravelMode = 'Direct Files And Sub Directories'
[2023-01-26 05:52:02.561 GMT] INFO SystemJobThread|1132214373|sfcc-cleanup-log-and-impex-files|DeleteOutdatedSecurityLogFiles Using ExcludedSubDirectories = 'null'
[2023-01-26 05:52:02.561 GMT] INFO SystemJobThread|1132214373|sfcc-cleanup-log-and-impex-files|DeleteOutdatedSecurityLogFiles Using ArchiveDirectory = 'null'
[2023-01-26 05:52:02.561 GMT] INFO SystemJobThread|1132214373|sfcc-cleanup-log-and-impex-files|DeleteOutdatedSecurityLogFiles Using TouchOnArchive = 'false'
[2023-01-26 05:52:02.561 GMT] INFO SystemJobThread|1132214373|sfcc-cleanup-log-and-impex-files|DeleteOutdatedSecurityLogFiles Using CompressOnArchive = 'false'
[2023-01-26 05:52:02.561 GMT] INFO SystemJobThread|1132214373|sfcc-cleanup-log-and-impex-files|DeleteOutdatedSecurityLogFiles Using ExcludeFileNamePrefixesFromCompression = 'null'
[2023-01-26 05:52:02.561 GMT] INFO SystemJobThread|1132214373|sfcc-cleanup-log-and-impex-files|DeleteOutdatedSecurityLogFiles OperationMode=Delete: Clean up files in directory '/Sites/Securitylogs' and subdirectories older than 90 days (last modified before 2022-10-28T05:52:02.561Z).
[2023-01-26 05:52:02.570 GMT] INFO SystemJobThread|1132214373|sfcc-cleanup-log-and-impex-files|DeleteOutdatedSecurityLogFiles OperationMode=Delete: Cleaned up 1 outdated files in directory '/Sites/Securitylogs' and subdirectories, freeing up 113 bytes.
[2023-01-26 05:52:02.593 GMT] INFO SystemJobThread|1132214373|sfcc-cleanup-log-and-impex-files|DeleteOutdatedSecurityLogFiles Execution of step [DeleteOutdatedSecurityLogFiles] finished with status [OK].
[2023-01-26 05:52:02.637 GMT] INFO SystemJobThread|1132214373|sfcc-cleanup-log-and-impex-files|DeleteExcessiveSecurityLogFiles Executing step [DeleteExcessiveSecurityLogFiles][2175621599] for [Organization]...
[2023-01-26 05:52:02.644 GMT] INFO SystemJobThread|1132214373|sfcc-cleanup-log-and-impex-files|DeleteExcessiveSecurityLogFiles Using OperationMode = 'Delete'
[2023-01-26 05:52:02.644 GMT] INFO SystemJobThread|1132214373|sfcc-cleanup-log-and-impex-files|DeleteExcessiveSecurityLogFiles Using Directory = '/Sites/Securitylogs'
[2023-01-26 05:52:02.644 GMT] INFO SystemJobThread|1132214373|sfcc-cleanup-log-and-impex-files|DeleteExcessiveSecurityLogFiles Using TravelMode = 'Direct Files And Sub Directories'
[2023-01-26 05:52:02.644 GMT] INFO SystemJobThread|1132214373|sfcc-cleanup-log-and-impex-files|DeleteExcessiveSecurityLogFiles Using ExcludedSubDirectories = 'null'
[2023-01-26 05:52:02.644 GMT] INFO SystemJobThread|1132214373|sfcc-cleanup-log-and-impex-files|DeleteExcessiveSecurityLogFiles Using ArchiveDirectory = 'null'
[2023-01-26 05:52:02.644 GMT] INFO SystemJobThread|1132214373|sfcc-cleanup-log-and-impex-files|DeleteExcessiveSecurityLogFiles Using TouchOnArchive = 'false'
[2023-01-26 05:52:02.644 GMT] INFO SystemJobThread|1132214373|sfcc-cleanup-log-and-impex-files|DeleteExcessiveSecurityLogFiles Using CompressOnArchive = 'false'
[2023-01-26 05:52:02.644 GMT] INFO SystemJobThread|1132214373|sfcc-cleanup-log-and-impex-files|DeleteExcessiveSecurityLogFiles Using ExcludeFileNamePrefixesFromCompression = 'null'
[2023-01-26 05:52:02.644 GMT] INFO SystemJobThread|1132214373|sfcc-cleanup-log-and-impex-files|DeleteExcessiveSecurityLogFiles OperationMode=Delete: Clean up files and subdirectories in directory '/Sites/Securitylogs' to limit the number of direct children to 100000.
[2023-01-26 05:52:02.647 GMT] INFO SystemJobThread|1132214373|sfcc-cleanup-log-and-impex-files|DeleteExcessiveSecurityLogFiles OperationMode=Delete: Cleaned up 0 files in directory '/Sites/Securitylogs' and subdirectories.
[2023-01-26 05:52:02.672 GMT] INFO SystemJobThread|1132214373|sfcc-cleanup-log-and-impex-files|DeleteExcessiveSecurityLogFiles Execution of step [DeleteExcessiveSecurityLogFiles] finished with status [OK].
[2023-01-26 05:52:02.718 GMT] INFO SystemJobThread|1132214373|sfcc-cleanup-log-and-impex-files|CleanupOutdatedTempFiles Executing step [CleanupOutdatedTempFiles][2175621600] for [Organization]...
[2023-01-26 05:52:02.725 GMT] INFO SystemJobThread|1132214373|sfcc-cleanup-log-and-impex-files|CleanupOutdatedTempFiles Using OperationMode = 'Delete'
[2023-01-26 05:52:02.725 GMT] INFO SystemJobThread|1132214373|sfcc-cleanup-log-and-impex-files|CleanupOutdatedTempFiles Using Directory = '/Sites/Temp'
[2023-01-26 05:52:02.725 GMT] INFO SystemJobThread|1132214373|sfcc-cleanup-log-and-impex-files|CleanupOutdatedTempFiles Using TravelMode = 'Direct Files And Sub Directories'
[2023-01-26 05:52:02.725 GMT] INFO SystemJobThread|1132214373|sfcc-cleanup-log-and-impex-files|CleanupOutdatedTempFiles Using ExcludedSubDirectories = 'null'
[2023-01-26 05:52:02.725 GMT] INFO SystemJobThread|1132214373|sfcc-cleanup-log-and-impex-files|CleanupOutdatedTempFiles Using ArchiveDirectory = '/Sites/Temp/_trash'
[2023-01-26 05:52:02.725 GMT] INFO SystemJobThread|1132214373|sfcc-cleanup-log-and-impex-files|CleanupOutdatedTempFiles Using TouchOnArchive = 'true'
[2023-01-26 05:52:02.725 GMT] INFO SystemJobThread|1132214373|sfcc-cleanup-log-and-impex-files|CleanupOutdatedTempFiles Using CompressOnArchive = 'false'
[2023-01-26 05:52:02.725 GMT] INFO SystemJobThread|1132214373|sfcc-cleanup-log-and-impex-files|CleanupOutdatedTempFiles Using ExcludeFileNamePrefixesFromCompression = 'null'
[2023-01-26 05:52:02.725 GMT] INFO SystemJobThread|1132214373|sfcc-cleanup-log-and-impex-files|CleanupOutdatedTempFiles OperationMode=Delete: Clean up files in directory '/Sites/Temp' and subdirectories older than 30 days (last modified before 2022-12-27T05:52:02.725Z).
[2023-01-26 05:52:02.726 GMT] INFO SystemJobThread|1132214373|sfcc-cleanup-log-and-impex-files|CleanupOutdatedTempFiles OperationMode=Delete: Cleaned up 0 outdated files in directory '/Sites/Temp' and subdirectories, freeing up 0 bytes.
[2023-01-26 05:52:02.748 GMT] INFO SystemJobThread|1132214373|sfcc-cleanup-log-and-impex-files|CleanupOutdatedTempFiles Execution of step [CleanupOutdatedTempFiles] finished with status [OK].
[2023-01-26 05:52:02.789 GMT] INFO SystemJobThread|1132214373|sfcc-cleanup-log-and-impex-files|CleanupExcessiveTempFiles Executing step [CleanupExcessiveTempFiles][2175621601] for [Organization]...
[2023-01-26 05:52:02.795 GMT] INFO SystemJobThread|1132214373|sfcc-cleanup-log-and-impex-files|CleanupExcessiveTempFiles Using OperationMode = 'Delete'
[2023-01-26 05:52:02.795 GMT] INFO SystemJobThread|1132214373|sfcc-cleanup-log-and-impex-files|CleanupExcessiveTempFiles Using Directory = '/Sites/Temp'
[2023-01-26 05:52:02.795 GMT] INFO SystemJobThread|1132214373|sfcc-cleanup-log-and-impex-files|CleanupExcessiveTempFiles Using TravelMode = 'Direct Files And Sub Directories'
[2023-01-26 05:52:02.795 GMT] INFO SystemJobThread|1132214373|sfcc-cleanup-log-and-impex-files|CleanupExcessiveTempFiles Using ExcludedSubDirectories = 'null'
[2023-01-26 05:52:02.795 GMT] INFO SystemJobThread|1132214373|sfcc-cleanup-log-and-impex-files|CleanupExcessiveTempFiles Using ArchiveDirectory = '/Sites/Temp/_trash'
[2023-01-26 05:52:02.795 GMT] INFO SystemJobThread|1132214373|sfcc-cleanup-log-and-impex-files|CleanupExcessiveTempFiles Using TouchOnArchive = 'true'
[2023-01-26 05:52:02.795 GMT] INFO SystemJobThread|1132214373|sfcc-cleanup-log-and-impex-files|CleanupExcessiveTempFiles Using CompressOnArchive = 'false'
[2023-01-26 05:52:02.795 GMT] INFO SystemJobThread|1132214373|sfcc-cleanup-log-and-impex-files|CleanupExcessiveTempFiles Using ExcludeFileNamePrefixesFromCompression = 'null'
[2023-01-26 05:52:02.795 GMT] INFO SystemJobThread|1132214373|sfcc-cleanup-log-and-impex-files|CleanupExcessiveTempFiles OperationMode=Delete: Clean up files and subdirectories in directory '/Sites/Temp' to limit the number of direct children to 100000.
[2023-01-26 05:52:02.795 GMT] INFO SystemJobThread|1132214373|sfcc-cleanup-log-and-impex-files|CleanupExcessiveTempFiles OperationMode=Delete: Cleaned up 0 files in directory '/Sites/Temp' and subdirectories.
[2023-01-26 05:52:02.819 GMT] INFO SystemJobThread|1132214373|sfcc-cleanup-log-and-impex-files|CleanupExcessiveTempFiles Execution of step [CleanupExcessiveTempFiles] finished with status [OK].
[2023-01-26 05:52:02.860 GMT] INFO SystemJobThread|1132214373|sfcc-cleanup-log-and-impex-files|DeleteTempFilesFromTrash Executing step [DeleteTempFilesFromTrash][2175621602] for [Organization]...
[2023-01-26 05:52:02.866 GMT] INFO SystemJobThread|1132214373|sfcc-cleanup-log-and-impex-files|DeleteTempFilesFromTrash Using OperationMode = 'Delete'
[2023-01-26 05:52:02.866 GMT] INFO SystemJobThread|1132214373|sfcc-cleanup-log-and-impex-files|DeleteTempFilesFromTrash Using Directory = '/Sites/Temp/_trash'
[2023-01-26 05:52:02.866 GMT] INFO SystemJobThread|1132214373|sfcc-cleanup-log-and-impex-files|DeleteTempFilesFromTrash Using TravelMode = 'Direct Files And Sub Directories'
[2023-01-26 05:52:02.866 GMT] INFO SystemJobThread|1132214373|sfcc-cleanup-log-and-impex-files|DeleteTempFilesFromTrash Using ExcludedSubDirectories = 'null'
[2023-01-26 05:52:02.866 GMT] INFO SystemJobThread|1132214373|sfcc-cleanup-log-and-impex-files|DeleteTempFilesFromTrash Using ArchiveDirectory = 'null'
[2023-01-26 05:52:02.866 GMT] INFO SystemJobThread|1132214373|sfcc-cleanup-log-and-impex-files|DeleteTempFilesFromTrash Using TouchOnArchive = 'false'
[2023-01-26 05:52:02.866 GMT] INFO SystemJobThread|1132214373|sfcc-cleanup-log-and-impex-files|DeleteTempFilesFromTrash Using CompressOnArchive = 'false'
[2023-01-26 05:52:02.866 GMT] INFO SystemJobThread|1132214373|sfcc-cleanup-log-and-impex-files|DeleteTempFilesFromTrash Using ExcludeFileNamePrefixesFromCompression = 'null'
[2023-01-26 05:52:02.889 GMT] INFO SystemJobThread|1132214373|sfcc-cleanup-log-and-impex-files|DeleteTempFilesFromTrash Execution of step [DeleteTempFilesFromTrash] finished with status [OK]: Directory Not Exists
[2023-01-26 05:52:02.934 GMT] INFO SystemJobThread|1132214373|sfcc-cleanup-log-and-impex-files Execution of job finished with status [OK].
