[2023-01-04 06:26:04.205 GMT] [DW-SEC] : User: <system> (Sites-Site), IP: no-ip [REENCRYPT] : Starting to reencrypt encrypted objects in All reencryption mode ...
[2023-01-04 06:26:04.242 GMT] [DW-SEC] : User: <system> (Sites-Site), IP: no-ip [REENCRYPT] : [EncryptedPaymentInstrumentDAOImpl]  Running in 'batched' mode, batches to process: 0
[2023-01-04 06:26:04.256 GMT] [DW-SEC] : User: <system> (Sites-Site), IP: no-ip [REENCRYPT] : [EncryptedPaymentInstrumentDAOImpl]  Object re-encryption run stats: total entities: 0, successful: 0, failed: 0
[2023-01-04 06:26:04.256 GMT] [DW-SEC] : User: <system> (Sites-Site), IP: no-ip [REENCRYPT] : [EncryptedPaymentInstrumentDAOImpl] Closed pageable correctly
[2023-01-04 06:26:04.265 GMT] [DW-SEC] : User: <system> (Sites-Site), IP: no-ip [REENCRYPT] : [CustomerProfileEncryptionHandler]  Running in 'batched' mode, batches to process: 0
[2023-01-04 06:26:04.273 GMT] [DW-SEC] : User: <system> (Sites-Site), IP: no-ip [REENCRYPT] : [CustomerProfileEncryptionHandler]  Object re-encryption run stats: total entities: 0, successful: 0, failed: 0
[2023-01-04 06:26:04.273 GMT] [DW-SEC] : User: <system> (Sites-Site), IP: no-ip [REENCRYPT] : [CustomerProfileEncryptionHandler] Closed pageable correctly
[2023-01-04 06:26:04.282 GMT] [DW-SEC] : User: <system> (Sites-Site), IP: no-ip [REENCRYPT] : [ServiceCredentialEncryptionHandler]  Running in 'batched' mode, batches to process: 0
[2023-01-04 06:26:04.289 GMT] [DW-SEC] : User: <system> (Sites-Site), IP: no-ip [REENCRYPT] : [ServiceCredentialEncryptionHandler]  Object re-encryption run stats: total entities: 0, successful: 0, failed: 0
[2023-01-04 06:26:04.290 GMT] [DW-SEC] : User: <system> (Sites-Site), IP: no-ip [REENCRYPT] : [ServiceCredentialEncryptionHandler] Closed pageable correctly
[2023-01-04 06:26:04.290 GMT] [DW-SEC] : User: <system> (Sites-Site), IP: no-ip [REENCRYPT] : ...ending re-encryption.
[2023-01-04 06:26:04.795 GMT] [DW-SEC] : User: <system> (Sites-Site), IP: no-ip [KEYSTATUS] : Removed encryption keys: none
[2023-01-04 06:26:04.795 GMT] [DW-SEC] : User: <system> (Sites-Site), IP: no-ip [KEYSTATUS] : Kept encryption keys: 33812(aes-256-1960137147)
[2023-01-04 06:26:04.935 GMT] [DW-SEC] : User: <system> (Sites-Site), IP: no-ip [ENCSTATUS] : encryption key statistics:
	key nr. 33812,	created at Sat Oct 29 05:26:02 GMT 2022,	used by 0 objects

[2023-01-04 07:44:22.884 GMT] Pipeline 'Default-Start' has been called without a logged in user.
[2023-01-04 07:44:53.561 GMT] Pipeline 'Default-Start' has been called without a logged in user.
[2023-01-04 07:45:03.744 GMT] Pipeline 'Default-Start' has been called without a logged in user.
[2023-01-04 07:45:55.430 GMT] user 'shivangisrivastava@cedcommerce.com' in org. 'Sites' is unassigned role 'Administrator' by user 'system'. (role 'Administrator' unassigned)
[2023-01-04 07:45:55.440 GMT] user 'shivangisrivastava@cedcommerce.com' in org. 'Sites' is assigned role 'Administrator' by user 'system'. (role 'Administrator' assigned)
[2023-01-04 07:45:55.442 GMT] [DW-SEC] : User: 'shivangisrivastava@cedcommerce.com' (Sites), IP: 103.97.184.122 [LOGIN] : logged in with truncated dwsid=[w14c-O1ue8]
[2023-01-04 07:45:55.445 GMT] Login for user (login: 'shivangisrivastava@cedcommerce.com') succeeded.
[2023-01-04 10:19:48.366 GMT] Pipeline 'ViewApplication-CompressMenuGroup' has been called without a logged in user.
