[2023-01-03 06:26:03.138 GMT] [DW-SEC] : User: <system> (Sites-Site), IP: no-ip [REENCRYPT] : Starting to reencrypt encrypted objects in All reencryption mode ...
[2023-01-03 06:26:03.175 GMT] [DW-SEC] : User: <system> (Sites-Site), IP: no-ip [REENCRYPT] : [EncryptedPaymentInstrumentDAOImpl]  Running in 'batched' mode, batches to process: 0
[2023-01-03 06:26:03.184 GMT] [DW-SEC] : User: <system> (Sites-Site), IP: no-ip [REENCRYPT] : [EncryptedPaymentInstrumentDAOImpl]  Object re-encryption run stats: total entities: 0, successful: 0, failed: 0
[2023-01-03 06:26:03.184 GMT] [DW-SEC] : User: <system> (Sites-Site), IP: no-ip [REENCRYPT] : [EncryptedPaymentInstrumentDAOImpl] Closed pageable correctly
[2023-01-03 06:26:03.197 GMT] [DW-SEC] : User: <system> (Sites-Site), IP: no-ip [REENCRYPT] : [CustomerProfileEncryptionHandler]  Running in 'batched' mode, batches to process: 0
[2023-01-03 06:26:03.206 GMT] [DW-SEC] : User: <system> (Sites-Site), IP: no-ip [REENCRYPT] : [CustomerProfileEncryptionHandler]  Object re-encryption run stats: total entities: 0, successful: 0, failed: 0
[2023-01-03 06:26:03.206 GMT] [DW-SEC] : User: <system> (Sites-Site), IP: no-ip [REENCRYPT] : [CustomerProfileEncryptionHandler] Closed pageable correctly
[2023-01-03 06:26:03.215 GMT] [DW-SEC] : User: <system> (Sites-Site), IP: no-ip [REENCRYPT] : [ServiceCredentialEncryptionHandler]  Running in 'batched' mode, batches to process: 0
[2023-01-03 06:26:03.222 GMT] [DW-SEC] : User: <system> (Sites-Site), IP: no-ip [REENCRYPT] : [ServiceCredentialEncryptionHandler]  Object re-encryption run stats: total entities: 0, successful: 0, failed: 0
[2023-01-03 06:26:03.222 GMT] [DW-SEC] : User: <system> (Sites-Site), IP: no-ip [REENCRYPT] : [ServiceCredentialEncryptionHandler] Closed pageable correctly
[2023-01-03 06:26:03.222 GMT] [DW-SEC] : User: <system> (Sites-Site), IP: no-ip [REENCRYPT] : ...ending re-encryption.
[2023-01-03 06:26:03.684 GMT] [DW-SEC] : User: <system> (Sites-Site), IP: no-ip [KEYSTATUS] : Removed encryption keys: none
[2023-01-03 06:26:03.684 GMT] [DW-SEC] : User: <system> (Sites-Site), IP: no-ip [KEYSTATUS] : Kept encryption keys: 33812(aes-256-1960137147)
[2023-01-03 06:26:03.840 GMT] [DW-SEC] : User: <system> (Sites-Site), IP: no-ip [ENCSTATUS] : encryption key statistics:
	key nr. 33812,	created at Sat Oct 29 05:26:02 GMT 2022,	used by 0 objects

[2023-01-03 06:31:29.166 GMT] Pipeline 'Default-Start' has been called without a logged in user.
[2023-01-03 06:35:02.666 GMT] Pipeline 'ViewApplication-DisplayWelcomePage' has been called without a logged in user.
[2023-01-03 06:35:39.870 GMT] user 'shivangisrivastava@cedcommerce.com' in org. 'Sites' is unassigned role 'Administrator' by user 'system'. (role 'Administrator' unassigned)
[2023-01-03 06:35:39.887 GMT] user 'shivangisrivastava@cedcommerce.com' in org. 'Sites' is assigned role 'Administrator' by user 'system'. (role 'Administrator' assigned)
[2023-01-03 06:35:39.896 GMT] [DW-SEC] : User: 'shivangisrivastava@cedcommerce.com' (Sites), IP: 103.97.184.122 [LOGIN] : logged in with truncated dwsid=[IoALebH4U1]
[2023-01-03 06:35:39.911 GMT] Login for user (login: 'shivangisrivastava@cedcommerce.com') succeeded.
[2023-01-03 06:36:23.953 GMT] Pipeline 'Default-Start' has been called without a logged in user.
[2023-01-03 06:39:43.779 GMT] Pipeline 'Default-Start' has been called without a logged in user.
[2023-01-03 06:40:29.701 GMT] user 'shubhanginigam@cedcommerce.com' in org. 'Sites' is unassigned role 'Administrator' by user 'system'. (role 'Administrator' unassigned)
[2023-01-03 06:40:29.702 GMT] user 'shubhanginigam@cedcommerce.com' in org. 'Sites' is assigned role 'Administrator' by user 'system'. (role 'Administrator' assigned)
[2023-01-03 06:40:29.709 GMT] [DW-SEC] : User: 'shubhanginigam@cedcommerce.com' (Sites), IP: 103.28.159.18 [LOGIN] : logged in with truncated dwsid=[nL_onUEHV9]
[2023-01-03 06:40:29.710 GMT] Login for user (login: 'shubhanginigam@cedcommerce.com') succeeded.
[2023-01-03 07:59:32.679 GMT] Pipeline 'ViewProduct_52-Edit' has been called without a logged in user.
