[2023-01-05 06:26:03.238 GMT] [DW-SEC] : User: <system> (Sites-Site), IP: no-ip [REENCRYPT] : Starting to reencrypt encrypted objects in All reencryption mode ...
[2023-01-05 06:26:03.377 GMT] [DW-SEC] : User: <system> (Sites-Site), IP: no-ip [REENCRYPT] : [EncryptedPaymentInstrumentDAOImpl]  Running in 'batched' mode, batches to process: 0
[2023-01-05 06:26:03.385 GMT] [DW-SEC] : User: <system> (Sites-Site), IP: no-ip [REENCRYPT] : [EncryptedPaymentInstrumentDAOImpl]  Object re-encryption run stats: total entities: 0, successful: 0, failed: 0
[2023-01-05 06:26:03.385 GMT] [DW-SEC] : User: <system> (Sites-Site), IP: no-ip [REENCRYPT] : [EncryptedPaymentInstrumentDAOImpl] Closed pageable correctly
[2023-01-05 06:26:03.394 GMT] [DW-SEC] : User: <system> (Sites-Site), IP: no-ip [REENCRYPT] : [CustomerProfileEncryptionHandler]  Running in 'batched' mode, batches to process: 0
[2023-01-05 06:26:03.401 GMT] [DW-SEC] : User: <system> (Sites-Site), IP: no-ip [REENCRYPT] : [CustomerProfileEncryptionHandler]  Object re-encryption run stats: total entities: 0, successful: 0, failed: 0
[2023-01-05 06:26:03.401 GMT] [DW-SEC] : User: <system> (Sites-Site), IP: no-ip [REENCRYPT] : [CustomerProfileEncryptionHandler] Closed pageable correctly
[2023-01-05 06:26:03.411 GMT] [DW-SEC] : User: <system> (Sites-Site), IP: no-ip [REENCRYPT] : [ServiceCredentialEncryptionHandler]  Running in 'batched' mode, batches to process: 0
[2023-01-05 06:26:03.418 GMT] [DW-SEC] : User: <system> (Sites-Site), IP: no-ip [REENCRYPT] : [ServiceCredentialEncryptionHandler]  Object re-encryption run stats: total entities: 0, successful: 0, failed: 0
[2023-01-05 06:26:03.418 GMT] [DW-SEC] : User: <system> (Sites-Site), IP: no-ip [REENCRYPT] : [ServiceCredentialEncryptionHandler] Closed pageable correctly
[2023-01-05 06:26:03.418 GMT] [DW-SEC] : User: <system> (Sites-Site), IP: no-ip [REENCRYPT] : ...ending re-encryption.
[2023-01-05 06:26:03.894 GMT] [DW-SEC] : User: <system> (Sites-Site), IP: no-ip [KEYSTATUS] : Removed encryption keys: none
[2023-01-05 06:26:03.894 GMT] [DW-SEC] : User: <system> (Sites-Site), IP: no-ip [KEYSTATUS] : Kept encryption keys: 33812(aes-256-1960137147)
[2023-01-05 06:26:04.054 GMT] [DW-SEC] : User: <system> (Sites-Site), IP: no-ip [ENCSTATUS] : encryption key statistics:
	key nr. 33812,	created at Sat Oct 29 05:26:02 GMT 2022,	used by 0 objects

[2023-01-05 10:38:43.529 GMT] user 'shivangisrivastava@cedcommerce.com' in org. 'Sites' is unassigned role 'Administrator' by user 'system'. (role 'Administrator' unassigned)
[2023-01-05 10:38:43.539 GMT] user 'shivangisrivastava@cedcommerce.com' in org. 'Sites' is assigned role 'Administrator' by user 'system'. (role 'Administrator' assigned)
[2023-01-05 10:38:43.540 GMT] [DW-SEC] : User: 'shivangisrivastava@cedcommerce.com' (Sites), IP: 103.97.184.122 [LOGIN] : logged in with truncated dwsid=[Fv_YdAbwmG]
[2023-01-05 10:38:43.544 GMT] Login for user (login: 'shivangisrivastava@cedcommerce.com') succeeded.
[2023-01-05 10:38:52.068 GMT] Pipeline CSRF Token not valid[no token]: ViewAccount-Show, token: CSRF Token doesn't exist :: Origin: Not Provided Referrer: https://zycl-001.dx.commercecloud.salesforce.com/on/demandware.store/Sites-Site/default/ViewApplication-DisplayWelcomePage?SelectedSiteID=6f59ee4eab5e7839c20ee46231 :: UserAgent: Mozilla/5.0 (X11; Linux x86_64) 
[2023-01-05 10:39:25.784 GMT] [DW-SEC] : User: 'shivangisrivastava@cedcommerce.com' (Sites-Site), IP: 103.97.184.122 [ACCESSKEY_CREATED] : Access key for user 'shivangisrivastava@cedcommerce.com' for authentication scope 'AGENT_USER_AND_OCAPI' created.
[2023-01-05 10:39:29.234 GMT] Pipeline CSRF Token not valid[no token]: ViewAccessKeys-Download, token: CSRF Token doesn't exist :: Origin: Not Provided Referrer: https://zycl-001.dx.commercecloud.salesforce.com/on/demandware.store/Sites-Site/default/ViewAccessKeys-List?csrf_token=8jy3...Bh8J= :: UserAgent: Mozilla/5.0 (X11; Linux x86_64) 
[2023-01-05 10:39:34.881 GMT] Pipeline CSRF Token not valid[no token]: ViewAccessKeys-List, token: CSRF Token doesn't exist :: Origin: Not Provided Referrer: https://zycl-001.dx.commercecloud.salesforce.com/on/demandware.store/Sites-Site/default/ViewAccessKeys-List?csrf_token=8jy3...Bh8J= :: UserAgent: Mozilla/5.0 (X11; Linux x86_64) 
