[2023-01-10 08:07:01.634 GMT] WARN PipelineCallServlet|1555988766|Sites-RefArch-Site|Page-Include|PipelineCall|8FrTmLbqXf custom []  Content asset with ID cookie_hint is offline
[2023-01-10 08:08:01.324 GMT] WARN PipelineCallServlet|1555988766|Sites-Mailchimp-Site|Page-Include|PipelineCall|8FrTmLbqXf custom []  Content asset with ID footer-locate-store was included but not found
[2023-01-10 08:08:01.335 GMT] WARN PipelineCallServlet|674227625|Sites-Mailchimp-Site|Page-Include|PipelineCall|8FrTmLbqXf custom []  Content asset with ID footer-account was included but not found
[2023-01-10 08:08:01.342 GMT] WARN PipelineCallServlet|2070926798|Sites-Mailchimp-Site|Page-Include|PipelineCall|8FrTmLbqXf custom []  Content asset with ID footer-support was included but not found
[2023-01-10 08:08:01.348 GMT] WARN PipelineCallServlet|1117646354|Sites-Mailchimp-Site|Page-Include|PipelineCall|8FrTmLbqXf custom []  Content asset with ID footer-about was included but not found
[2023-01-10 08:08:01.359 GMT] WARN PipelineCallServlet|538739595|Sites-Mailchimp-Site|Page-Include|PipelineCall|8FrTmLbqXf custom []  Content asset with ID footer-copy was included but not found
[2023-01-10 08:08:01.365 GMT] WARN PipelineCallServlet|657231921|Sites-Mailchimp-Site|Page-Include|PipelineCall|8FrTmLbqXf custom []  Content asset with ID cookie_hint was included but not found
[2023-01-10 09:06:08.043 GMT] WARN PipelineCallServlet|1016349854|Sites-Mailchimp-Site|Page-Include|PipelineCall|8FrTmLbqXf custom []  Content asset with ID footer-locate-store was included but not found
[2023-01-10 09:06:08.051 GMT] WARN PipelineCallServlet|383154887|Sites-Mailchimp-Site|Page-Include|PipelineCall|8FrTmLbqXf custom []  Content asset with ID footer-account was included but not found
[2023-01-10 09:06:08.056 GMT] WARN PipelineCallServlet|1117646354|Sites-Mailchimp-Site|Page-Include|PipelineCall|8FrTmLbqXf custom []  Content asset with ID footer-support was included but not found
[2023-01-10 09:06:08.061 GMT] WARN PipelineCallServlet|746910038|Sites-Mailchimp-Site|Page-Include|PipelineCall|8FrTmLbqXf custom []  Content asset with ID footer-about was included but not found
[2023-01-10 09:06:08.070 GMT] WARN PipelineCallServlet|538739595|Sites-Mailchimp-Site|Page-Include|PipelineCall|8FrTmLbqXf custom []  Content asset with ID footer-copy was included but not found
[2023-01-10 09:06:08.075 GMT] WARN PipelineCallServlet|1555988766|Sites-Mailchimp-Site|Page-Include|PipelineCall|8FrTmLbqXf custom []  Content asset with ID cookie_hint was included but not found
[2023-01-10 09:12:32.478 GMT] WARN PipelineCallServlet|657231921|Sites-Mailchimp-Site|Page-Include|PipelineCall|8FrTmLbqXf custom []  Content asset with ID footer-locate-store was included but not found
[2023-01-10 09:12:32.486 GMT] WARN PipelineCallServlet|1016349854|Sites-Mailchimp-Site|Page-Include|PipelineCall|8FrTmLbqXf custom []  Content asset with ID footer-account was included but not found
[2023-01-10 09:12:32.492 GMT] WARN PipelineCallServlet|1927841104|Sites-Mailchimp-Site|Page-Include|PipelineCall|8FrTmLbqXf custom []  Content asset with ID footer-support was included but not found
[2023-01-10 09:12:32.499 GMT] WARN PipelineCallServlet|383154887|Sites-Mailchimp-Site|Page-Include|PipelineCall|8FrTmLbqXf custom []  Content asset with ID footer-about was included but not found
[2023-01-10 09:12:32.551 GMT] WARN PipelineCallServlet|1555988766|Sites-Mailchimp-Site|Page-Include|PipelineCall|8FrTmLbqXf custom []  Content asset with ID footer-copy was included but not found
[2023-01-10 09:12:32.557 GMT] WARN PipelineCallServlet|1117646354|Sites-Mailchimp-Site|Page-Include|PipelineCall|8FrTmLbqXf custom []  Content asset with ID cookie_hint was included but not found
[2023-01-10 09:12:38.672 GMT] WARN PipelineCallServlet|83063889|Sites-Mailchimp-Site|Page-Include|PipelineCall|8FrTmLbqXf custom []  Content asset with ID footer-locate-store was included but not found
[2023-01-10 09:12:38.676 GMT] WARN PipelineCallServlet|674227625|Sites-Mailchimp-Site|Page-Include|PipelineCall|8FrTmLbqXf custom []  Content asset with ID footer-account was included but not found
[2023-01-10 09:12:38.680 GMT] WARN PipelineCallServlet|2070926798|Sites-Mailchimp-Site|Page-Include|PipelineCall|8FrTmLbqXf custom []  Content asset with ID footer-support was included but not found
[2023-01-10 09:12:38.685 GMT] WARN PipelineCallServlet|1117646354|Sites-Mailchimp-Site|Page-Include|PipelineCall|8FrTmLbqXf custom []  Content asset with ID footer-about was included but not found
[2023-01-10 09:12:38.691 GMT] WARN PipelineCallServlet|746910038|Sites-Mailchimp-Site|Page-Include|PipelineCall|8FrTmLbqXf custom []  Content asset with ID footer-copy was included but not found
[2023-01-10 09:12:38.695 GMT] WARN PipelineCallServlet|383154887|Sites-Mailchimp-Site|Page-Include|PipelineCall|8FrTmLbqXf custom []  Content asset with ID cookie_hint was included but not found
[2023-01-10 09:13:14.235 GMT] WARN PipelineCallServlet|1117646354|Sites-Mailchimp-Site|Page-Include|PipelineCall|8FrTmLbqXf custom []  Content asset with ID footer-locate-store was included but not found
[2023-01-10 09:13:14.240 GMT] WARN PipelineCallServlet|1555988766|Sites-Mailchimp-Site|Page-Include|PipelineCall|8FrTmLbqXf custom []  Content asset with ID footer-account was included but not found
[2023-01-10 09:13:14.244 GMT] WARN PipelineCallServlet|1927841104|Sites-Mailchimp-Site|Page-Include|PipelineCall|8FrTmLbqXf custom []  Content asset with ID footer-support was included but not found
[2023-01-10 09:13:14.248 GMT] WARN PipelineCallServlet|383154887|Sites-Mailchimp-Site|Page-Include|PipelineCall|8FrTmLbqXf custom []  Content asset with ID footer-about was included but not found
[2023-01-10 09:13:14.254 GMT] WARN PipelineCallServlet|538739595|Sites-Mailchimp-Site|Page-Include|PipelineCall|8FrTmLbqXf custom []  Content asset with ID footer-copy was included but not found
[2023-01-10 09:13:14.258 GMT] WARN PipelineCallServlet|1016349854|Sites-Mailchimp-Site|Page-Include|PipelineCall|8FrTmLbqXf custom []  Content asset with ID cookie_hint was included but not found
[2023-01-10 09:13:27.560 GMT] WARN PipelineCallServlet|674227625|Sites-Mailchimp-Site|Page-Include|PipelineCall|8FrTmLbqXf custom []  Content asset with ID footer-locate-store was included but not found
[2023-01-10 09:13:27.564 GMT] WARN PipelineCallServlet|1927841104|Sites-Mailchimp-Site|Page-Include|PipelineCall|8FrTmLbqXf custom []  Content asset with ID footer-account was included but not found
[2023-01-10 09:13:27.569 GMT] WARN PipelineCallServlet|1117646354|Sites-Mailchimp-Site|Page-Include|PipelineCall|8FrTmLbqXf custom []  Content asset with ID footer-support was included but not found
[2023-01-10 09:13:27.572 GMT] WARN PipelineCallServlet|657231921|Sites-Mailchimp-Site|Page-Include|PipelineCall|8FrTmLbqXf custom []  Content asset with ID footer-about was included but not found
[2023-01-10 09:13:27.579 GMT] WARN PipelineCallServlet|746910038|Sites-Mailchimp-Site|Page-Include|PipelineCall|8FrTmLbqXf custom []  Content asset with ID footer-copy was included but not found
[2023-01-10 09:13:27.582 GMT] WARN PipelineCallServlet|1555988766|Sites-Mailchimp-Site|Page-Include|PipelineCall|8FrTmLbqXf custom []  Content asset with ID cookie_hint was included but not found
[2023-01-10 09:13:30.590 GMT] WARN PipelineCallServlet|657231921|Sites-Mailchimp-Site|Page-Include|PipelineCall|8FrTmLbqXf custom []  Content asset with ID footer-locate-store was included but not found
[2023-01-10 09:13:30.593 GMT] WARN PipelineCallServlet|83063889|Sites-Mailchimp-Site|Page-Include|PipelineCall|8FrTmLbqXf custom []  Content asset with ID footer-account was included but not found
[2023-01-10 09:13:30.597 GMT] WARN PipelineCallServlet|1117646354|Sites-Mailchimp-Site|Page-Include|PipelineCall|8FrTmLbqXf custom []  Content asset with ID footer-support was included but not found
[2023-01-10 09:13:30.601 GMT] WARN PipelineCallServlet|746910038|Sites-Mailchimp-Site|Page-Include|PipelineCall|8FrTmLbqXf custom []  Content asset with ID footer-about was included but not found
[2023-01-10 09:13:30.607 GMT] WARN PipelineCallServlet|1555988766|Sites-Mailchimp-Site|Page-Include|PipelineCall|8FrTmLbqXf custom []  Content asset with ID footer-copy was included but not found
[2023-01-10 09:13:30.611 GMT] WARN PipelineCallServlet|538739595|Sites-Mailchimp-Site|Page-Include|PipelineCall|8FrTmLbqXf custom []  Content asset with ID cookie_hint was included but not found
[2023-01-10 09:13:33.934 GMT] WARN PipelineCallServlet|674227625|Sites-Mailchimp-Site|Page-Include|PipelineCall|8FrTmLbqXf custom []  Content asset with ID footer-locate-store was included but not found
[2023-01-10 09:13:33.939 GMT] WARN PipelineCallServlet|1117646354|Sites-Mailchimp-Site|Page-Include|PipelineCall|8FrTmLbqXf custom []  Content asset with ID footer-account was included but not found
[2023-01-10 09:13:33.943 GMT] WARN PipelineCallServlet|538739595|Sites-Mailchimp-Site|Page-Include|PipelineCall|8FrTmLbqXf custom []  Content asset with ID footer-support was included but not found
[2023-01-10 09:13:33.947 GMT] WARN PipelineCallServlet|1927841104|Sites-Mailchimp-Site|Page-Include|PipelineCall|8FrTmLbqXf custom []  Content asset with ID footer-about was included but not found
[2023-01-10 09:13:33.955 GMT] WARN PipelineCallServlet|83063889|Sites-Mailchimp-Site|Page-Include|PipelineCall|8FrTmLbqXf custom []  Content asset with ID footer-copy was included but not found
[2023-01-10 09:13:33.960 GMT] WARN PipelineCallServlet|657231921|Sites-Mailchimp-Site|Page-Include|PipelineCall|8FrTmLbqXf custom []  Content asset with ID cookie_hint was included but not found
[2023-01-10 09:14:28.589 GMT] WARN PipelineCallServlet|383154887|Sites-Mailchimp-Site|Page-Include|PipelineCall|8FrTmLbqXf custom []  Content asset with ID footer-locate-store was included but not found
[2023-01-10 09:14:28.594 GMT] WARN PipelineCallServlet|657231921|Sites-Mailchimp-Site|Page-Include|PipelineCall|8FrTmLbqXf custom []  Content asset with ID footer-account was included but not found
[2023-01-10 09:14:28.599 GMT] WARN PipelineCallServlet|83063889|Sites-Mailchimp-Site|Page-Include|PipelineCall|8FrTmLbqXf custom []  Content asset with ID footer-support was included but not found
[2023-01-10 09:14:28.603 GMT] WARN PipelineCallServlet|2070926798|Sites-Mailchimp-Site|Page-Include|PipelineCall|8FrTmLbqXf custom []  Content asset with ID footer-about was included but not found
[2023-01-10 09:14:28.611 GMT] WARN PipelineCallServlet|538739595|Sites-Mailchimp-Site|Page-Include|PipelineCall|8FrTmLbqXf custom []  Content asset with ID footer-copy was included but not found
[2023-01-10 09:14:28.615 GMT] WARN PipelineCallServlet|1117646354|Sites-Mailchimp-Site|Page-Include|PipelineCall|8FrTmLbqXf custom []  Content asset with ID cookie_hint was included but not found
[2023-01-10 09:16:21.985 GMT] WARN PipelineCallServlet|538739595|Sites-Mailchimp-Site|Page-Include|PipelineCall|8FrTmLbqXf custom []  Content asset with ID footer-locate-store was included but not found
[2023-01-10 09:16:21.991 GMT] WARN PipelineCallServlet|383154887|Sites-Mailchimp-Site|Page-Include|PipelineCall|8FrTmLbqXf custom []  Content asset with ID footer-account was included but not found
[2023-01-10 09:16:21.996 GMT] WARN PipelineCallServlet|1016349854|Sites-Mailchimp-Site|Page-Include|PipelineCall|8FrTmLbqXf custom []  Content asset with ID footer-support was included but not found
[2023-01-10 09:16:22.001 GMT] WARN PipelineCallServlet|746910038|Sites-Mailchimp-Site|Page-Include|PipelineCall|8FrTmLbqXf custom []  Content asset with ID footer-about was included but not found
[2023-01-10 09:16:22.009 GMT] WARN PipelineCallServlet|657231921|Sites-Mailchimp-Site|Page-Include|PipelineCall|8FrTmLbqXf custom []  Content asset with ID footer-copy was included but not found
[2023-01-10 09:16:22.014 GMT] WARN PipelineCallServlet|1117646354|Sites-Mailchimp-Site|Page-Include|PipelineCall|8FrTmLbqXf custom []  Content asset with ID cookie_hint was included but not found
[2023-01-10 09:16:26.700 GMT] WARN PipelineCallServlet|1016349854|Sites-Mailchimp-Site|Page-Include|PipelineCall|8FrTmLbqXf custom []  Content asset with ID footer-locate-store was included but not found
[2023-01-10 09:16:26.705 GMT] WARN PipelineCallServlet|1927841104|Sites-Mailchimp-Site|Page-Include|PipelineCall|8FrTmLbqXf custom []  Content asset with ID footer-account was included but not found
[2023-01-10 09:16:26.709 GMT] WARN PipelineCallServlet|83063889|Sites-Mailchimp-Site|Page-Include|PipelineCall|8FrTmLbqXf custom []  Content asset with ID footer-support was included but not found
[2023-01-10 09:16:26.714 GMT] WARN PipelineCallServlet|657231921|Sites-Mailchimp-Site|Page-Include|PipelineCall|8FrTmLbqXf custom []  Content asset with ID footer-about was included but not found
[2023-01-10 09:16:26.721 GMT] WARN PipelineCallServlet|1117646354|Sites-Mailchimp-Site|Page-Include|PipelineCall|8FrTmLbqXf custom []  Content asset with ID footer-copy was included but not found
[2023-01-10 09:16:26.725 GMT] WARN PipelineCallServlet|674227625|Sites-Mailchimp-Site|Page-Include|PipelineCall|8FrTmLbqXf custom []  Content asset with ID cookie_hint was included but not found
[2023-01-10 09:16:30.043 GMT] WARN PipelineCallServlet|538739595|Sites-Mailchimp-Site|Page-Include|PipelineCall|8FrTmLbqXf custom []  Content asset with ID footer-locate-store was included but not found
[2023-01-10 09:16:30.048 GMT] WARN PipelineCallServlet|1927841104|Sites-Mailchimp-Site|Page-Include|PipelineCall|8FrTmLbqXf custom []  Content asset with ID footer-account was included but not found
[2023-01-10 09:16:30.053 GMT] WARN PipelineCallServlet|83063889|Sites-Mailchimp-Site|Page-Include|PipelineCall|8FrTmLbqXf custom []  Content asset with ID footer-support was included but not found
[2023-01-10 09:16:30.058 GMT] WARN PipelineCallServlet|383154887|Sites-Mailchimp-Site|Page-Include|PipelineCall|8FrTmLbqXf custom []  Content asset with ID footer-about was included but not found
[2023-01-10 09:16:30.065 GMT] WARN PipelineCallServlet|746910038|Sites-Mailchimp-Site|Page-Include|PipelineCall|8FrTmLbqXf custom []  Content asset with ID footer-copy was included but not found
[2023-01-10 09:16:30.070 GMT] WARN PipelineCallServlet|1016349854|Sites-Mailchimp-Site|Page-Include|PipelineCall|8FrTmLbqXf custom []  Content asset with ID cookie_hint was included but not found
[2023-01-10 09:16:49.738 GMT] WARN PipelineCallServlet|538739595|Sites-Mailchimp-Site|Page-Include|PipelineCall|Ml7BXNCGNR custom []  Content asset with ID footer-locate-store was included but not found
[2023-01-10 09:16:49.742 GMT] WARN PipelineCallServlet|383154887|Sites-Mailchimp-Site|Page-Include|PipelineCall|Ml7BXNCGNR custom []  Content asset with ID footer-account was included but not found
[2023-01-10 09:16:49.746 GMT] WARN PipelineCallServlet|1016349854|Sites-Mailchimp-Site|Page-Include|PipelineCall|Ml7BXNCGNR custom []  Content asset with ID footer-support was included but not found
[2023-01-10 09:16:49.750 GMT] WARN PipelineCallServlet|674227625|Sites-Mailchimp-Site|Page-Include|PipelineCall|Ml7BXNCGNR custom []  Content asset with ID footer-about was included but not found
[2023-01-10 09:16:49.756 GMT] WARN PipelineCallServlet|83063889|Sites-Mailchimp-Site|Page-Include|PipelineCall|Ml7BXNCGNR custom []  Content asset with ID footer-copy was included but not found
[2023-01-10 09:16:49.760 GMT] WARN PipelineCallServlet|1555988766|Sites-Mailchimp-Site|Page-Include|PipelineCall|Ml7BXNCGNR custom []  Content asset with ID cookie_hint was included but not found
[2023-01-10 09:17:14.257 GMT] WARN PipelineCallServlet|538739595|Sites-Mailchimp-Site|Page-Include|PipelineCall|Ml7BXNCGNR custom []  Content asset with ID footer-locate-store was included but not found
[2023-01-10 09:17:14.262 GMT] WARN PipelineCallServlet|83063889|Sites-Mailchimp-Site|Page-Include|PipelineCall|Ml7BXNCGNR custom []  Content asset with ID footer-account was included but not found
[2023-01-10 09:17:14.265 GMT] WARN PipelineCallServlet|383154887|Sites-Mailchimp-Site|Page-Include|PipelineCall|Ml7BXNCGNR custom []  Content asset with ID footer-support was included but not found
[2023-01-10 09:17:14.269 GMT] WARN PipelineCallServlet|746910038|Sites-Mailchimp-Site|Page-Include|PipelineCall|Ml7BXNCGNR custom []  Content asset with ID footer-about was included but not found
[2023-01-10 09:17:14.275 GMT] WARN PipelineCallServlet|657231921|Sites-Mailchimp-Site|Page-Include|PipelineCall|Ml7BXNCGNR custom []  Content asset with ID footer-copy was included but not found
[2023-01-10 09:17:14.279 GMT] WARN PipelineCallServlet|674227625|Sites-Mailchimp-Site|Page-Include|PipelineCall|Ml7BXNCGNR custom []  Content asset with ID cookie_hint was included but not found
[2023-01-10 09:17:41.200 GMT] WARN PipelineCallServlet|1016349854|Sites-Mailchimp-Site|Page-Include|PipelineCall|8FrTmLbqXf custom []  Content asset with ID footer-locate-store was included but not found
[2023-01-10 09:17:41.204 GMT] WARN PipelineCallServlet|538739595|Sites-Mailchimp-Site|Page-Include|PipelineCall|8FrTmLbqXf custom []  Content asset with ID footer-account was included but not found
[2023-01-10 09:17:41.208 GMT] WARN PipelineCallServlet|1927841104|Sites-Mailchimp-Site|Page-Include|PipelineCall|8FrTmLbqXf custom []  Content asset with ID footer-support was included but not found
[2023-01-10 09:17:41.213 GMT] WARN PipelineCallServlet|1555988766|Sites-Mailchimp-Site|Page-Include|PipelineCall|8FrTmLbqXf custom []  Content asset with ID footer-about was included but not found
[2023-01-10 09:17:41.220 GMT] WARN PipelineCallServlet|746910038|Sites-Mailchimp-Site|Page-Include|PipelineCall|8FrTmLbqXf custom []  Content asset with ID footer-copy was included but not found
[2023-01-10 09:17:41.224 GMT] WARN PipelineCallServlet|383154887|Sites-Mailchimp-Site|Page-Include|PipelineCall|8FrTmLbqXf custom []  Content asset with ID cookie_hint was included but not found
[2023-01-10 09:18:01.270 GMT] WARN PipelineCallServlet|1117646354|Sites-Mailchimp-Site|Page-Include|PipelineCall|Ml7BXNCGNR custom []  Content asset with ID footer-locate-store was included but not found
[2023-01-10 09:18:01.274 GMT] WARN PipelineCallServlet|83063889|Sites-Mailchimp-Site|Page-Include|PipelineCall|Ml7BXNCGNR custom []  Content asset with ID footer-account was included but not found
[2023-01-10 09:18:01.278 GMT] WARN PipelineCallServlet|674227625|Sites-Mailchimp-Site|Page-Include|PipelineCall|Ml7BXNCGNR custom []  Content asset with ID footer-support was included but not found
[2023-01-10 09:18:01.282 GMT] WARN PipelineCallServlet|383154887|Sites-Mailchimp-Site|Page-Include|PipelineCall|Ml7BXNCGNR custom []  Content asset with ID footer-about was included but not found
[2023-01-10 09:18:01.289 GMT] WARN PipelineCallServlet|1016349854|Sites-Mailchimp-Site|Page-Include|PipelineCall|Ml7BXNCGNR custom []  Content asset with ID footer-copy was included but not found
[2023-01-10 09:18:47.657 GMT] WARN PipelineCallServlet|383154887|Sites-Mailchimp-Site|Page-Include|PipelineCall|Ml7BXNCGNR custom []  Content asset with ID footer-locate-store was included but not found
[2023-01-10 09:18:47.661 GMT] WARN PipelineCallServlet|1016349854|Sites-Mailchimp-Site|Page-Include|PipelineCall|Ml7BXNCGNR custom []  Content asset with ID footer-account was included but not found
[2023-01-10 09:18:47.665 GMT] WARN PipelineCallServlet|1555988766|Sites-Mailchimp-Site|Page-Include|PipelineCall|Ml7BXNCGNR custom []  Content asset with ID footer-support was included but not found
[2023-01-10 09:18:47.669 GMT] WARN PipelineCallServlet|2070926798|Sites-Mailchimp-Site|Page-Include|PipelineCall|Ml7BXNCGNR custom []  Content asset with ID footer-about was included but not found
[2023-01-10 09:18:47.675 GMT] WARN PipelineCallServlet|1927841104|Sites-Mailchimp-Site|Page-Include|PipelineCall|Ml7BXNCGNR custom []  Content asset with ID footer-copy was included but not found
[2023-01-10 09:18:47.680 GMT] WARN PipelineCallServlet|83063889|Sites-Mailchimp-Site|Page-Include|PipelineCall|Ml7BXNCGNR custom []  Content asset with ID cookie_hint was included but not found
[2023-01-10 09:18:51.612 GMT] WARN PipelineCallServlet|1927841104|Sites-Mailchimp-Site|Page-Include|PipelineCall|Ml7BXNCGNR custom []  Content asset with ID footer-locate-store was included but not found
[2023-01-10 09:18:51.615 GMT] WARN PipelineCallServlet|83063889|Sites-Mailchimp-Site|Page-Include|PipelineCall|Ml7BXNCGNR custom []  Content asset with ID footer-account was included but not found
[2023-01-10 09:18:51.621 GMT] WARN PipelineCallServlet|538739595|Sites-Mailchimp-Site|Page-Include|PipelineCall|Ml7BXNCGNR custom []  Content asset with ID footer-support was included but not found
[2023-01-10 09:18:51.638 GMT] WARN PipelineCallServlet|657231921|Sites-Mailchimp-Site|Page-Include|PipelineCall|Ml7BXNCGNR custom []  Content asset with ID footer-about was included but not found
[2023-01-10 09:18:51.646 GMT] WARN PipelineCallServlet|383154887|Sites-Mailchimp-Site|Page-Include|PipelineCall|Ml7BXNCGNR custom []  Content asset with ID footer-copy was included but not found
[2023-01-10 09:18:51.649 GMT] WARN PipelineCallServlet|674227625|Sites-Mailchimp-Site|Page-Include|PipelineCall|Ml7BXNCGNR custom []  Content asset with ID cookie_hint was included but not found
[2023-01-10 09:19:16.564 GMT] WARN PipelineCallServlet|657231921|Sites-Mailchimp-Site|Page-Include|PipelineCall|8FrTmLbqXf custom []  Content asset with ID footer-locate-store was included but not found
[2023-01-10 09:19:16.569 GMT] WARN PipelineCallServlet|1555988766|Sites-Mailchimp-Site|Page-Include|PipelineCall|8FrTmLbqXf custom []  Content asset with ID footer-account was included but not found
[2023-01-10 09:19:16.573 GMT] WARN PipelineCallServlet|1016349854|Sites-Mailchimp-Site|Page-Include|PipelineCall|8FrTmLbqXf custom []  Content asset with ID footer-support was included but not found
[2023-01-10 09:19:16.576 GMT] WARN PipelineCallServlet|746910038|Sites-Mailchimp-Site|Page-Include|PipelineCall|8FrTmLbqXf custom []  Content asset with ID footer-about was included but not found
[2023-01-10 09:19:16.583 GMT] WARN PipelineCallServlet|1927841104|Sites-Mailchimp-Site|Page-Include|PipelineCall|8FrTmLbqXf custom []  Content asset with ID footer-copy was included but not found
[2023-01-10 09:19:16.586 GMT] WARN PipelineCallServlet|83063889|Sites-Mailchimp-Site|Page-Include|PipelineCall|8FrTmLbqXf custom []  Content asset with ID cookie_hint was included but not found
[2023-01-10 09:19:35.446 GMT] WARN PipelineCallServlet|657231921|Sites-Mailchimp-Site|Page-Include|PipelineCall|8FrTmLbqXf custom []  Content asset with ID footer-locate-store was included but not found
[2023-01-10 09:19:35.450 GMT] WARN PipelineCallServlet|746910038|Sites-Mailchimp-Site|Page-Include|PipelineCall|8FrTmLbqXf custom []  Content asset with ID footer-account was included but not found
[2023-01-10 09:19:35.454 GMT] WARN PipelineCallServlet|1016349854|Sites-Mailchimp-Site|Page-Include|PipelineCall|8FrTmLbqXf custom []  Content asset with ID footer-support was included but not found
[2023-01-10 09:19:35.458 GMT] WARN PipelineCallServlet|2070926798|Sites-Mailchimp-Site|Page-Include|PipelineCall|8FrTmLbqXf custom []  Content asset with ID footer-about was included but not found
[2023-01-10 09:19:35.465 GMT] WARN PipelineCallServlet|383154887|Sites-Mailchimp-Site|Page-Include|PipelineCall|8FrTmLbqXf custom []  Content asset with ID footer-copy was included but not found
[2023-01-10 09:19:35.469 GMT] WARN PipelineCallServlet|674227625|Sites-Mailchimp-Site|Page-Include|PipelineCall|8FrTmLbqXf custom []  Content asset with ID cookie_hint was included but not found
[2023-01-10 09:20:14.216 GMT] WARN PipelineCallServlet|746910038|Sites-Mailchimp-Site|Page-Include|PipelineCall|AGFX_UkHkJ custom []  Content asset with ID footer-locate-store was included but not found
[2023-01-10 09:20:14.222 GMT] WARN PipelineCallServlet|83063889|Sites-Mailchimp-Site|Page-Include|PipelineCall|AGFX_UkHkJ custom []  Content asset with ID footer-account was included but not found
[2023-01-10 09:20:14.227 GMT] WARN PipelineCallServlet|383154887|Sites-Mailchimp-Site|Page-Include|PipelineCall|AGFX_UkHkJ custom []  Content asset with ID footer-support was included but not found
[2023-01-10 09:20:14.232 GMT] WARN PipelineCallServlet|1927841104|Sites-Mailchimp-Site|Page-Include|PipelineCall|AGFX_UkHkJ custom []  Content asset with ID footer-about was included but not found
[2023-01-10 09:20:14.240 GMT] WARN PipelineCallServlet|1117646354|Sites-Mailchimp-Site|Page-Include|PipelineCall|AGFX_UkHkJ custom []  Content asset with ID footer-copy was included but not found
[2023-01-10 09:20:14.243 GMT] WARN PipelineCallServlet|538739595|Sites-Mailchimp-Site|Page-Include|PipelineCall|AGFX_UkHkJ custom []  Content asset with ID cookie_hint was included but not found
[2023-01-10 09:20:26.062 GMT] WARN PipelineCallServlet|1555988766|Sites-Mailchimp-Site|Page-Include|PipelineCall|AGFX_UkHkJ custom []  Content asset with ID footer-locate-store was included but not found
[2023-01-10 09:20:26.067 GMT] WARN PipelineCallServlet|657231921|Sites-Mailchimp-Site|Page-Include|PipelineCall|AGFX_UkHkJ custom []  Content asset with ID footer-account was included but not found
[2023-01-10 09:20:26.071 GMT] WARN PipelineCallServlet|1016349854|Sites-Mailchimp-Site|Page-Include|PipelineCall|AGFX_UkHkJ custom []  Content asset with ID footer-support was included but not found
[2023-01-10 09:20:26.075 GMT] WARN PipelineCallServlet|2070926798|Sites-Mailchimp-Site|Page-Include|PipelineCall|AGFX_UkHkJ custom []  Content asset with ID footer-about was included but not found
[2023-01-10 09:20:26.081 GMT] WARN PipelineCallServlet|383154887|Sites-Mailchimp-Site|Page-Include|PipelineCall|AGFX_UkHkJ custom []  Content asset with ID footer-copy was included but not found
[2023-01-10 09:21:58.795 GMT] WARN PipelineCallServlet|746910038|Sites-Mailchimp-Site|Page-Include|PipelineCall|AGFX_UkHkJ custom []  Content asset with ID footer-locate-store was included but not found
[2023-01-10 09:21:58.802 GMT] WARN PipelineCallServlet|1927841104|Sites-Mailchimp-Site|Page-Include|PipelineCall|AGFX_UkHkJ custom []  Content asset with ID footer-account was included but not found
[2023-01-10 09:21:58.807 GMT] WARN PipelineCallServlet|383154887|Sites-Mailchimp-Site|Page-Include|PipelineCall|AGFX_UkHkJ custom []  Content asset with ID footer-support was included but not found
[2023-01-10 09:21:58.812 GMT] WARN PipelineCallServlet|2070926798|Sites-Mailchimp-Site|Page-Include|PipelineCall|AGFX_UkHkJ custom []  Content asset with ID footer-about was included but not found
[2023-01-10 09:21:58.821 GMT] WARN PipelineCallServlet|657231921|Sites-Mailchimp-Site|Page-Include|PipelineCall|AGFX_UkHkJ custom []  Content asset with ID footer-copy was included but not found
[2023-01-10 09:22:19.322 GMT] WARN PipelineCallServlet|383154887|Sites-Mailchimp-Site|Page-Include|PipelineCall|AGFX_UkHkJ custom []  Content asset with ID footer-locate-store was included but not found
[2023-01-10 09:22:19.327 GMT] WARN PipelineCallServlet|657231921|Sites-Mailchimp-Site|Page-Include|PipelineCall|AGFX_UkHkJ custom []  Content asset with ID footer-account was included but not found
[2023-01-10 09:22:19.331 GMT] WARN PipelineCallServlet|2070926798|Sites-Mailchimp-Site|Page-Include|PipelineCall|AGFX_UkHkJ custom []  Content asset with ID footer-support was included but not found
[2023-01-10 09:22:19.336 GMT] WARN PipelineCallServlet|1117646354|Sites-Mailchimp-Site|Page-Include|PipelineCall|AGFX_UkHkJ custom []  Content asset with ID footer-about was included but not found
[2023-01-10 09:22:19.344 GMT] WARN PipelineCallServlet|1016349854|Sites-Mailchimp-Site|Page-Include|PipelineCall|AGFX_UkHkJ custom []  Content asset with ID footer-copy was included but not found
[2023-01-10 09:25:11.394 GMT] WARN PipelineCallServlet|538739595|Sites-Mailchimp-Site|Page-Include|PipelineCall|AGFX_UkHkJ custom []  Content asset with ID footer-locate-store was included but not found
[2023-01-10 09:25:11.400 GMT] WARN PipelineCallServlet|83063889|Sites-Mailchimp-Site|Page-Include|PipelineCall|AGFX_UkHkJ custom []  Content asset with ID footer-account was included but not found
[2023-01-10 09:25:11.406 GMT] WARN PipelineCallServlet|1555988766|Sites-Mailchimp-Site|Page-Include|PipelineCall|AGFX_UkHkJ custom []  Content asset with ID footer-support was included but not found
[2023-01-10 09:25:11.413 GMT] WARN PipelineCallServlet|746910038|Sites-Mailchimp-Site|Page-Include|PipelineCall|AGFX_UkHkJ custom []  Content asset with ID footer-about was included but not found
[2023-01-10 09:25:11.421 GMT] WARN PipelineCallServlet|2070926798|Sites-Mailchimp-Site|Page-Include|PipelineCall|AGFX_UkHkJ custom []  Content asset with ID footer-copy was included but not found
[2023-01-10 09:27:47.870 GMT] WARN PipelineCallServlet|1927841104|Sites-Mailchimp-Site|Page-Include|PipelineCall|8FrTmLbqXf custom []  Content asset with ID footer-locate-store was included but not found
[2023-01-10 09:27:47.874 GMT] WARN PipelineCallServlet|1117646354|Sites-Mailchimp-Site|Page-Include|PipelineCall|8FrTmLbqXf custom []  Content asset with ID footer-account was included but not found
[2023-01-10 09:27:47.877 GMT] WARN PipelineCallServlet|83063889|Sites-Mailchimp-Site|Page-Include|PipelineCall|8FrTmLbqXf custom []  Content asset with ID footer-support was included but not found
[2023-01-10 09:27:47.881 GMT] WARN PipelineCallServlet|674227625|Sites-Mailchimp-Site|Page-Include|PipelineCall|8FrTmLbqXf custom []  Content asset with ID footer-about was included but not found
[2023-01-10 09:27:47.887 GMT] WARN PipelineCallServlet|1555988766|Sites-Mailchimp-Site|Page-Include|PipelineCall|8FrTmLbqXf custom []  Content asset with ID footer-copy was included but not found
[2023-01-10 09:27:47.891 GMT] WARN PipelineCallServlet|1016349854|Sites-Mailchimp-Site|Page-Include|PipelineCall|8FrTmLbqXf custom []  Content asset with ID cookie_hint was included but not found
[2023-01-10 09:27:48.921 GMT] WARN PipelineCallServlet|746910038|Sites-Mailchimp-Site|Page-Include|PipelineCall|AGFX_UkHkJ custom []  Content asset with ID footer-locate-store was included but not found
[2023-01-10 09:27:48.925 GMT] WARN PipelineCallServlet|657231921|Sites-Mailchimp-Site|Page-Include|PipelineCall|AGFX_UkHkJ custom []  Content asset with ID footer-account was included but not found
[2023-01-10 09:27:48.929 GMT] WARN PipelineCallServlet|383154887|Sites-Mailchimp-Site|Page-Include|PipelineCall|AGFX_UkHkJ custom []  Content asset with ID footer-support was included but not found
[2023-01-10 09:27:48.932 GMT] WARN PipelineCallServlet|1927841104|Sites-Mailchimp-Site|Page-Include|PipelineCall|AGFX_UkHkJ custom []  Content asset with ID footer-about was included but not found
[2023-01-10 09:27:48.938 GMT] WARN PipelineCallServlet|83063889|Sites-Mailchimp-Site|Page-Include|PipelineCall|AGFX_UkHkJ custom []  Content asset with ID footer-copy was included but not found
[2023-01-10 09:27:51.831 GMT] WARN PipelineCallServlet|746910038|Sites-Mailchimp-Site|Page-Include|PipelineCall|8FrTmLbqXf custom []  Content asset with ID footer-locate-store was included but not found
[2023-01-10 09:27:51.835 GMT] WARN PipelineCallServlet|538739595|Sites-Mailchimp-Site|Page-Include|PipelineCall|8FrTmLbqXf custom []  Content asset with ID footer-account was included but not found
[2023-01-10 09:27:51.839 GMT] WARN PipelineCallServlet|383154887|Sites-Mailchimp-Site|Page-Include|PipelineCall|8FrTmLbqXf custom []  Content asset with ID footer-support was included but not found
[2023-01-10 09:27:51.843 GMT] WARN PipelineCallServlet|2070926798|Sites-Mailchimp-Site|Page-Include|PipelineCall|8FrTmLbqXf custom []  Content asset with ID footer-about was included but not found
[2023-01-10 09:27:51.849 GMT] WARN PipelineCallServlet|1927841104|Sites-Mailchimp-Site|Page-Include|PipelineCall|8FrTmLbqXf custom []  Content asset with ID footer-copy was included but not found
[2023-01-10 09:27:54.979 GMT] WARN PipelineCallServlet|657231921|Sites-Mailchimp-Site|Page-Include|PipelineCall|AGFX_UkHkJ custom []  Content asset with ID footer-locate-store was included but not found
[2023-01-10 09:27:54.982 GMT] WARN PipelineCallServlet|83063889|Sites-Mailchimp-Site|Page-Include|PipelineCall|AGFX_UkHkJ custom []  Content asset with ID footer-account was included but not found
[2023-01-10 09:27:54.986 GMT] WARN PipelineCallServlet|1927841104|Sites-Mailchimp-Site|Page-Include|PipelineCall|AGFX_UkHkJ custom []  Content asset with ID footer-support was included but not found
[2023-01-10 09:27:54.990 GMT] WARN PipelineCallServlet|674227625|Sites-Mailchimp-Site|Page-Include|PipelineCall|AGFX_UkHkJ custom []  Content asset with ID footer-about was included but not found
[2023-01-10 09:27:54.995 GMT] WARN PipelineCallServlet|1016349854|Sites-Mailchimp-Site|Page-Include|PipelineCall|AGFX_UkHkJ custom []  Content asset with ID footer-copy was included but not found
[2023-01-10 09:27:54.999 GMT] WARN PipelineCallServlet|746910038|Sites-Mailchimp-Site|Page-Include|PipelineCall|AGFX_UkHkJ custom []  Content asset with ID cookie_hint was included but not found
[2023-01-10 09:27:58.841 GMT] WARN PipelineCallServlet|1927841104|Sites-Mailchimp-Site|Page-Include|PipelineCall|AGFX_UkHkJ custom []  Content asset with ID footer-locate-store was included but not found
[2023-01-10 09:27:58.845 GMT] WARN PipelineCallServlet|674227625|Sites-Mailchimp-Site|Page-Include|PipelineCall|AGFX_UkHkJ custom []  Content asset with ID footer-account was included but not found
[2023-01-10 09:27:58.849 GMT] WARN PipelineCallServlet|1555988766|Sites-Mailchimp-Site|Page-Include|PipelineCall|AGFX_UkHkJ custom []  Content asset with ID footer-support was included but not found
[2023-01-10 09:27:58.853 GMT] WARN PipelineCallServlet|1016349854|Sites-Mailchimp-Site|Page-Include|PipelineCall|AGFX_UkHkJ custom []  Content asset with ID footer-about was included but not found
[2023-01-10 09:27:58.859 GMT] WARN PipelineCallServlet|1117646354|Sites-Mailchimp-Site|Page-Include|PipelineCall|AGFX_UkHkJ custom []  Content asset with ID footer-copy was included but not found
[2023-01-10 09:27:58.862 GMT] WARN PipelineCallServlet|538739595|Sites-Mailchimp-Site|Page-Include|PipelineCall|AGFX_UkHkJ custom []  Content asset with ID cookie_hint was included but not found
[2023-01-10 09:28:06.277 GMT] WARN PipelineCallServlet|657231921|Sites-Mailchimp-Site|Page-Include|PipelineCall|AGFX_UkHkJ custom []  Content asset with ID footer-locate-store was included but not found
[2023-01-10 09:28:06.281 GMT] WARN PipelineCallServlet|1927841104|Sites-Mailchimp-Site|Page-Include|PipelineCall|AGFX_UkHkJ custom []  Content asset with ID footer-account was included but not found
[2023-01-10 09:28:06.284 GMT] WARN PipelineCallServlet|674227625|Sites-Mailchimp-Site|Page-Include|PipelineCall|AGFX_UkHkJ custom []  Content asset with ID footer-support was included but not found
[2023-01-10 09:28:06.288 GMT] WARN PipelineCallServlet|1016349854|Sites-Mailchimp-Site|Page-Include|PipelineCall|AGFX_UkHkJ custom []  Content asset with ID footer-about was included but not found
[2023-01-10 09:28:06.294 GMT] WARN PipelineCallServlet|1117646354|Sites-Mailchimp-Site|Page-Include|PipelineCall|AGFX_UkHkJ custom []  Content asset with ID footer-copy was included but not found
[2023-01-10 09:28:19.529 GMT] WARN PipelineCallServlet|83063889|Sites-Mailchimp-Site|Page-Include|PipelineCall|AGFX_UkHkJ custom []  Content asset with ID footer-locate-store was included but not found
[2023-01-10 09:28:19.534 GMT] WARN PipelineCallServlet|657231921|Sites-Mailchimp-Site|Page-Include|PipelineCall|AGFX_UkHkJ custom []  Content asset with ID footer-account was included but not found
[2023-01-10 09:28:19.540 GMT] WARN PipelineCallServlet|674227625|Sites-Mailchimp-Site|Page-Include|PipelineCall|AGFX_UkHkJ custom []  Content asset with ID footer-support was included but not found
[2023-01-10 09:28:19.546 GMT] WARN PipelineCallServlet|1016349854|Sites-Mailchimp-Site|Page-Include|PipelineCall|AGFX_UkHkJ custom []  Content asset with ID footer-about was included but not found
[2023-01-10 09:28:19.555 GMT] WARN PipelineCallServlet|1117646354|Sites-Mailchimp-Site|Page-Include|PipelineCall|AGFX_UkHkJ custom []  Content asset with ID footer-copy was included but not found
[2023-01-10 09:28:39.715 GMT] WARN PipelineCallServlet|1927841104|Sites-Mailchimp-Site|Page-Include|PipelineCall|AGFX_UkHkJ custom []  Content asset with ID footer-locate-store was included but not found
[2023-01-10 09:28:39.718 GMT] WARN PipelineCallServlet|383154887|Sites-Mailchimp-Site|Page-Include|PipelineCall|AGFX_UkHkJ custom []  Content asset with ID footer-account was included but not found
[2023-01-10 09:28:39.722 GMT] WARN PipelineCallServlet|1555988766|Sites-Mailchimp-Site|Page-Include|PipelineCall|AGFX_UkHkJ custom []  Content asset with ID footer-support was included but not found
[2023-01-10 09:28:39.726 GMT] WARN PipelineCallServlet|2070926798|Sites-Mailchimp-Site|Page-Include|PipelineCall|AGFX_UkHkJ custom []  Content asset with ID footer-about was included but not found
[2023-01-10 09:28:39.731 GMT] WARN PipelineCallServlet|657231921|Sites-Mailchimp-Site|Page-Include|PipelineCall|AGFX_UkHkJ custom []  Content asset with ID footer-copy was included but not found
[2023-01-10 09:28:39.735 GMT] WARN PipelineCallServlet|1016349854|Sites-Mailchimp-Site|Page-Include|PipelineCall|AGFX_UkHkJ custom []  Content asset with ID cookie_hint was included but not found
[2023-01-10 09:28:53.312 GMT] WARN PipelineCallServlet|1555988766|Sites-Mailchimp-Site|Page-Include|PipelineCall|AGFX_UkHkJ custom []  Content asset with ID footer-locate-store was included but not found
[2023-01-10 09:28:53.316 GMT] WARN PipelineCallServlet|2070926798|Sites-Mailchimp-Site|Page-Include|PipelineCall|AGFX_UkHkJ custom []  Content asset with ID footer-account was included but not found
[2023-01-10 09:28:53.320 GMT] WARN PipelineCallServlet|83063889|Sites-Mailchimp-Site|Page-Include|PipelineCall|AGFX_UkHkJ custom []  Content asset with ID footer-support was included but not found
[2023-01-10 09:28:53.324 GMT] WARN PipelineCallServlet|657231921|Sites-Mailchimp-Site|Page-Include|PipelineCall|AGFX_UkHkJ custom []  Content asset with ID footer-about was included but not found
[2023-01-10 09:28:53.330 GMT] WARN PipelineCallServlet|674227625|Sites-Mailchimp-Site|Page-Include|PipelineCall|AGFX_UkHkJ custom []  Content asset with ID footer-copy was included but not found
[2023-01-10 09:28:53.334 GMT] WARN PipelineCallServlet|746910038|Sites-Mailchimp-Site|Page-Include|PipelineCall|AGFX_UkHkJ custom []  Content asset with ID cookie_hint was included but not found
[2023-01-10 09:29:50.864 GMT] WARN PipelineCallServlet|538739595|Sites-Mailchimp-Site|Page-Include|PipelineCall|AGFX_UkHkJ custom []  Content asset with ID footer-locate-store was included but not found
[2023-01-10 09:29:50.867 GMT] WARN PipelineCallServlet|83063889|Sites-Mailchimp-Site|Page-Include|PipelineCall|AGFX_UkHkJ custom []  Content asset with ID footer-account was included but not found
[2023-01-10 09:29:50.871 GMT] WARN PipelineCallServlet|383154887|Sites-Mailchimp-Site|Page-Include|PipelineCall|AGFX_UkHkJ custom []  Content asset with ID footer-support was included but not found
[2023-01-10 09:29:50.875 GMT] WARN PipelineCallServlet|1117646354|Sites-Mailchimp-Site|Page-Include|PipelineCall|AGFX_UkHkJ custom []  Content asset with ID footer-about was included but not found
[2023-01-10 09:29:50.881 GMT] WARN PipelineCallServlet|1555988766|Sites-Mailchimp-Site|Page-Include|PipelineCall|AGFX_UkHkJ custom []  Content asset with ID footer-copy was included but not found
[2023-01-10 09:30:27.248 GMT] WARN RepeatedMessageSuppressingFilter-Thread custom []  The following message was generated more than 10 times within the last 180 seconds. It will be suppressed for 180 seconds: Content asset with ID footer-locate-store was included but not found
[2023-01-10 09:30:27.252 GMT] WARN RepeatedMessageSuppressingFilter-Thread custom []  The following message was generated more than 10 times within the last 180 seconds. It will be suppressed for 180 seconds: Content asset with ID footer-account was included but not found
[2023-01-10 09:30:27.255 GMT] WARN RepeatedMessageSuppressingFilter-Thread custom []  The following message was generated more than 10 times within the last 180 seconds. It will be suppressed for 180 seconds: Content asset with ID footer-support was included but not found
[2023-01-10 09:30:27.258 GMT] WARN RepeatedMessageSuppressingFilter-Thread custom []  The following message was generated more than 10 times within the last 180 seconds. It will be suppressed for 180 seconds: Content asset with ID footer-about was included but not found
[2023-01-10 09:30:27.264 GMT] WARN RepeatedMessageSuppressingFilter-Thread custom []  The following message was generated more than 10 times within the last 180 seconds. It will be suppressed for 180 seconds: Content asset with ID footer-copy was included but not found
[2023-01-10 09:30:27.267 GMT] WARN PipelineCallServlet|383154887|Sites-Mailchimp-Site|Page-Include|PipelineCall|8FrTmLbqXf custom []  Content asset with ID cookie_hint was included but not found
[2023-01-10 09:31:33.977 GMT] WARN PipelineCallServlet|1016349854|Sites-Mailchimp-Site|Page-Include|PipelineCall|AGFX_UkHkJ custom []  Content asset with ID cookie_hint was included but not found
[2023-01-10 09:32:41.308 GMT] WARN PipelineCallServlet|83063889|Sites-Mailchimp-Site|Page-Include|PipelineCall|AGFX_UkHkJ custom []  Content asset with ID cookie_hint was included but not found
[2023-01-10 10:17:02.469 GMT] WARN PipelineCallServlet|1927841104|Sites-Mailchimp-Site|Page-Include|PipelineCall|8FrTmLbqXf custom []  Content asset with ID footer-locate-store was included but not found
[2023-01-10 10:17:02.474 GMT] WARN PipelineCallServlet|1555988766|Sites-Mailchimp-Site|Page-Include|PipelineCall|8FrTmLbqXf custom []  Content asset with ID footer-account was included but not found
[2023-01-10 10:17:02.479 GMT] WARN PipelineCallServlet|538739595|Sites-Mailchimp-Site|Page-Include|PipelineCall|8FrTmLbqXf custom []  Content asset with ID footer-support was included but not found
[2023-01-10 10:17:02.483 GMT] WARN PipelineCallServlet|383154887|Sites-Mailchimp-Site|Page-Include|PipelineCall|8FrTmLbqXf custom []  Content asset with ID footer-about was included but not found
[2023-01-10 10:17:02.490 GMT] WARN PipelineCallServlet|1016349854|Sites-Mailchimp-Site|Page-Include|PipelineCall|8FrTmLbqXf custom []  Content asset with ID footer-copy was included but not found
[2023-01-10 10:19:07.553 GMT] WARN PipelineCallServlet|674227625|Sites-Mailchimp-Site|Page-Include|PipelineCall|8FrTmLbqXf custom []  Content asset with ID footer-locate-store was included but not found
[2023-01-10 10:19:07.558 GMT] WARN PipelineCallServlet|383154887|Sites-Mailchimp-Site|Page-Include|PipelineCall|8FrTmLbqXf custom []  Content asset with ID footer-account was included but not found
[2023-01-10 10:19:07.563 GMT] WARN PipelineCallServlet|2070926798|Sites-Mailchimp-Site|Page-Include|PipelineCall|8FrTmLbqXf custom []  Content asset with ID footer-support was included but not found
[2023-01-10 10:19:07.567 GMT] WARN PipelineCallServlet|746910038|Sites-Mailchimp-Site|Page-Include|PipelineCall|8FrTmLbqXf custom []  Content asset with ID footer-about was included but not found
[2023-01-10 10:19:07.576 GMT] WARN PipelineCallServlet|1927841104|Sites-Mailchimp-Site|Page-Include|PipelineCall|8FrTmLbqXf custom []  Content asset with ID footer-copy was included but not found
[2023-01-10 10:19:10.749 GMT] WARN PipelineCallServlet|657231921|Sites-Mailchimp-Site|Page-Include|PipelineCall|8FrTmLbqXf custom []  Content asset with ID footer-locate-store was included but not found
[2023-01-10 10:19:10.753 GMT] WARN PipelineCallServlet|1016349854|Sites-Mailchimp-Site|Page-Include|PipelineCall|8FrTmLbqXf custom []  Content asset with ID footer-account was included but not found
[2023-01-10 10:19:10.757 GMT] WARN PipelineCallServlet|1555988766|Sites-Mailchimp-Site|Page-Include|PipelineCall|8FrTmLbqXf custom []  Content asset with ID footer-support was included but not found
[2023-01-10 10:19:10.761 GMT] WARN PipelineCallServlet|538739595|Sites-Mailchimp-Site|Page-Include|PipelineCall|8FrTmLbqXf custom []  Content asset with ID footer-about was included but not found
[2023-01-10 10:19:10.768 GMT] WARN PipelineCallServlet|83063889|Sites-Mailchimp-Site|Page-Include|PipelineCall|8FrTmLbqXf custom []  Content asset with ID footer-copy was included but not found
[2023-01-10 10:19:10.772 GMT] WARN PipelineCallServlet|383154887|Sites-Mailchimp-Site|Page-Include|PipelineCall|8FrTmLbqXf custom []  Content asset with ID cookie_hint was included but not found
[2023-01-10 10:19:53.160 GMT] WARN PipelineCallServlet|383154887|Sites-RefArch-Site|Page-Include|PipelineCall|8FrTmLbqXf custom []  Content asset with ID cookie_hint is offline
[2023-01-10 10:19:58.237 GMT] WARN PipelineCallServlet|1016349854|Sites-RefArch-Site|Page-Include|PipelineCall|8FrTmLbqXf custom []  Content asset with ID cookie_hint is offline
[2023-01-10 10:20:48.934 GMT] WARN PipelineCallServlet|746910038|Sites-RefArchGlobal-Site|Page-Include|PipelineCall|8FrTmLbqXf custom []  Content asset with ID cookie_hint is offline
[2023-01-10 10:20:57.620 GMT] WARN PipelineCallServlet|1117646354|Sites-RefArchGlobal-Site|Page-Include|PipelineCall|8FrTmLbqXf custom []  Content asset with ID cookie_hint is offline
[2023-01-10 10:21:31.757 GMT] WARN PipelineCallServlet|83063889|Sites-Mailchimp-Site|Page-Include|PipelineCall|8FrTmLbqXf custom []  Content asset with ID footer-locate-store was included but not found
[2023-01-10 10:21:31.760 GMT] WARN PipelineCallServlet|1016349854|Sites-Mailchimp-Site|Page-Include|PipelineCall|8FrTmLbqXf custom []  Content asset with ID footer-account was included but not found
[2023-01-10 10:21:31.764 GMT] WARN PipelineCallServlet|657231921|Sites-Mailchimp-Site|Page-Include|PipelineCall|8FrTmLbqXf custom []  Content asset with ID footer-support was included but not found
[2023-01-10 10:21:31.768 GMT] WARN PipelineCallServlet|746910038|Sites-Mailchimp-Site|Page-Include|PipelineCall|8FrTmLbqXf custom []  Content asset with ID footer-about was included but not found
[2023-01-10 10:21:31.774 GMT] WARN PipelineCallServlet|1927841104|Sites-Mailchimp-Site|Page-Include|PipelineCall|8FrTmLbqXf custom []  Content asset with ID footer-copy was included but not found
[2023-01-10 10:21:31.777 GMT] WARN PipelineCallServlet|2070926798|Sites-Mailchimp-Site|Page-Include|PipelineCall|8FrTmLbqXf custom []  Content asset with ID cookie_hint was included but not found
[2023-01-10 10:21:38.210 GMT] WARN PipelineCallServlet|746910038|Sites-Mailchimp-Site|Page-Include|PipelineCall|8FrTmLbqXf custom []  Content asset with ID footer-locate-store was included but not found
[2023-01-10 10:21:38.214 GMT] WARN PipelineCallServlet|1555988766|Sites-Mailchimp-Site|Page-Include|PipelineCall|8FrTmLbqXf custom []  Content asset with ID footer-account was included but not found
[2023-01-10 10:21:38.217 GMT] WARN PipelineCallServlet|383154887|Sites-Mailchimp-Site|Page-Include|PipelineCall|8FrTmLbqXf custom []  Content asset with ID footer-support was included but not found
[2023-01-10 10:21:38.222 GMT] WARN PipelineCallServlet|2070926798|Sites-Mailchimp-Site|Page-Include|PipelineCall|8FrTmLbqXf custom []  Content asset with ID footer-about was included but not found
[2023-01-10 10:21:38.228 GMT] WARN PipelineCallServlet|83063889|Sites-Mailchimp-Site|Page-Include|PipelineCall|8FrTmLbqXf custom []  Content asset with ID footer-copy was included but not found
[2023-01-10 10:21:57.951 GMT] WARN PipelineCallServlet|2070926798|Sites-Mailchimp-Site|Page-Include|PipelineCall|8FrTmLbqXf custom []  Content asset with ID footer-locate-store was included but not found
[2023-01-10 10:21:57.955 GMT] WARN PipelineCallServlet|538739595|Sites-Mailchimp-Site|Page-Include|PipelineCall|8FrTmLbqXf custom []  Content asset with ID footer-account was included but not found
[2023-01-10 10:21:57.958 GMT] WARN PipelineCallServlet|83063889|Sites-Mailchimp-Site|Page-Include|PipelineCall|8FrTmLbqXf custom []  Content asset with ID footer-support was included but not found
[2023-01-10 10:21:57.962 GMT] WARN PipelineCallServlet|674227625|Sites-Mailchimp-Site|Page-Include|PipelineCall|8FrTmLbqXf custom []  Content asset with ID footer-about was included but not found
[2023-01-10 10:21:57.967 GMT] WARN PipelineCallServlet|1016349854|Sites-Mailchimp-Site|Page-Include|PipelineCall|8FrTmLbqXf custom []  Content asset with ID footer-copy was included but not found
[2023-01-10 10:21:57.971 GMT] WARN PipelineCallServlet|1927841104|Sites-Mailchimp-Site|Page-Include|PipelineCall|8FrTmLbqXf custom []  Content asset with ID cookie_hint was included but not found
[2023-01-10 10:22:13.836 GMT] WARN PipelineCallServlet|657231921|Sites-Mailchimp-Site|Page-Include|PipelineCall|8FrTmLbqXf custom []  Content asset with ID footer-locate-store was included but not found
[2023-01-10 10:22:13.840 GMT] WARN PipelineCallServlet|1555988766|Sites-Mailchimp-Site|Page-Include|PipelineCall|8FrTmLbqXf custom []  Content asset with ID footer-account was included but not found
[2023-01-10 10:22:13.843 GMT] WARN PipelineCallServlet|1117646354|Sites-Mailchimp-Site|Page-Include|PipelineCall|8FrTmLbqXf custom []  Content asset with ID footer-support was included but not found
[2023-01-10 10:22:13.847 GMT] WARN PipelineCallServlet|538739595|Sites-Mailchimp-Site|Page-Include|PipelineCall|8FrTmLbqXf custom []  Content asset with ID footer-about was included but not found
[2023-01-10 10:22:13.853 GMT] WARN PipelineCallServlet|383154887|Sites-Mailchimp-Site|Page-Include|PipelineCall|8FrTmLbqXf custom []  Content asset with ID footer-copy was included but not found
[2023-01-10 10:22:13.856 GMT] WARN PipelineCallServlet|83063889|Sites-Mailchimp-Site|Page-Include|PipelineCall|8FrTmLbqXf custom []  Content asset with ID cookie_hint was included but not found
[2023-01-10 10:22:17.973 GMT] WARN PipelineCallServlet|674227625|Sites-Mailchimp-Site|Page-Include|PipelineCall|8FrTmLbqXf custom []  Content asset with ID footer-locate-store was included but not found
[2023-01-10 10:22:17.977 GMT] WARN PipelineCallServlet|1927841104|Sites-Mailchimp-Site|Page-Include|PipelineCall|8FrTmLbqXf custom []  Content asset with ID footer-account was included but not found
[2023-01-10 10:22:17.980 GMT] WARN PipelineCallServlet|1016349854|Sites-Mailchimp-Site|Page-Include|PipelineCall|8FrTmLbqXf custom []  Content asset with ID footer-support was included but not found
[2023-01-10 10:22:17.985 GMT] WARN PipelineCallServlet|1555988766|Sites-Mailchimp-Site|Page-Include|PipelineCall|8FrTmLbqXf custom []  Content asset with ID footer-about was included but not found
[2023-01-10 10:22:17.991 GMT] WARN PipelineCallServlet|657231921|Sites-Mailchimp-Site|Page-Include|PipelineCall|8FrTmLbqXf custom []  Content asset with ID footer-copy was included but not found
[2023-01-10 10:22:31.072 GMT] WARN PipelineCallServlet|674227625|Sites-Mailchimp-Site|Page-Include|PipelineCall|8FrTmLbqXf custom []  Content asset with ID footer-locate-store was included but not found
[2023-01-10 10:22:31.076 GMT] WARN PipelineCallServlet|1555988766|Sites-Mailchimp-Site|Page-Include|PipelineCall|8FrTmLbqXf custom []  Content asset with ID footer-account was included but not found
[2023-01-10 10:22:31.079 GMT] WARN PipelineCallServlet|538739595|Sites-Mailchimp-Site|Page-Include|PipelineCall|8FrTmLbqXf custom []  Content asset with ID footer-support was included but not found
[2023-01-10 10:22:31.082 GMT] WARN PipelineCallServlet|1016349854|Sites-Mailchimp-Site|Page-Include|PipelineCall|8FrTmLbqXf custom []  Content asset with ID footer-about was included but not found
[2023-01-10 10:22:31.088 GMT] WARN PipelineCallServlet|657231921|Sites-Mailchimp-Site|Page-Include|PipelineCall|8FrTmLbqXf custom []  Content asset with ID footer-copy was included but not found
[2023-01-10 10:22:31.093 GMT] WARN PipelineCallServlet|746910038|Sites-Mailchimp-Site|Page-Include|PipelineCall|8FrTmLbqXf custom []  Content asset with ID cookie_hint was included but not found
[2023-01-10 10:22:40.565 GMT] WARN PipelineCallServlet|1555988766|Sites-RefArch-Site|Page-Include|PipelineCall|AGFX_UkHkJ custom []  Content asset with ID cookie_hint is offline
[2023-01-10 10:22:46.137 GMT] WARN PipelineCallServlet|83063889|Sites-RefArch-Site|Page-Include|PipelineCall|AGFX_UkHkJ custom []  Content asset with ID cookie_hint is offline
[2023-01-10 10:22:46.972 GMT] WARN PipelineCallServlet|538739595|Sites-RefArch-Site|Page-Include|PipelineCall|AGFX_UkHkJ custom []  Content asset with ID cookie_hint is offline
[2023-01-10 10:30:11.273 GMT] WARN PipelineCallServlet|1016349854|Sites-RefArch-Site|Page-Include|PipelineCall|8FrTmLbqXf custom []  Content asset with ID cookie_hint is offline
[2023-01-10 10:30:16.770 GMT] WARN PipelineCallServlet|1117646354|Sites-RefArch-Site|Page-Include|PipelineCall|8FrTmLbqXf custom []  Content asset with ID cookie_hint is offline
[2023-01-10 10:31:27.623 GMT] WARN PipelineCallServlet|2070926798|Sites-RefArch-Site|Page-Include|PipelineCall|8FrTmLbqXf custom []  Content asset with ID cookie_hint is offline
[2023-01-10 10:31:30.797 GMT] WARN PipelineCallServlet|674227625|Sites-RefArch-Site|Page-Include|PipelineCall|8FrTmLbqXf custom []  Content asset with ID cookie_hint is offline
[2023-01-10 10:31:46.927 GMT] WARN PipelineCallServlet|83063889|Sites-RefArch-Site|Page-Include|PipelineCall|8FrTmLbqXf custom []  Content asset with ID cookie_hint is offline
[2023-01-10 10:37:42.862 GMT] WARN PipelineCallServlet|1117646354|Sites-RefArch-Site|Page-Include|PipelineCall|8FrTmLbqXf custom []  Content asset with ID cookie_hint is offline
[2023-01-10 10:42:11.530 GMT] WARN PipelineCallServlet|2070926798|Sites-RefArch-Site|Page-Include|PipelineCall|8FrTmLbqXf custom []  Content asset with ID cookie_hint is offline
[2023-01-10 10:42:13.814 GMT] WARN PipelineCallServlet|1555988766|Sites-RefArch-Site|Page-Include|PipelineCall|8FrTmLbqXf custom []  Content asset with ID cookie_hint is offline
[2023-01-10 10:45:16.418 GMT] WARN PipelineCallServlet|1016349854|Sites-RefArch-Site|Page-Include|PipelineCall|jAGwrKI_Oo custom []  Content asset with ID cookie_hint is offline
[2023-01-10 10:48:16.675 GMT] WARN PipelineCallServlet|1016349854|Sites-RefArch-Site|Page-Include|PipelineCall|jAGwrKI_Oo custom []  Content asset with ID cookie_hint is offline
[2023-01-10 10:48:20.463 GMT] WARN PipelineCallServlet|2070926798|Sites-RefArch-Site|Page-Include|PipelineCall|jAGwrKI_Oo custom []  Content asset with ID cookie_hint is offline
[2023-01-10 10:54:46.930 GMT] WARN PipelineCallServlet|746910038|Sites-RefArch-Site|Page-Include|PipelineCall|jAGwrKI_Oo custom []  Content asset with ID cookie_hint is offline
[2023-01-10 10:54:52.917 GMT] WARN PipelineCallServlet|538739595|Sites-RefArch-Site|Page-Include|PipelineCall|jAGwrKI_Oo custom []  Content asset with ID cookie_hint is offline
[2023-01-10 10:55:33.286 GMT] WARN PipelineCallServlet|1927841104|Sites-RefArch-Site|Page-Include|PipelineCall|jAGwrKI_Oo custom []  Content asset with ID cookie_hint is offline
[2023-01-10 10:57:39.239 GMT] WARN PipelineCallServlet|674227625|Sites-RefArch-Site|Page-Include|PipelineCall|jAGwrKI_Oo custom []  Content asset with ID cookie_hint is offline
[2023-01-10 10:57:44.446 GMT] WARN PipelineCallServlet|1016349854|Sites-RefArch-Site|Page-Include|PipelineCall|jAGwrKI_Oo custom []  Content asset with ID cookie_hint is offline
[2023-01-10 10:58:47.800 GMT] WARN PipelineCallServlet|1016349854|Sites-RefArch-Site|Page-Include|PipelineCall|jAGwrKI_Oo custom []  Content asset with ID cookie_hint is offline
[2023-01-10 11:22:08.418 GMT] WARN PipelineCallServlet|2070926798|Sites-RefArch-Site|Page-Include|PipelineCall|jAGwrKI_Oo custom []  Content asset with ID cookie_hint is offline
[2023-01-10 11:23:17.308 GMT] WARN PipelineCallServlet|1117646354|Sites-RefArch-Site|Page-Include|PipelineCall|jAGwrKI_Oo custom []  Content asset with ID cookie_hint is offline
[2023-01-10 11:24:40.912 GMT] WARN PipelineCallServlet|1927841104|Sites-RefArch-Site|Page-Include|PipelineCall|jAGwrKI_Oo custom []  Content asset with ID cookie_hint is offline
[2023-01-10 11:24:47.065 GMT] WARN PipelineCallServlet|1555988766|Sites-RefArch-Site|Page-Include|PipelineCall|jAGwrKI_Oo custom []  Content asset with ID cookie_hint is offline
[2023-01-10 11:25:54.090 GMT] WARN PipelineCallServlet|1927841104|Sites-RefArch-Site|Page-Include|PipelineCall|jAGwrKI_Oo custom []  Content asset with ID cookie_hint is offline
[2023-01-10 11:26:08.497 GMT] WARN PipelineCallServlet|538739595|Sites-RefArch-Site|Page-Include|PipelineCall|jAGwrKI_Oo custom []  Content asset with ID cookie_hint is offline
[2023-01-10 11:26:25.774 GMT] WARN PipelineCallServlet|383154887|Sites-RefArch-Site|Page-Include|PipelineCall|jAGwrKI_Oo custom []  Content asset with ID cookie_hint is offline
[2023-01-10 11:26:36.100 GMT] WARN PipelineCallServlet|674227625|Sites-RefArch-Site|Page-Include|PipelineCall|jAGwrKI_Oo custom []  Content asset with ID cookie_hint is offline
[2023-01-10 11:26:48.277 GMT] WARN PipelineCallServlet|2070926798|Sites-RefArch-Site|Page-Include|PipelineCall|jAGwrKI_Oo custom []  Content asset with ID cookie_hint is offline
[2023-01-10 11:26:52.588 GMT] WARN PipelineCallServlet|383154887|Sites-RefArch-Site|Page-Include|PipelineCall|NsPYZ6qFd_ custom []  Content asset with ID cookie_hint is offline
[2023-01-10 11:31:24.664 GMT] WARN PipelineCallServlet|383154887|Sites-RefArch-Site|Page-Include|PipelineCall|NsPYZ6qFd_ custom []  Content asset with ID cookie_hint is offline
[2023-01-10 11:32:34.244 GMT] WARN PipelineCallServlet|2070926798|Sites-RefArch-Site|Page-Include|PipelineCall|NsPYZ6qFd_ custom []  Content asset with ID cookie_hint is offline
[2023-01-10 11:32:52.579 GMT] WARN PipelineCallServlet|2070926798|Sites-RefArch-Site|Page-Include|PipelineCall|NsPYZ6qFd_ custom []  Content asset with ID cookie_hint is offline
[2023-01-10 11:33:21.314 GMT] WARN PipelineCallServlet|1927841104|Sites-RefArch-Site|Page-Include|PipelineCall|NsPYZ6qFd_ custom []  Content asset with ID cookie_hint is offline
[2023-01-10 11:33:25.747 GMT] WARN PipelineCallServlet|746910038|Sites-RefArch-Site|Page-Include|PipelineCall|NsPYZ6qFd_ custom []  Content asset with ID cookie_hint is offline
[2023-01-10 11:33:39.056 GMT] WARN PipelineCallServlet|383154887|Sites-RefArch-Site|Page-Include|PipelineCall|NsPYZ6qFd_ custom []  Content asset with ID cookie_hint is offline
[2023-01-10 11:33:44.019 GMT] WARN PipelineCallServlet|674227625|Sites-RefArch-Site|Page-Include|PipelineCall|NsPYZ6qFd_ custom []  Content asset with ID cookie_hint is offline
[2023-01-10 11:34:44.599 GMT] WARN PipelineCallServlet|2070926798|Sites-RefArch-Site|Page-Include|PipelineCall|NsPYZ6qFd_ custom []  Content asset with ID cookie_hint is offline
[2023-01-10 12:00:24.638 GMT] WARN PipelineCallServlet|83063889|Sites-RefArch-Site|Page-Include|PipelineCall|NsPYZ6qFd_ custom []  Content asset with ID cookie_hint is offline
[2023-01-10 12:21:30.933 GMT] WARN PipelineCallServlet|1927841104|Sites-RefArch-Site|Page-Include|PipelineCall|NsPYZ6qFd_ custom []  Content asset with ID cookie_hint is offline
[2023-01-10 12:21:35.246 GMT] WARN PipelineCallServlet|657231921|Sites-RefArch-Site|Page-Include|PipelineCall|NsPYZ6qFd_ custom []  Content asset with ID cookie_hint is offline
[2023-01-10 12:36:47.919 GMT] WARN PipelineCallServlet|2070926798|Sites-RefArch-Site|Page-Include|PipelineCall|NsPYZ6qFd_ custom []  Content asset with ID cookie_hint is offline
[2023-01-10 12:36:51.489 GMT] WARN PipelineCallServlet|83063889|Sites-RefArch-Site|Page-Include|PipelineCall|NsPYZ6qFd_ custom []  Content asset with ID cookie_hint is offline
[2023-01-10 12:36:57.590 GMT] WARN PipelineCallServlet|2070926798|Sites-RefArch-Site|Page-Include|PipelineCall|NsPYZ6qFd_ custom []  Content asset with ID cookie_hint is offline
[2023-01-10 12:37:35.514 GMT] WARN PipelineCallServlet|383154887|Sites-RefArch-Site|Page-Include|PipelineCall|oJwEPFIByS custom []  Content asset with ID cookie_hint is offline
[2023-01-10 12:37:43.671 GMT] WARN PipelineCallServlet|657231921|Sites-RefArch-Site|Page-Include|PipelineCall|oJwEPFIByS custom []  Content asset with ID cookie_hint is offline
[2023-01-10 12:37:55.837 GMT] WARN PipelineCallServlet|2070926798|Sites-RefArch-Site|Page-Include|PipelineCall|oJwEPFIByS custom []  Content asset with ID cookie_hint is offline
[2023-01-10 13:13:33.116 GMT] WARN PipelineCallServlet|1117646354|Sites-RefArch-Site|Page-Include|PipelineCall|oJwEPFIByS custom []  Content asset with ID cookie_hint is offline
[2023-01-10 13:14:47.493 GMT] WARN PipelineCallServlet|674227625|Sites-RefArch-Site|Page-Include|PipelineCall|oJwEPFIByS custom []  Content asset with ID cookie_hint is offline
[2023-01-10 13:16:59.764 GMT] WARN PipelineCallServlet|674227625|Sites-RefArch-Site|Page-Include|PipelineCall|8VZnYky40s custom []  Content asset with ID cookie_hint is offline
[2023-01-10 13:20:59.885 GMT] WARN PipelineCallServlet|383154887|Sites-RefArch-Site|Page-Include|PipelineCall|8VZnYky40s custom []  Content asset with ID cookie_hint is offline
[2023-01-10 13:21:09.762 GMT] WARN PipelineCallServlet|1016349854|Sites-RefArch-Site|Page-Include|PipelineCall|8VZnYky40s custom []  Content asset with ID cookie_hint is offline
[2023-01-10 13:38:14.442 GMT] WARN PipelineCallServlet|746910038|Sites-RefArch-Site|Page-Include|PipelineCall|8VZnYky40s custom []  Content asset with ID cookie_hint is offline
[2023-01-10 13:38:28.689 GMT] WARN PipelineCallServlet|746910038|Sites-RefArch-Site|Page-Include|PipelineCall|8VZnYky40s custom []  Content asset with ID cookie_hint is offline
[2023-01-10 13:54:33.896 GMT] WARN PipelineCallServlet|1927841104|Sites-RefArch-Site|Page-Include|PipelineCall|8VZnYky40s custom []  Content asset with ID cookie_hint is offline
[2023-01-10 13:54:39.490 GMT] WARN PipelineCallServlet|538739595|Sites-RefArch-Site|Page-Include|PipelineCall|8VZnYky40s custom []  Content asset with ID cookie_hint is offline
[2023-01-10 13:56:39.327 GMT] WARN PipelineCallServlet|1555988766|Sites-RefArch-Site|Page-Include|PipelineCall|8VZnYky40s custom []  Content asset with ID cookie_hint is offline
[2023-01-10 13:57:55.645 GMT] WARN PipelineCallServlet|746910038|Sites-RefArch-Site|Page-Include|PipelineCall|8VZnYky40s custom []  Content asset with ID cookie_hint is offline
[2023-01-10 13:58:34.369 GMT] WARN PipelineCallServlet|1117646354|Sites-RefArch-Site|Page-Include|PipelineCall|8VZnYky40s custom []  Content asset with ID cookie_hint is offline
[2023-01-10 13:58:43.143 GMT] WARN PipelineCallServlet|1117646354|Sites-RefArch-Site|Page-Include|PipelineCall|-pkXYIw5Mc custom []  Content asset with ID cookie_hint is offline
