[2023-01-11 05:44:59.692 GMT] WARN PipelineCallServlet|538739595|Sites-RefArch-Site|Page-Include|PipelineCall|2NcjVCn68D custom []  Content asset with ID cookie_hint is offline
[2023-01-11 05:45:21.735 GMT] WARN PipelineCallServlet|1927841104|Sites-RefArch-Site|Page-Include|PipelineCall|2NcjVCn68D custom []  Content asset with ID cookie_hint is offline
[2023-01-11 05:46:13.732 GMT] WARN PipelineCallServlet|1927841104|Sites-RefArch-Site|Page-Include|PipelineCall|2NcjVCn68D custom []  Content asset with ID cookie_hint is offline
[2023-01-11 05:48:07.981 GMT] WARN PipelineCallServlet|1117646354|Sites-RefArch-Site|Page-Include|PipelineCall|2NcjVCn68D custom []  Content asset with ID cookie_hint is offline
[2023-01-11 06:27:25.135 GMT] WARN PipelineCallServlet|383154887|Sites-RefArch-Site|Page-Include|PipelineCall|2NcjVCn68D custom []  Content asset with ID cookie_hint is offline
[2023-01-11 06:27:38.926 GMT] WARN PipelineCallServlet|674227625|Sites-RefArch-Site|Page-Include|PipelineCall|2NcjVCn68D custom []  Content asset with ID cookie_hint is offline
[2023-01-11 07:10:06.744 GMT] WARN PipelineCallServlet|2070926798|Sites-Mailchimp-Site|Page-Include|PipelineCall|WuYJKcnIZV custom []  Content asset with ID footer-locate-store was included but not found
[2023-01-11 07:10:06.750 GMT] WARN PipelineCallServlet|1016349854|Sites-Mailchimp-Site|Page-Include|PipelineCall|WuYJKcnIZV custom []  Content asset with ID footer-account was included but not found
[2023-01-11 07:10:06.755 GMT] WARN PipelineCallServlet|657231921|Sites-Mailchimp-Site|Page-Include|PipelineCall|WuYJKcnIZV custom []  Content asset with ID footer-support was included but not found
[2023-01-11 07:10:06.760 GMT] WARN PipelineCallServlet|383154887|Sites-Mailchimp-Site|Page-Include|PipelineCall|WuYJKcnIZV custom []  Content asset with ID footer-about was included but not found
[2023-01-11 07:10:06.768 GMT] WARN PipelineCallServlet|746910038|Sites-Mailchimp-Site|Page-Include|PipelineCall|WuYJKcnIZV custom []  Content asset with ID footer-copy was included but not found
[2023-01-11 07:10:06.772 GMT] WARN PipelineCallServlet|538739595|Sites-Mailchimp-Site|Page-Include|PipelineCall|WuYJKcnIZV custom []  Content asset with ID cookie_hint was included but not found
[2023-01-11 07:11:03.514 GMT] WARN PipelineCallServlet|746910038|Sites-Mailchimp-Site|Page-Include|PipelineCall|WuYJKcnIZV custom []  Content asset with ID footer-locate-store was included but not found
[2023-01-11 07:11:03.517 GMT] WARN PipelineCallServlet|538739595|Sites-Mailchimp-Site|Page-Include|PipelineCall|WuYJKcnIZV custom []  Content asset with ID footer-account was included but not found
[2023-01-11 07:11:03.521 GMT] WARN PipelineCallServlet|1117646354|Sites-Mailchimp-Site|Page-Include|PipelineCall|WuYJKcnIZV custom []  Content asset with ID footer-support was included but not found
[2023-01-11 07:11:03.524 GMT] WARN PipelineCallServlet|83063889|Sites-Mailchimp-Site|Page-Include|PipelineCall|WuYJKcnIZV custom []  Content asset with ID footer-about was included but not found
[2023-01-11 07:11:03.531 GMT] WARN PipelineCallServlet|383154887|Sites-Mailchimp-Site|Page-Include|PipelineCall|WuYJKcnIZV custom []  Content asset with ID footer-copy was included but not found
[2023-01-11 07:11:03.540 GMT] WARN PipelineCallServlet|1016349854|Sites-Mailchimp-Site|Page-Include|PipelineCall|WuYJKcnIZV custom []  Content asset with ID cookie_hint was included but not found
[2023-01-11 07:11:18.162 GMT] WARN PipelineCallServlet|657231921|Sites-Mailchimp-Site|Page-Include|PipelineCall|WuYJKcnIZV custom []  Content asset with ID footer-locate-store was included but not found
[2023-01-11 07:11:18.165 GMT] WARN PipelineCallServlet|746910038|Sites-Mailchimp-Site|Page-Include|PipelineCall|WuYJKcnIZV custom []  Content asset with ID footer-account was included but not found
[2023-01-11 07:11:18.169 GMT] WARN PipelineCallServlet|1117646354|Sites-Mailchimp-Site|Page-Include|PipelineCall|WuYJKcnIZV custom []  Content asset with ID footer-support was included but not found
[2023-01-11 07:11:18.172 GMT] WARN PipelineCallServlet|538739595|Sites-Mailchimp-Site|Page-Include|PipelineCall|WuYJKcnIZV custom []  Content asset with ID footer-about was included but not found
[2023-01-11 07:11:18.178 GMT] WARN PipelineCallServlet|2070926798|Sites-Mailchimp-Site|Page-Include|PipelineCall|WuYJKcnIZV custom []  Content asset with ID footer-copy was included but not found
[2023-01-11 07:13:37.478 GMT] WARN PipelineCallServlet|657231921|Sites-Mailchimp-Site|Page-Include|PipelineCall|WuYJKcnIZV custom []  Content asset with ID footer-locate-store was included but not found
[2023-01-11 07:13:37.482 GMT] WARN PipelineCallServlet|746910038|Sites-Mailchimp-Site|Page-Include|PipelineCall|WuYJKcnIZV custom []  Content asset with ID footer-account was included but not found
[2023-01-11 07:13:37.486 GMT] WARN PipelineCallServlet|538739595|Sites-Mailchimp-Site|Page-Include|PipelineCall|WuYJKcnIZV custom []  Content asset with ID footer-support was included but not found
[2023-01-11 07:13:37.489 GMT] WARN PipelineCallServlet|383154887|Sites-Mailchimp-Site|Page-Include|PipelineCall|WuYJKcnIZV custom []  Content asset with ID footer-about was included but not found
[2023-01-11 07:13:37.495 GMT] WARN PipelineCallServlet|83063889|Sites-Mailchimp-Site|Page-Include|PipelineCall|WuYJKcnIZV custom []  Content asset with ID footer-copy was included but not found
[2023-01-11 07:13:37.498 GMT] WARN PipelineCallServlet|674227625|Sites-Mailchimp-Site|Page-Include|PipelineCall|WuYJKcnIZV custom []  Content asset with ID cookie_hint was included but not found
[2023-01-11 08:05:21.930 GMT] WARN PipelineCallServlet|1016349854|Sites-Mailchimp-Site|Page-Include|PipelineCall|WuYJKcnIZV custom []  Content asset with ID footer-locate-store was included but not found
[2023-01-11 08:05:21.936 GMT] WARN PipelineCallServlet|1117646354|Sites-Mailchimp-Site|Page-Include|PipelineCall|WuYJKcnIZV custom []  Content asset with ID footer-account was included but not found
[2023-01-11 08:05:21.939 GMT] WARN PipelineCallServlet|2070926798|Sites-Mailchimp-Site|Page-Include|PipelineCall|WuYJKcnIZV custom []  Content asset with ID footer-support was included but not found
[2023-01-11 08:05:21.943 GMT] WARN PipelineCallServlet|746910038|Sites-Mailchimp-Site|Page-Include|PipelineCall|WuYJKcnIZV custom []  Content asset with ID footer-about was included but not found
[2023-01-11 08:05:21.949 GMT] WARN PipelineCallServlet|383154887|Sites-Mailchimp-Site|Page-Include|PipelineCall|WuYJKcnIZV custom []  Content asset with ID footer-copy was included but not found
[2023-01-11 08:05:21.952 GMT] WARN PipelineCallServlet|674227625|Sites-Mailchimp-Site|Page-Include|PipelineCall|WuYJKcnIZV custom []  Content asset with ID cookie_hint was included but not found
[2023-01-11 08:06:01.753 GMT] WARN PipelineCallServlet|83063889|Sites-Mailchimp-Site|Page-Include|PipelineCall|3ZpzMUUuuY custom []  Content asset with ID footer-locate-store was included but not found
[2023-01-11 08:06:01.757 GMT] WARN PipelineCallServlet|674227625|Sites-Mailchimp-Site|Page-Include|PipelineCall|3ZpzMUUuuY custom []  Content asset with ID footer-account was included but not found
[2023-01-11 08:06:01.761 GMT] WARN PipelineCallServlet|538739595|Sites-Mailchimp-Site|Page-Include|PipelineCall|3ZpzMUUuuY custom []  Content asset with ID footer-support was included but not found
[2023-01-11 08:06:01.764 GMT] WARN PipelineCallServlet|657231921|Sites-Mailchimp-Site|Page-Include|PipelineCall|3ZpzMUUuuY custom []  Content asset with ID footer-about was included but not found
[2023-01-11 08:06:01.770 GMT] WARN PipelineCallServlet|1117646354|Sites-Mailchimp-Site|Page-Include|PipelineCall|3ZpzMUUuuY custom []  Content asset with ID footer-copy was included but not found
[2023-01-11 08:06:01.774 GMT] WARN PipelineCallServlet|746910038|Sites-Mailchimp-Site|Page-Include|PipelineCall|3ZpzMUUuuY custom []  Content asset with ID cookie_hint was included but not found
[2023-01-11 08:06:35.975 GMT] WARN PipelineCallServlet|674227625|Sites-Mailchimp-Site|Page-Include|PipelineCall|jArKlbOSxo custom []  Content asset with ID footer-locate-store was included but not found
[2023-01-11 08:06:35.979 GMT] WARN PipelineCallServlet|1016349854|Sites-Mailchimp-Site|Page-Include|PipelineCall|jArKlbOSxo custom []  Content asset with ID footer-account was included but not found
[2023-01-11 08:06:35.982 GMT] WARN PipelineCallServlet|538739595|Sites-Mailchimp-Site|Page-Include|PipelineCall|jArKlbOSxo custom []  Content asset with ID footer-support was included but not found
[2023-01-11 08:06:35.986 GMT] WARN PipelineCallServlet|657231921|Sites-Mailchimp-Site|Page-Include|PipelineCall|jArKlbOSxo custom []  Content asset with ID footer-about was included but not found
[2023-01-11 08:06:35.991 GMT] WARN PipelineCallServlet|746910038|Sites-Mailchimp-Site|Page-Include|PipelineCall|jArKlbOSxo custom []  Content asset with ID footer-copy was included but not found
[2023-01-11 08:06:35.995 GMT] WARN PipelineCallServlet|2070926798|Sites-Mailchimp-Site|Page-Include|PipelineCall|jArKlbOSxo custom []  Content asset with ID cookie_hint was included but not found
[2023-01-11 08:06:42.583 GMT] WARN PipelineCallServlet|383154887|Sites-Mailchimp-Site|Page-Include|PipelineCall|jArKlbOSxo custom []  Content asset with ID footer-locate-store was included but not found
[2023-01-11 08:06:42.587 GMT] WARN PipelineCallServlet|83063889|Sites-Mailchimp-Site|Page-Include|PipelineCall|jArKlbOSxo custom []  Content asset with ID footer-account was included but not found
[2023-01-11 08:06:42.590 GMT] WARN PipelineCallServlet|674227625|Sites-Mailchimp-Site|Page-Include|PipelineCall|jArKlbOSxo custom []  Content asset with ID footer-support was included but not found
[2023-01-11 08:06:42.594 GMT] WARN PipelineCallServlet|1016349854|Sites-Mailchimp-Site|Page-Include|PipelineCall|jArKlbOSxo custom []  Content asset with ID footer-about was included but not found
[2023-01-11 08:06:42.600 GMT] WARN PipelineCallServlet|657231921|Sites-Mailchimp-Site|Page-Include|PipelineCall|jArKlbOSxo custom []  Content asset with ID footer-copy was included but not found
[2023-01-11 08:06:42.604 GMT] WARN PipelineCallServlet|1117646354|Sites-Mailchimp-Site|Page-Include|PipelineCall|jArKlbOSxo custom []  Content asset with ID cookie_hint was included but not found
[2023-01-11 08:06:55.257 GMT] WARN PipelineCallServlet|538739595|Sites-Mailchimp-Site|Page-Include|PipelineCall|jArKlbOSxo custom []  Content asset with ID footer-locate-store was included but not found
[2023-01-11 08:06:55.261 GMT] WARN PipelineCallServlet|657231921|Sites-Mailchimp-Site|Page-Include|PipelineCall|jArKlbOSxo custom []  Content asset with ID footer-account was included but not found
[2023-01-11 08:06:55.265 GMT] WARN PipelineCallServlet|1117646354|Sites-Mailchimp-Site|Page-Include|PipelineCall|jArKlbOSxo custom []  Content asset with ID footer-support was included but not found
[2023-01-11 08:06:55.269 GMT] WARN PipelineCallServlet|746910038|Sites-Mailchimp-Site|Page-Include|PipelineCall|jArKlbOSxo custom []  Content asset with ID footer-about was included but not found
[2023-01-11 08:06:55.275 GMT] WARN PipelineCallServlet|1927841104|Sites-Mailchimp-Site|Page-Include|PipelineCall|jArKlbOSxo custom []  Content asset with ID footer-copy was included but not found
[2023-01-11 08:06:55.278 GMT] WARN PipelineCallServlet|674227625|Sites-Mailchimp-Site|Page-Include|PipelineCall|jArKlbOSxo custom []  Content asset with ID cookie_hint was included but not found
[2023-01-11 08:07:27.888 GMT] WARN PipelineCallServlet|383154887|Sites-Mailchimp-Site|Page-Include|PipelineCall|XqjPI86A4j custom []  Content asset with ID footer-locate-store was included but not found
[2023-01-11 08:07:27.892 GMT] WARN PipelineCallServlet|538739595|Sites-Mailchimp-Site|Page-Include|PipelineCall|XqjPI86A4j custom []  Content asset with ID footer-account was included but not found
[2023-01-11 08:07:27.896 GMT] WARN PipelineCallServlet|1016349854|Sites-Mailchimp-Site|Page-Include|PipelineCall|XqjPI86A4j custom []  Content asset with ID footer-support was included but not found
[2023-01-11 08:07:27.899 GMT] WARN PipelineCallServlet|657231921|Sites-Mailchimp-Site|Page-Include|PipelineCall|XqjPI86A4j custom []  Content asset with ID footer-about was included but not found
[2023-01-11 08:07:27.905 GMT] WARN PipelineCallServlet|1927841104|Sites-Mailchimp-Site|Page-Include|PipelineCall|XqjPI86A4j custom []  Content asset with ID footer-copy was included but not found
[2023-01-11 08:07:27.909 GMT] WARN PipelineCallServlet|746910038|Sites-Mailchimp-Site|Page-Include|PipelineCall|XqjPI86A4j custom []  Content asset with ID cookie_hint was included but not found
[2023-01-11 08:07:37.539 GMT] WARN PipelineCallServlet|1927841104|Sites-Mailchimp-Site|Page-Include|PipelineCall|S7TEkZTk51 custom []  Content asset with ID footer-locate-store was included but not found
[2023-01-11 08:07:37.543 GMT] WARN PipelineCallServlet|746910038|Sites-Mailchimp-Site|Page-Include|PipelineCall|S7TEkZTk51 custom []  Content asset with ID footer-account was included but not found
[2023-01-11 08:07:37.547 GMT] WARN PipelineCallServlet|2070926798|Sites-Mailchimp-Site|Page-Include|PipelineCall|S7TEkZTk51 custom []  Content asset with ID footer-support was included but not found
[2023-01-11 08:07:37.550 GMT] WARN PipelineCallServlet|83063889|Sites-Mailchimp-Site|Page-Include|PipelineCall|S7TEkZTk51 custom []  Content asset with ID footer-about was included but not found
[2023-01-11 08:07:37.556 GMT] WARN PipelineCallServlet|383154887|Sites-Mailchimp-Site|Page-Include|PipelineCall|S7TEkZTk51 custom []  Content asset with ID footer-copy was included but not found
[2023-01-11 08:07:37.560 GMT] WARN PipelineCallServlet|538739595|Sites-Mailchimp-Site|Page-Include|PipelineCall|S7TEkZTk51 custom []  Content asset with ID cookie_hint was included but not found
[2023-01-11 08:07:40.817 GMT] WARN PipelineCallServlet|657231921|Sites-Mailchimp-Site|Page-Include|PipelineCall|S7TEkZTk51 custom []  Content asset with ID footer-locate-store was included but not found
[2023-01-11 08:07:40.820 GMT] WARN PipelineCallServlet|1117646354|Sites-Mailchimp-Site|Page-Include|PipelineCall|S7TEkZTk51 custom []  Content asset with ID footer-account was included but not found
[2023-01-11 08:07:40.824 GMT] WARN PipelineCallServlet|1927841104|Sites-Mailchimp-Site|Page-Include|PipelineCall|S7TEkZTk51 custom []  Content asset with ID footer-support was included but not found
[2023-01-11 08:07:40.827 GMT] WARN PipelineCallServlet|746910038|Sites-Mailchimp-Site|Page-Include|PipelineCall|S7TEkZTk51 custom []  Content asset with ID footer-about was included but not found
[2023-01-11 08:07:40.833 GMT] WARN PipelineCallServlet|83063889|Sites-Mailchimp-Site|Page-Include|PipelineCall|S7TEkZTk51 custom []  Content asset with ID footer-copy was included but not found
[2023-01-11 08:07:40.836 GMT] WARN PipelineCallServlet|674227625|Sites-Mailchimp-Site|Page-Include|PipelineCall|S7TEkZTk51 custom []  Content asset with ID cookie_hint was included but not found
[2023-01-11 08:08:41.143 GMT] WARN PipelineCallServlet|1927841104|Sites-Mailchimp-Site|Page-Include|PipelineCall|n_RfcsThCf custom []  Content asset with ID footer-locate-store was included but not found
[2023-01-11 08:08:41.147 GMT] WARN PipelineCallServlet|2070926798|Sites-Mailchimp-Site|Page-Include|PipelineCall|n_RfcsThCf custom []  Content asset with ID footer-account was included but not found
[2023-01-11 08:08:41.151 GMT] WARN PipelineCallServlet|83063889|Sites-Mailchimp-Site|Page-Include|PipelineCall|n_RfcsThCf custom []  Content asset with ID footer-support was included but not found
[2023-01-11 08:08:41.154 GMT] WARN PipelineCallServlet|674227625|Sites-Mailchimp-Site|Page-Include|PipelineCall|n_RfcsThCf custom []  Content asset with ID footer-about was included but not found
[2023-01-11 08:08:41.160 GMT] WARN PipelineCallServlet|538739595|Sites-Mailchimp-Site|Page-Include|PipelineCall|n_RfcsThCf custom []  Content asset with ID footer-copy was included but not found
[2023-01-11 08:08:41.163 GMT] WARN PipelineCallServlet|1016349854|Sites-Mailchimp-Site|Page-Include|PipelineCall|n_RfcsThCf custom []  Content asset with ID cookie_hint was included but not found
[2023-01-11 12:35:32.936 GMT] WARN PipelineCallServlet|359700637|Sites-RefArch-Site|Page-Include|PipelineCall|n_RfcsThCf custom []  Content asset with ID cookie_hint is offline
[2023-01-11 12:35:46.443 GMT] WARN PipelineCallServlet|383154887|Sites-RefArch-Site|Page-Include|PipelineCall|n_RfcsThCf custom []  Content asset with ID cookie_hint is offline
[2023-01-11 12:35:57.227 GMT] WARN PipelineCallServlet|1669775775|Sites-RefArch-Site|Page-Include|PipelineCall|n_RfcsThCf custom []  Content asset with ID cookie_hint is offline
[2023-01-11 12:40:57.704 GMT] WARN PipelineCallServlet|1637278226|Sites-RefArch-Site|Page-Include|PipelineCall|n_RfcsThCf custom []  Content asset with ID cookie_hint is offline
[2023-01-11 12:58:12.495 GMT] WARN PipelineCallServlet|2070926798|Sites-RefArch-Site|Page-Include|PipelineCall|n_RfcsThCf custom []  Content asset with ID cookie_hint is offline
[2023-01-11 13:01:22.361 GMT] WARN PipelineCallServlet|746910038|Sites-Mailchimp-Site|Page-Include|PipelineCall|YioO_1XCu8 custom []  Content asset with ID footer-locate-store was included but not found
[2023-01-11 13:01:22.366 GMT] WARN PipelineCallServlet|2070926798|Sites-Mailchimp-Site|Page-Include|PipelineCall|YioO_1XCu8 custom []  Content asset with ID footer-account was included but not found
[2023-01-11 13:01:22.370 GMT] WARN PipelineCallServlet|764169749|Sites-Mailchimp-Site|Page-Include|PipelineCall|YioO_1XCu8 custom []  Content asset with ID footer-support was included but not found
[2023-01-11 13:01:22.374 GMT] WARN PipelineCallServlet|1927841104|Sites-Mailchimp-Site|Page-Include|PipelineCall|YioO_1XCu8 custom []  Content asset with ID footer-about was included but not found
[2023-01-11 13:01:22.380 GMT] WARN PipelineCallServlet|1016349854|Sites-Mailchimp-Site|Page-Include|PipelineCall|YioO_1XCu8 custom []  Content asset with ID footer-copy was included but not found
[2023-01-11 13:01:22.384 GMT] WARN PipelineCallServlet|674227625|Sites-Mailchimp-Site|Page-Include|PipelineCall|YioO_1XCu8 custom []  Content asset with ID cookie_hint was included but not found
[2023-01-11 13:01:25.737 GMT] WARN PipelineCallServlet|674227625|Sites-Mailchimp-Site|Page-Include|PipelineCall|YioO_1XCu8 custom []  Content asset with ID footer-locate-store was included but not found
[2023-01-11 13:01:25.741 GMT] WARN PipelineCallServlet|83063889|Sites-Mailchimp-Site|Page-Include|PipelineCall|YioO_1XCu8 custom []  Content asset with ID footer-account was included but not found
[2023-01-11 13:01:25.744 GMT] WARN PipelineCallServlet|1117646354|Sites-Mailchimp-Site|Page-Include|PipelineCall|YioO_1XCu8 custom []  Content asset with ID footer-support was included but not found
[2023-01-11 13:01:25.748 GMT] WARN PipelineCallServlet|1637278226|Sites-Mailchimp-Site|Page-Include|PipelineCall|YioO_1XCu8 custom []  Content asset with ID footer-about was included but not found
[2023-01-11 13:01:25.755 GMT] WARN PipelineCallServlet|359700637|Sites-Mailchimp-Site|Page-Include|PipelineCall|YioO_1XCu8 custom []  Content asset with ID footer-copy was included but not found
[2023-01-11 13:01:25.759 GMT] WARN PipelineCallServlet|1576437700|Sites-Mailchimp-Site|Page-Include|PipelineCall|YioO_1XCu8 custom []  Content asset with ID cookie_hint was included but not found
[2023-01-11 13:01:38.222 GMT] WARN PipelineCallServlet|1927841104|Sites-Mailchimp-Site|Page-Include|PipelineCall|YioO_1XCu8 custom []  Content asset with ID footer-locate-store was included but not found
[2023-01-11 13:01:38.226 GMT] WARN PipelineCallServlet|2070926798|Sites-Mailchimp-Site|Page-Include|PipelineCall|YioO_1XCu8 custom []  Content asset with ID footer-account was included but not found
[2023-01-11 13:01:38.230 GMT] WARN PipelineCallServlet|83063889|Sites-Mailchimp-Site|Page-Include|PipelineCall|YioO_1XCu8 custom []  Content asset with ID footer-support was included but not found
[2023-01-11 13:01:38.233 GMT] WARN PipelineCallServlet|674227625|Sites-Mailchimp-Site|Page-Include|PipelineCall|YioO_1XCu8 custom []  Content asset with ID footer-about was included but not found
[2023-01-11 13:01:38.239 GMT] WARN PipelineCallServlet|487711057|Sites-Mailchimp-Site|Page-Include|PipelineCall|YioO_1XCu8 custom []  Content asset with ID footer-copy was included but not found
[2023-01-11 13:06:57.030 GMT] WARN PipelineCallServlet|359700637|Sites-Mailchimp-Site|Page-Include|PipelineCall|YioO_1XCu8 custom []  Content asset with ID footer-locate-store was included but not found
[2023-01-11 13:06:57.036 GMT] WARN PipelineCallServlet|383154887|Sites-Mailchimp-Site|Page-Include|PipelineCall|YioO_1XCu8 custom []  Content asset with ID footer-account was included but not found
[2023-01-11 13:06:57.041 GMT] WARN PipelineCallServlet|1927841104|Sites-Mailchimp-Site|Page-Include|PipelineCall|YioO_1XCu8 custom []  Content asset with ID footer-support was included but not found
[2023-01-11 13:06:57.045 GMT] WARN PipelineCallServlet|2070926798|Sites-Mailchimp-Site|Page-Include|PipelineCall|YioO_1XCu8 custom []  Content asset with ID footer-about was included but not found
[2023-01-11 13:06:57.052 GMT] WARN PipelineCallServlet|764169749|Sites-Mailchimp-Site|Page-Include|PipelineCall|YioO_1XCu8 custom []  Content asset with ID footer-copy was included but not found
[2023-01-11 13:06:57.056 GMT] WARN PipelineCallServlet|538739595|Sites-Mailchimp-Site|Page-Include|PipelineCall|YioO_1XCu8 custom []  Content asset with ID cookie_hint was included but not found
[2023-01-11 13:13:27.962 GMT] WARN PipelineCallServlet|383154887|Sites-RefArch-Site|Page-Include|PipelineCall|YioO_1XCu8 custom []  Content asset with ID cookie_hint is offline
[2023-01-11 13:14:08.846 GMT] WARN PipelineCallServlet|674227625|Sites-RefArch-Site|Page-Include|PipelineCall|YioO_1XCu8 custom []  Content asset with ID cookie_hint is offline
[2023-01-11 13:14:20.591 GMT] WARN PipelineCallServlet|359700637|Sites-RefArch-Site|Page-Include|PipelineCall|YioO_1XCu8 custom []  Content asset with ID cookie_hint is offline
[2023-01-11 13:15:31.104 GMT] WARN PipelineCallServlet|487711057|Sites-RefArch-Site|Page-Include|PipelineCall|YioO_1XCu8 custom []  Content asset with ID cookie_hint is offline
[2023-01-11 13:16:27.899 GMT] WARN PipelineCallServlet|1576437700|Sites-Mailchimp-Site|Page-Include|PipelineCall|YioO_1XCu8 custom []  Content asset with ID footer-locate-store was included but not found
[2023-01-11 13:16:27.903 GMT] WARN PipelineCallServlet|487711057|Sites-Mailchimp-Site|Page-Include|PipelineCall|YioO_1XCu8 custom []  Content asset with ID footer-account was included but not found
[2023-01-11 13:16:27.906 GMT] WARN PipelineCallServlet|1016349854|Sites-Mailchimp-Site|Page-Include|PipelineCall|YioO_1XCu8 custom []  Content asset with ID footer-support was included but not found
[2023-01-11 13:16:27.910 GMT] WARN PipelineCallServlet|764169749|Sites-Mailchimp-Site|Page-Include|PipelineCall|YioO_1XCu8 custom []  Content asset with ID footer-about was included but not found
[2023-01-11 13:16:27.916 GMT] WARN PipelineCallServlet|1669775775|Sites-Mailchimp-Site|Page-Include|PipelineCall|YioO_1XCu8 custom []  Content asset with ID footer-copy was included but not found
[2023-01-11 13:16:27.919 GMT] WARN PipelineCallServlet|657231921|Sites-Mailchimp-Site|Page-Include|PipelineCall|YioO_1XCu8 custom []  Content asset with ID cookie_hint was included but not found
[2023-01-11 13:16:40.342 GMT] WARN PipelineCallServlet|83063889|Sites-Mailchimp-Site|Page-Include|PipelineCall|YioO_1XCu8 custom []  Content asset with ID footer-locate-store was included but not found
[2023-01-11 13:16:40.346 GMT] WARN PipelineCallServlet|383154887|Sites-Mailchimp-Site|Page-Include|PipelineCall|YioO_1XCu8 custom []  Content asset with ID footer-account was included but not found
[2023-01-11 13:16:40.350 GMT] WARN PipelineCallServlet|1637278226|Sites-Mailchimp-Site|Page-Include|PipelineCall|YioO_1XCu8 custom []  Content asset with ID footer-support was included but not found
[2023-01-11 13:16:40.353 GMT] WARN PipelineCallServlet|746910038|Sites-Mailchimp-Site|Page-Include|PipelineCall|YioO_1XCu8 custom []  Content asset with ID footer-about was included but not found
[2023-01-11 13:16:40.359 GMT] WARN PipelineCallServlet|1576437700|Sites-Mailchimp-Site|Page-Include|PipelineCall|YioO_1XCu8 custom []  Content asset with ID footer-copy was included but not found
[2023-01-11 13:16:40.363 GMT] WARN PipelineCallServlet|487711057|Sites-Mailchimp-Site|Page-Include|PipelineCall|YioO_1XCu8 custom []  Content asset with ID cookie_hint was included but not found
[2023-01-11 13:16:44.392 GMT] WARN PipelineCallServlet|1637278226|Sites-Mailchimp-Site|Page-Include|PipelineCall|YioO_1XCu8 custom []  Content asset with ID footer-locate-store was included but not found
[2023-01-11 13:16:44.396 GMT] WARN PipelineCallServlet|746910038|Sites-Mailchimp-Site|Page-Include|PipelineCall|YioO_1XCu8 custom []  Content asset with ID footer-account was included but not found
[2023-01-11 13:16:44.399 GMT] WARN PipelineCallServlet|359700637|Sites-Mailchimp-Site|Page-Include|PipelineCall|YioO_1XCu8 custom []  Content asset with ID footer-support was included but not found
[2023-01-11 13:16:44.403 GMT] WARN PipelineCallServlet|487711057|Sites-Mailchimp-Site|Page-Include|PipelineCall|YioO_1XCu8 custom []  Content asset with ID footer-about was included but not found
[2023-01-11 13:16:44.409 GMT] WARN PipelineCallServlet|1576437700|Sites-Mailchimp-Site|Page-Include|PipelineCall|YioO_1XCu8 custom []  Content asset with ID footer-copy was included but not found
[2023-01-11 13:17:53.129 GMT] WARN PipelineCallServlet|764169749|Sites-Mailchimp-Site|Page-Include|PipelineCall|YioO_1XCu8 custom []  Content asset with ID footer-locate-store was included but not found
[2023-01-11 13:17:53.134 GMT] WARN PipelineCallServlet|1669775775|Sites-Mailchimp-Site|Page-Include|PipelineCall|YioO_1XCu8 custom []  Content asset with ID footer-account was included but not found
[2023-01-11 13:17:53.137 GMT] WARN PipelineCallServlet|1016349854|Sites-Mailchimp-Site|Page-Include|PipelineCall|YioO_1XCu8 custom []  Content asset with ID footer-support was included but not found
[2023-01-11 13:17:53.141 GMT] WARN PipelineCallServlet|383154887|Sites-Mailchimp-Site|Page-Include|PipelineCall|YioO_1XCu8 custom []  Content asset with ID footer-about was included but not found
[2023-01-11 13:17:53.148 GMT] WARN PipelineCallServlet|538739595|Sites-Mailchimp-Site|Page-Include|PipelineCall|YioO_1XCu8 custom []  Content asset with ID footer-copy was included but not found
[2023-01-11 13:17:53.151 GMT] WARN PipelineCallServlet|674227625|Sites-Mailchimp-Site|Page-Include|PipelineCall|YioO_1XCu8 custom []  Content asset with ID cookie_hint was included but not found
[2023-01-11 13:23:42.578 GMT] WARN PipelineCallServlet|1637278226|Sites-RefArch-Site|Page-Include|PipelineCall|91Xmb8OHj1 custom []  Content asset with ID cookie_hint is offline
[2023-01-11 13:50:48.713 GMT] WARN PipelineCallServlet|83063889|Sites-Mailchimp-Site|Page-Include|PipelineCall|YioO_1XCu8 custom []  Content asset with ID footer-locate-store was included but not found
[2023-01-11 13:50:48.720 GMT] WARN PipelineCallServlet|1117646354|Sites-Mailchimp-Site|Page-Include|PipelineCall|YioO_1XCu8 custom []  Content asset with ID footer-account was included but not found
[2023-01-11 13:50:48.725 GMT] WARN PipelineCallServlet|764169749|Sites-Mailchimp-Site|Page-Include|PipelineCall|YioO_1XCu8 custom []  Content asset with ID footer-support was included but not found
[2023-01-11 13:50:48.731 GMT] WARN PipelineCallServlet|487711057|Sites-Mailchimp-Site|Page-Include|PipelineCall|YioO_1XCu8 custom []  Content asset with ID footer-about was included but not found
[2023-01-11 13:50:48.738 GMT] WARN PipelineCallServlet|538739595|Sites-Mailchimp-Site|Page-Include|PipelineCall|YioO_1XCu8 custom []  Content asset with ID footer-copy was included but not found
[2023-01-11 13:50:48.742 GMT] WARN PipelineCallServlet|674227625|Sites-Mailchimp-Site|Page-Include|PipelineCall|YioO_1XCu8 custom []  Content asset with ID cookie_hint was included but not found
[2023-01-11 13:51:15.918 GMT] WARN PipelineCallServlet|359700637|Sites-Mailchimp-Site|Page-Include|PipelineCall|MdTlot6QTL custom []  Content asset with ID footer-locate-store was included but not found
[2023-01-11 13:51:15.922 GMT] WARN PipelineCallServlet|383154887|Sites-Mailchimp-Site|Page-Include|PipelineCall|MdTlot6QTL custom []  Content asset with ID footer-account was included but not found
[2023-01-11 13:51:15.926 GMT] WARN PipelineCallServlet|657231921|Sites-Mailchimp-Site|Page-Include|PipelineCall|MdTlot6QTL custom []  Content asset with ID footer-support was included but not found
[2023-01-11 13:51:15.930 GMT] WARN PipelineCallServlet|1637278226|Sites-Mailchimp-Site|Page-Include|PipelineCall|MdTlot6QTL custom []  Content asset with ID footer-about was included but not found
[2023-01-11 13:51:15.936 GMT] WARN PipelineCallServlet|1016349854|Sites-Mailchimp-Site|Page-Include|PipelineCall|MdTlot6QTL custom []  Content asset with ID footer-copy was included but not found
[2023-01-11 13:51:15.939 GMT] WARN PipelineCallServlet|2070926798|Sites-Mailchimp-Site|Page-Include|PipelineCall|MdTlot6QTL custom []  Content asset with ID cookie_hint was included but not found
[2023-01-11 13:51:24.628 GMT] WARN PipelineCallServlet|1117646354|Sites-Mailchimp-Site|Page-Include|PipelineCall|MdTlot6QTL custom []  Content asset with ID footer-locate-store was included but not found
[2023-01-11 13:51:24.632 GMT] WARN PipelineCallServlet|83063889|Sites-Mailchimp-Site|Page-Include|PipelineCall|MdTlot6QTL custom []  Content asset with ID footer-account was included but not found
[2023-01-11 13:51:24.636 GMT] WARN PipelineCallServlet|764169749|Sites-Mailchimp-Site|Page-Include|PipelineCall|MdTlot6QTL custom []  Content asset with ID footer-support was included but not found
[2023-01-11 13:51:24.639 GMT] WARN PipelineCallServlet|538739595|Sites-Mailchimp-Site|Page-Include|PipelineCall|MdTlot6QTL custom []  Content asset with ID footer-about was included but not found
[2023-01-11 13:51:24.646 GMT] WARN PipelineCallServlet|1576437700|Sites-Mailchimp-Site|Page-Include|PipelineCall|MdTlot6QTL custom []  Content asset with ID footer-copy was included but not found
[2023-01-11 13:51:24.649 GMT] WARN PipelineCallServlet|487711057|Sites-Mailchimp-Site|Page-Include|PipelineCall|MdTlot6QTL custom []  Content asset with ID cookie_hint was included but not found
[2023-01-11 13:52:01.034 GMT] WARN PipelineCallServlet|1576437700|Sites-Mailchimp-Site|Page-Include|PipelineCall|MdTlot6QTL custom []  Content asset with ID footer-locate-store was included but not found
[2023-01-11 13:52:01.038 GMT] WARN PipelineCallServlet|657231921|Sites-Mailchimp-Site|Page-Include|PipelineCall|MdTlot6QTL custom []  Content asset with ID footer-account was included but not found
[2023-01-11 13:52:01.042 GMT] WARN PipelineCallServlet|383154887|Sites-Mailchimp-Site|Page-Include|PipelineCall|MdTlot6QTL custom []  Content asset with ID footer-support was included but not found
[2023-01-11 13:52:01.046 GMT] WARN PipelineCallServlet|538739595|Sites-Mailchimp-Site|Page-Include|PipelineCall|MdTlot6QTL custom []  Content asset with ID footer-about was included but not found
[2023-01-11 13:52:01.052 GMT] WARN PipelineCallServlet|2070926798|Sites-Mailchimp-Site|Page-Include|PipelineCall|MdTlot6QTL custom []  Content asset with ID footer-copy was included but not found
[2023-01-11 13:52:01.055 GMT] WARN PipelineCallServlet|1637278226|Sites-Mailchimp-Site|Page-Include|PipelineCall|MdTlot6QTL custom []  Content asset with ID cookie_hint was included but not found
[2023-01-11 13:52:19.424 GMT] WARN PipelineCallServlet|83063889|Sites-Mailchimp-Site|Page-Include|PipelineCall|MdTlot6QTL custom []  Content asset with ID footer-locate-store was included but not found
[2023-01-11 13:52:19.428 GMT] WARN PipelineCallServlet|1637278226|Sites-Mailchimp-Site|Page-Include|PipelineCall|MdTlot6QTL custom []  Content asset with ID footer-account was included but not found
[2023-01-11 13:52:19.433 GMT] WARN PipelineCallServlet|746910038|Sites-Mailchimp-Site|Page-Include|PipelineCall|MdTlot6QTL custom []  Content asset with ID footer-support was included but not found
[2023-01-11 13:52:19.437 GMT] WARN PipelineCallServlet|764169749|Sites-Mailchimp-Site|Page-Include|PipelineCall|MdTlot6QTL custom []  Content asset with ID footer-about was included but not found
[2023-01-11 13:52:19.443 GMT] WARN PipelineCallServlet|1927841104|Sites-Mailchimp-Site|Page-Include|PipelineCall|MdTlot6QTL custom []  Content asset with ID footer-copy was included but not found
[2023-01-11 13:52:39.812 GMT] WARN PipelineCallServlet|1669775775|Sites-Mailchimp-Site|Page-Include|PipelineCall|MdTlot6QTL custom []  Content asset with ID footer-locate-store was included but not found
[2023-01-11 13:52:39.816 GMT] WARN PipelineCallServlet|1117646354|Sites-Mailchimp-Site|Page-Include|PipelineCall|MdTlot6QTL custom []  Content asset with ID footer-account was included but not found
[2023-01-11 13:52:39.820 GMT] WARN PipelineCallServlet|83063889|Sites-Mailchimp-Site|Page-Include|PipelineCall|MdTlot6QTL custom []  Content asset with ID footer-support was included but not found
[2023-01-11 13:52:39.823 GMT] WARN PipelineCallServlet|2070926798|Sites-Mailchimp-Site|Page-Include|PipelineCall|MdTlot6QTL custom []  Content asset with ID footer-about was included but not found
[2023-01-11 13:52:39.829 GMT] WARN PipelineCallServlet|1637278226|Sites-Mailchimp-Site|Page-Include|PipelineCall|MdTlot6QTL custom []  Content asset with ID footer-copy was included but not found
[2023-01-11 13:52:39.833 GMT] WARN PipelineCallServlet|764169749|Sites-Mailchimp-Site|Page-Include|PipelineCall|MdTlot6QTL custom []  Content asset with ID cookie_hint was included but not found
[2023-01-11 13:57:42.086 GMT] WARN PipelineCallServlet|359700637|Sites-RefArch-Site|Page-Include|PipelineCall|MdTlot6QTL custom []  Content asset with ID cookie_hint is offline
[2023-01-11 13:57:53.030 GMT] WARN PipelineCallServlet|1016349854|Sites-RefArch-Site|Page-Include|PipelineCall|MdTlot6QTL custom []  Content asset with ID cookie_hint is offline
[2023-01-11 14:02:20.340 GMT] WARN PipelineCallServlet|383154887|Sites-Mailchimp-Site|Page-Include|PipelineCall|yNmD3YM2iE custom []  Content asset with ID footer-locate-store was included but not found
[2023-01-11 14:02:20.347 GMT] WARN PipelineCallServlet|1016349854|Sites-Mailchimp-Site|Page-Include|PipelineCall|yNmD3YM2iE custom []  Content asset with ID footer-account was included but not found
[2023-01-11 14:02:20.351 GMT] WARN PipelineCallServlet|83063889|Sites-Mailchimp-Site|Page-Include|PipelineCall|yNmD3YM2iE custom []  Content asset with ID footer-support was included but not found
[2023-01-11 14:02:20.355 GMT] WARN PipelineCallServlet|538739595|Sites-Mailchimp-Site|Page-Include|PipelineCall|yNmD3YM2iE custom []  Content asset with ID footer-about was included but not found
[2023-01-11 14:02:20.361 GMT] WARN PipelineCallServlet|2070926798|Sites-Mailchimp-Site|Page-Include|PipelineCall|yNmD3YM2iE custom []  Content asset with ID footer-copy was included but not found
[2023-01-11 14:02:20.365 GMT] WARN PipelineCallServlet|359700637|Sites-Mailchimp-Site|Page-Include|PipelineCall|yNmD3YM2iE custom []  Content asset with ID cookie_hint was included but not found
[2023-01-11 14:03:45.055 GMT] WARN PipelineCallServlet|1576437700|Sites-Mailchimp-Site|Page-Include|PipelineCall|yNmD3YM2iE custom []  Content asset with ID footer-locate-store was included but not found
[2023-01-11 14:03:45.059 GMT] WARN PipelineCallServlet|1637278226|Sites-Mailchimp-Site|Page-Include|PipelineCall|yNmD3YM2iE custom []  Content asset with ID footer-account was included but not found
[2023-01-11 14:03:45.064 GMT] WARN PipelineCallServlet|746910038|Sites-Mailchimp-Site|Page-Include|PipelineCall|yNmD3YM2iE custom []  Content asset with ID footer-support was included but not found
[2023-01-11 14:03:45.069 GMT] WARN PipelineCallServlet|487711057|Sites-Mailchimp-Site|Page-Include|PipelineCall|yNmD3YM2iE custom []  Content asset with ID footer-about was included but not found
[2023-01-11 14:03:45.077 GMT] WARN PipelineCallServlet|538739595|Sites-Mailchimp-Site|Page-Include|PipelineCall|yNmD3YM2iE custom []  Content asset with ID footer-copy was included but not found
[2023-01-11 14:03:45.081 GMT] WARN PipelineCallServlet|1117646354|Sites-Mailchimp-Site|Page-Include|PipelineCall|yNmD3YM2iE custom []  Content asset with ID cookie_hint was included but not found
[2023-01-11 14:04:36.009 GMT] WARN PipelineCallServlet|383154887|Sites-Mailchimp-Site|Page-Include|PipelineCall|ael2Q43jjW custom []  Content asset with ID footer-locate-store was included but not found
[2023-01-11 14:04:36.014 GMT] WARN PipelineCallServlet|538739595|Sites-Mailchimp-Site|Page-Include|PipelineCall|ael2Q43jjW custom []  Content asset with ID footer-account was included but not found
[2023-01-11 14:04:36.017 GMT] WARN PipelineCallServlet|1117646354|Sites-Mailchimp-Site|Page-Include|PipelineCall|ael2Q43jjW custom []  Content asset with ID footer-support was included but not found
[2023-01-11 14:04:36.021 GMT] WARN PipelineCallServlet|674227625|Sites-Mailchimp-Site|Page-Include|PipelineCall|ael2Q43jjW custom []  Content asset with ID footer-about was included but not found
[2023-01-11 14:04:36.027 GMT] WARN PipelineCallServlet|1927841104|Sites-Mailchimp-Site|Page-Include|PipelineCall|ael2Q43jjW custom []  Content asset with ID footer-copy was included but not found
[2023-01-11 14:04:36.030 GMT] WARN PipelineCallServlet|1669775775|Sites-Mailchimp-Site|Page-Include|PipelineCall|ael2Q43jjW custom []  Content asset with ID cookie_hint was included but not found
