[2023-01-12 03:42:42.327 GMT] WARN PipelineCallServlet|1576437700|Sites-Mailchimp-Site|Page-Include|PipelineCall|EW6lnVa80g custom []  Content asset with ID footer-locate-store was included but not found
[2023-01-12 03:42:42.339 GMT] WARN PipelineCallServlet|1669775775|Sites-Mailchimp-Site|Page-Include|PipelineCall|EW6lnVa80g custom []  Content asset with ID footer-account was included but not found
[2023-01-12 03:42:42.343 GMT] WARN PipelineCallServlet|487711057|Sites-Mailchimp-Site|Page-Include|PipelineCall|EW6lnVa80g custom []  Content asset with ID footer-support was included but not found
[2023-01-12 03:42:42.346 GMT] WARN PipelineCallServlet|1117646354|Sites-Mailchimp-Site|Page-Include|PipelineCall|EW6lnVa80g custom []  Content asset with ID footer-about was included but not found
[2023-01-12 03:42:42.352 GMT] WARN PipelineCallServlet|746910038|Sites-Mailchimp-Site|Page-Include|PipelineCall|EW6lnVa80g custom []  Content asset with ID footer-copy was included but not found
[2023-01-12 03:42:42.355 GMT] WARN PipelineCallServlet|1016349854|Sites-Mailchimp-Site|Page-Include|PipelineCall|EW6lnVa80g custom []  Content asset with ID cookie_hint was included but not found
[2023-01-12 03:42:59.480 GMT] WARN PipelineCallServlet|1927841104|Sites-Mailchimp-Site|Page-Include|PipelineCall|EW6lnVa80g custom []  Content asset with ID footer-locate-store was included but not found
[2023-01-12 03:42:59.484 GMT] WARN PipelineCallServlet|764169749|Sites-Mailchimp-Site|Page-Include|PipelineCall|EW6lnVa80g custom []  Content asset with ID footer-account was included but not found
[2023-01-12 03:42:59.488 GMT] WARN PipelineCallServlet|359700637|Sites-Mailchimp-Site|Page-Include|PipelineCall|EW6lnVa80g custom []  Content asset with ID footer-support was included but not found
[2023-01-12 03:42:59.492 GMT] WARN PipelineCallServlet|1576437700|Sites-Mailchimp-Site|Page-Include|PipelineCall|EW6lnVa80g custom []  Content asset with ID footer-about was included but not found
[2023-01-12 03:42:59.498 GMT] WARN PipelineCallServlet|1117646354|Sites-Mailchimp-Site|Page-Include|PipelineCall|EW6lnVa80g custom []  Content asset with ID footer-copy was included but not found
[2023-01-12 03:42:59.501 GMT] WARN PipelineCallServlet|1016349854|Sites-Mailchimp-Site|Page-Include|PipelineCall|EW6lnVa80g custom []  Content asset with ID cookie_hint was included but not found
[2023-01-12 03:43:25.197 GMT] WARN PipelineCallServlet|1576437700|Sites-Mailchimp-Site|Page-Include|PipelineCall|-TigGqSACe custom []  Content asset with ID footer-locate-store was included but not found
[2023-01-12 03:43:25.202 GMT] WARN PipelineCallServlet|359700637|Sites-Mailchimp-Site|Page-Include|PipelineCall|-TigGqSACe custom []  Content asset with ID footer-account was included but not found
[2023-01-12 03:43:25.206 GMT] WARN PipelineCallServlet|1016349854|Sites-Mailchimp-Site|Page-Include|PipelineCall|-TigGqSACe custom []  Content asset with ID footer-support was included but not found
[2023-01-12 03:43:25.209 GMT] WARN PipelineCallServlet|1117646354|Sites-Mailchimp-Site|Page-Include|PipelineCall|-TigGqSACe custom []  Content asset with ID footer-about was included but not found
[2023-01-12 03:43:25.215 GMT] WARN PipelineCallServlet|657231921|Sites-Mailchimp-Site|Page-Include|PipelineCall|-TigGqSACe custom []  Content asset with ID footer-copy was included but not found
[2023-01-12 03:43:25.218 GMT] WARN PipelineCallServlet|746910038|Sites-Mailchimp-Site|Page-Include|PipelineCall|-TigGqSACe custom []  Content asset with ID cookie_hint was included but not found
[2023-01-12 03:43:29.545 GMT] WARN PipelineCallServlet|1669775775|Sites-Mailchimp-Site|Page-Include|PipelineCall|-TigGqSACe custom []  Content asset with ID footer-locate-store was included but not found
[2023-01-12 03:43:29.549 GMT] WARN PipelineCallServlet|1576437700|Sites-Mailchimp-Site|Page-Include|PipelineCall|-TigGqSACe custom []  Content asset with ID footer-account was included but not found
[2023-01-12 03:43:29.552 GMT] WARN PipelineCallServlet|1016349854|Sites-Mailchimp-Site|Page-Include|PipelineCall|-TigGqSACe custom []  Content asset with ID footer-support was included but not found
[2023-01-12 03:43:29.556 GMT] WARN PipelineCallServlet|359700637|Sites-Mailchimp-Site|Page-Include|PipelineCall|-TigGqSACe custom []  Content asset with ID footer-about was included but not found
[2023-01-12 03:43:29.562 GMT] WARN PipelineCallServlet|1117646354|Sites-Mailchimp-Site|Page-Include|PipelineCall|-TigGqSACe custom []  Content asset with ID footer-copy was included but not found
[2023-01-12 03:43:29.566 GMT] WARN PipelineCallServlet|657231921|Sites-Mailchimp-Site|Page-Include|PipelineCall|-TigGqSACe custom []  Content asset with ID cookie_hint was included but not found
[2023-01-12 03:43:48.532 GMT] WARN PipelineCallServlet|487711057|Sites-Mailchimp-Site|Page-Include|PipelineCall|-TigGqSACe custom []  Content asset with ID footer-locate-store was included but not found
[2023-01-12 03:43:48.536 GMT] WARN PipelineCallServlet|746910038|Sites-Mailchimp-Site|Page-Include|PipelineCall|-TigGqSACe custom []  Content asset with ID footer-account was included but not found
[2023-01-12 03:43:48.540 GMT] WARN PipelineCallServlet|1927841104|Sites-Mailchimp-Site|Page-Include|PipelineCall|-TigGqSACe custom []  Content asset with ID footer-support was included but not found
[2023-01-12 03:43:48.544 GMT] WARN PipelineCallServlet|764169749|Sites-Mailchimp-Site|Page-Include|PipelineCall|-TigGqSACe custom []  Content asset with ID footer-about was included but not found
[2023-01-12 03:43:48.550 GMT] WARN PipelineCallServlet|1669775775|Sites-Mailchimp-Site|Page-Include|PipelineCall|-TigGqSACe custom []  Content asset with ID footer-copy was included but not found
[2023-01-12 03:44:24.305 GMT] WARN PipelineCallServlet|487711057|Sites-Mailchimp-Site|Page-Include|PipelineCall|-TigGqSACe custom []  Content asset with ID footer-locate-store was included but not found
[2023-01-12 03:44:24.310 GMT] WARN PipelineCallServlet|1927841104|Sites-Mailchimp-Site|Page-Include|PipelineCall|-TigGqSACe custom []  Content asset with ID footer-account was included but not found
[2023-01-12 03:44:24.313 GMT] WARN PipelineCallServlet|764169749|Sites-Mailchimp-Site|Page-Include|PipelineCall|-TigGqSACe custom []  Content asset with ID footer-support was included but not found
[2023-01-12 03:44:24.317 GMT] WARN PipelineCallServlet|1576437700|Sites-Mailchimp-Site|Page-Include|PipelineCall|-TigGqSACe custom []  Content asset with ID footer-about was included but not found
[2023-01-12 03:44:24.323 GMT] WARN PipelineCallServlet|1669775775|Sites-Mailchimp-Site|Page-Include|PipelineCall|-TigGqSACe custom []  Content asset with ID footer-copy was included but not found
[2023-01-12 03:44:24.326 GMT] WARN PipelineCallServlet|1117646354|Sites-Mailchimp-Site|Page-Include|PipelineCall|-TigGqSACe custom []  Content asset with ID cookie_hint was included but not found
[2023-01-12 04:49:11.787 GMT] WARN PipelineCallServlet|1669775775|Sites-RefArch-Site|Page-Include|PipelineCall|8dHzjO_r84 custom []  Content asset with ID cookie_hint is offline
[2023-01-12 04:49:18.200 GMT] WARN PipelineCallServlet|746910038|Sites-RefArch-Site|Page-Include|PipelineCall|8dHzjO_r84 custom []  Content asset with ID cookie_hint is offline
[2023-01-12 04:49:23.722 GMT] WARN PipelineCallServlet|359700637|Sites-RefArch-Site|Page-Include|PipelineCall|8dHzjO_r84 custom []  Content asset with ID cookie_hint is offline
[2023-01-12 04:49:28.431 GMT] WARN PipelineCallServlet|764169749|Sites-RefArch-Site|Page-Include|PipelineCall|8dHzjO_r84 custom []  Content asset with ID cookie_hint is offline
[2023-01-12 05:49:28.073 GMT] WARN PipelineCallServlet|657231921|Sites-RefArch-Site|Page-Include|PipelineCall|2UMahfhTsE custom []  Content asset with ID cookie_hint is offline
[2023-01-12 05:50:03.142 GMT] WARN PipelineCallServlet|487711057|Sites-Mailchimp-Site|Page-Include|PipelineCall|2UMahfhTsE custom []  Content asset with ID footer-locate-store was included but not found
[2023-01-12 05:50:03.146 GMT] WARN PipelineCallServlet|746910038|Sites-Mailchimp-Site|Page-Include|PipelineCall|2UMahfhTsE custom []  Content asset with ID footer-account was included but not found
[2023-01-12 05:50:03.150 GMT] WARN PipelineCallServlet|1669775775|Sites-Mailchimp-Site|Page-Include|PipelineCall|2UMahfhTsE custom []  Content asset with ID footer-support was included but not found
[2023-01-12 05:50:03.153 GMT] WARN PipelineCallServlet|2023421598|Sites-Mailchimp-Site|Page-Include|PipelineCall|2UMahfhTsE custom []  Content asset with ID footer-about was included but not found
[2023-01-12 05:50:03.159 GMT] WARN PipelineCallServlet|1016349854|Sites-Mailchimp-Site|Page-Include|PipelineCall|2UMahfhTsE custom []  Content asset with ID footer-copy was included but not found
[2023-01-12 05:50:03.163 GMT] WARN PipelineCallServlet|359700637|Sites-Mailchimp-Site|Page-Include|PipelineCall|2UMahfhTsE custom []  Content asset with ID cookie_hint was included but not found
