[2023-01-12 03:42:42.361 GMT] ERROR PipelineCallServlet|1927841104|Sites-Mailchimp-Site|ConsentTracking-Check|PipelineCall|EW6lnVa80g custom []  Error while executing script 'app_storefront_base/cartridge/controllers/ConsentTracking.js': TypeError: Cannot read property "online" from null (app_storefront_base/cartridge/controllers/ConsentTracking.js#92)
	at app_storefront_base/cartridge/controllers/ConsentTracking.js:92 (anonymous)
	at modules/server/route.js:85 (next)
	at app_storefront_base/cartridge/scripts/middleware/csrf.js:60 (generateToken)
	at app_storefront_base/cartridge/scripts/middleware/consentTracking.js:33 (consent)
	at modules/server/route.js:85 (next)
	at modules/server/middleware.js:12 (get)
	at modules/server/route.js:93 (anonymous)

[2023-01-12 03:42:59.505 GMT] ERROR PipelineCallServlet|657231921|Sites-Mailchimp-Site|ConsentTracking-Check|PipelineCall|EW6lnVa80g custom []  Error while executing script 'app_storefront_base/cartridge/controllers/ConsentTracking.js': TypeError: Cannot read property "online" from null (app_storefront_base/cartridge/controllers/ConsentTracking.js#92)
	at app_storefront_base/cartridge/controllers/ConsentTracking.js:92 (anonymous)
	at modules/server/route.js:85 (next)
	at app_storefront_base/cartridge/scripts/middleware/csrf.js:60 (generateToken)
	at app_storefront_base/cartridge/scripts/middleware/consentTracking.js:33 (consent)
	at modules/server/route.js:85 (next)
	at modules/server/middleware.js:12 (get)
	at modules/server/route.js:93 (anonymous)

[2023-01-12 03:43:25.223 GMT] ERROR PipelineCallServlet|383154887|Sites-Mailchimp-Site|ConsentTracking-Check|PipelineCall|-TigGqSACe custom []  Error while executing script 'app_storefront_base/cartridge/controllers/ConsentTracking.js': TypeError: Cannot read property "online" from null (app_storefront_base/cartridge/controllers/ConsentTracking.js#92)
	at app_storefront_base/cartridge/controllers/ConsentTracking.js:92 (anonymous)
	at modules/server/route.js:85 (next)
	at app_storefront_base/cartridge/scripts/middleware/csrf.js:60 (generateToken)
	at app_storefront_base/cartridge/scripts/middleware/consentTracking.js:33 (consent)
	at modules/server/route.js:85 (next)
	at modules/server/middleware.js:12 (get)
	at modules/server/route.js:93 (anonymous)

[2023-01-12 03:43:29.570 GMT] ERROR PipelineCallServlet|746910038|Sites-Mailchimp-Site|ConsentTracking-Check|PipelineCall|-TigGqSACe custom []  Error while executing script 'app_storefront_base/cartridge/controllers/ConsentTracking.js': TypeError: Cannot read property "online" from null (app_storefront_base/cartridge/controllers/ConsentTracking.js#92)
	at app_storefront_base/cartridge/controllers/ConsentTracking.js:92 (anonymous)
	at modules/server/route.js:85 (next)
	at app_storefront_base/cartridge/scripts/middleware/csrf.js:60 (generateToken)
	at app_storefront_base/cartridge/scripts/middleware/consentTracking.js:33 (consent)
	at modules/server/route.js:85 (next)
	at modules/server/middleware.js:12 (get)
	at modules/server/route.js:93 (anonymous)

[2023-01-12 03:43:48.554 GMT] ERROR PipelineCallServlet|1576437700|Sites-Mailchimp-Site|ConsentTracking-Check|PipelineCall|-TigGqSACe custom []  Error while executing script 'app_storefront_base/cartridge/controllers/ConsentTracking.js': TypeError: Cannot read property "online" from null (app_storefront_base/cartridge/controllers/ConsentTracking.js#92)
	at app_storefront_base/cartridge/controllers/ConsentTracking.js:92 (anonymous)
	at modules/server/route.js:85 (next)
	at app_storefront_base/cartridge/scripts/middleware/csrf.js:60 (generateToken)
	at app_storefront_base/cartridge/scripts/middleware/consentTracking.js:33 (consent)
	at modules/server/route.js:85 (next)
	at modules/server/middleware.js:12 (get)
	at modules/server/route.js:93 (anonymous)

[2023-01-12 03:44:24.330 GMT] ERROR PipelineCallServlet|359700637|Sites-Mailchimp-Site|ConsentTracking-Check|PipelineCall|-TigGqSACe custom []  Error while executing script 'app_storefront_base/cartridge/controllers/ConsentTracking.js': TypeError: Cannot read property "online" from null (app_storefront_base/cartridge/controllers/ConsentTracking.js#92)
	at app_storefront_base/cartridge/controllers/ConsentTracking.js:92 (anonymous)
	at modules/server/route.js:85 (next)
	at app_storefront_base/cartridge/scripts/middleware/csrf.js:60 (generateToken)
	at app_storefront_base/cartridge/scripts/middleware/consentTracking.js:33 (consent)
	at modules/server/route.js:85 (next)
	at modules/server/middleware.js:12 (get)
	at modules/server/route.js:93 (anonymous)

[2023-01-12 05:50:03.168 GMT] ERROR PipelineCallServlet|1927841104|Sites-Mailchimp-Site|ConsentTracking-Check|PipelineCall|2UMahfhTsE custom []  Error while executing script 'app_storefront_base/cartridge/controllers/ConsentTracking.js': TypeError: Cannot read property "online" from null (app_storefront_base/cartridge/controllers/ConsentTracking.js#92)
	at app_storefront_base/cartridge/controllers/ConsentTracking.js:92 (anonymous)
	at modules/server/route.js:85 (next)
	at app_storefront_base/cartridge/scripts/middleware/csrf.js:60 (generateToken)
	at app_storefront_base/cartridge/scripts/middleware/consentTracking.js:33 (consent)
	at modules/server/route.js:85 (next)
	at modules/server/middleware.js:12 (get)
	at modules/server/route.js:93 (anonymous)

