[2023-02-01 05:33:55.194 GMT] WARN PipelineCallServlet|782405763|Sites-RefArch-Site|Page-Include|PipelineCall|SHqsVtpHJR custom []  Content asset with ID cookie_hint is offline
[2023-02-01 05:34:03.799 GMT] WARN PipelineCallServlet|63037405|Sites-RefArch-Site|Page-Include|PipelineCall|SHqsVtpHJR custom []  Content asset with ID cookie_hint is offline
[2023-02-01 05:34:59.455 GMT] WARN PipelineCallServlet|1666252760|Sites-Mailchimp-Site|Page-Include|PipelineCall|UzmJA2OB7m custom []  Content asset with ID footer-locate-store was included but not found
[2023-02-01 05:34:59.461 GMT] WARN PipelineCallServlet|1025910157|Sites-Mailchimp-Site|Page-Include|PipelineCall|UzmJA2OB7m custom []  Content asset with ID footer-account was included but not found
[2023-02-01 05:34:59.466 GMT] WARN PipelineCallServlet|1761184927|Sites-Mailchimp-Site|Page-Include|PipelineCall|UzmJA2OB7m custom []  Content asset with ID footer-support was included but not found
[2023-02-01 05:34:59.470 GMT] WARN PipelineCallServlet|44125216|Sites-Mailchimp-Site|Page-Include|PipelineCall|UzmJA2OB7m custom []  Content asset with ID footer-about was included but not found
[2023-02-01 05:34:59.478 GMT] WARN PipelineCallServlet|76613725|Sites-Mailchimp-Site|Page-Include|PipelineCall|UzmJA2OB7m custom []  Content asset with ID footer-copy was included but not found
[2023-02-01 05:34:59.483 GMT] WARN PipelineCallServlet|782405763|Sites-Mailchimp-Site|Page-Include|PipelineCall|UzmJA2OB7m custom []  Content asset with ID cookie_hint was included but not found
[2023-02-01 05:35:18.376 GMT] WARN PipelineCallServlet|806501849|Sites-Mailchimp-Site|Page-Include|PipelineCall|UzmJA2OB7m custom []  Content asset with ID footer-locate-store was included but not found
[2023-02-01 05:35:18.382 GMT] WARN PipelineCallServlet|424365722|Sites-Mailchimp-Site|Page-Include|PipelineCall|UzmJA2OB7m custom []  Content asset with ID footer-account was included but not found
[2023-02-01 05:35:18.388 GMT] WARN PipelineCallServlet|1328611545|Sites-Mailchimp-Site|Page-Include|PipelineCall|UzmJA2OB7m custom []  Content asset with ID footer-support was included but not found
[2023-02-01 05:35:18.393 GMT] WARN PipelineCallServlet|2094677990|Sites-Mailchimp-Site|Page-Include|PipelineCall|UzmJA2OB7m custom []  Content asset with ID footer-about was included but not found
[2023-02-01 05:35:18.401 GMT] WARN PipelineCallServlet|1761184927|Sites-Mailchimp-Site|Page-Include|PipelineCall|UzmJA2OB7m custom []  Content asset with ID footer-copy was included but not found
[2023-02-01 05:35:18.405 GMT] WARN PipelineCallServlet|1025910157|Sites-Mailchimp-Site|Page-Include|PipelineCall|UzmJA2OB7m custom []  Content asset with ID cookie_hint was included but not found
[2023-02-01 05:35:22.151 GMT] WARN PipelineCallServlet|76613725|Sites-Mailchimp-Site|Page-Include|PipelineCall|UzmJA2OB7m custom []  Content asset with ID footer-locate-store was included but not found
[2023-02-01 05:35:22.156 GMT] WARN PipelineCallServlet|44125216|Sites-Mailchimp-Site|Page-Include|PipelineCall|UzmJA2OB7m custom []  Content asset with ID footer-account was included but not found
[2023-02-01 05:35:22.161 GMT] WARN PipelineCallServlet|2094677990|Sites-Mailchimp-Site|Page-Include|PipelineCall|UzmJA2OB7m custom []  Content asset with ID footer-support was included but not found
[2023-02-01 05:35:22.165 GMT] WARN PipelineCallServlet|1666252760|Sites-Mailchimp-Site|Page-Include|PipelineCall|UzmJA2OB7m custom []  Content asset with ID footer-about was included but not found
[2023-02-01 05:35:22.172 GMT] WARN PipelineCallServlet|1328611545|Sites-Mailchimp-Site|Page-Include|PipelineCall|UzmJA2OB7m custom []  Content asset with ID footer-copy was included but not found
[2023-02-01 05:35:22.178 GMT] WARN PipelineCallServlet|806501849|Sites-Mailchimp-Site|Page-Include|PipelineCall|UzmJA2OB7m custom []  Content asset with ID cookie_hint was included but not found
[2023-02-01 05:44:12.718 GMT] WARN PipelineCallServlet|2094677990|Sites-Mailchimp-Site|Page-Include|PipelineCall|UzmJA2OB7m custom []  Content asset with ID footer-locate-store was included but not found
[2023-02-01 05:44:12.724 GMT] WARN PipelineCallServlet|757011003|Sites-Mailchimp-Site|Page-Include|PipelineCall|UzmJA2OB7m custom []  Content asset with ID footer-account was included but not found
[2023-02-01 05:44:12.728 GMT] WARN PipelineCallServlet|44125216|Sites-Mailchimp-Site|Page-Include|PipelineCall|UzmJA2OB7m custom []  Content asset with ID footer-support was included but not found
[2023-02-01 05:44:12.733 GMT] WARN PipelineCallServlet|424365722|Sites-Mailchimp-Site|Page-Include|PipelineCall|UzmJA2OB7m custom []  Content asset with ID footer-about was included but not found
[2023-02-01 05:44:12.740 GMT] WARN PipelineCallServlet|1025910157|Sites-Mailchimp-Site|Page-Include|PipelineCall|UzmJA2OB7m custom []  Content asset with ID footer-copy was included but not found
[2023-02-01 05:44:12.744 GMT] WARN PipelineCallServlet|1761184927|Sites-Mailchimp-Site|Page-Include|PipelineCall|UzmJA2OB7m custom []  Content asset with ID cookie_hint was included but not found
[2023-02-01 05:49:32.272 GMT] WARN PipelineCallServlet|2094677990|Sites-RefArch-Site|Page-Include|PipelineCall|SHqsVtpHJR custom []  Content asset with ID cookie_hint is offline
[2023-02-01 05:49:38.664 GMT] WARN PipelineCallServlet|757011003|Sites-Mailchimp-Site|Page-Include|PipelineCall|UzmJA2OB7m custom []  Content asset with ID footer-locate-store was included but not found
[2023-02-01 05:49:38.668 GMT] WARN PipelineCallServlet|63037405|Sites-Mailchimp-Site|Page-Include|PipelineCall|UzmJA2OB7m custom []  Content asset with ID footer-account was included but not found
[2023-02-01 05:49:38.673 GMT] WARN PipelineCallServlet|1666252760|Sites-Mailchimp-Site|Page-Include|PipelineCall|UzmJA2OB7m custom []  Content asset with ID footer-support was included but not found
[2023-02-01 05:49:38.679 GMT] WARN PipelineCallServlet|782405763|Sites-Mailchimp-Site|Page-Include|PipelineCall|UzmJA2OB7m custom []  Content asset with ID footer-about was included but not found
[2023-02-01 05:49:38.686 GMT] WARN PipelineCallServlet|44125216|Sites-Mailchimp-Site|Page-Include|PipelineCall|UzmJA2OB7m custom []  Content asset with ID footer-copy was included but not found
[2023-02-01 05:49:38.690 GMT] WARN PipelineCallServlet|806501849|Sites-Mailchimp-Site|Page-Include|PipelineCall|UzmJA2OB7m custom []  Content asset with ID cookie_hint was included but not found
[2023-02-01 05:49:42.384 GMT] WARN PipelineCallServlet|2094677990|Sites-RefArch-Site|Page-Include|PipelineCall|SHqsVtpHJR custom []  Content asset with ID cookie_hint is offline
[2023-02-01 05:49:44.053 GMT] WARN PipelineCallServlet|1761184927|Sites-Mailchimp-Site|Page-Include|PipelineCall|UzmJA2OB7m custom []  Content asset with ID footer-locate-store was included but not found
[2023-02-01 05:49:44.057 GMT] WARN PipelineCallServlet|2094677990|Sites-Mailchimp-Site|Page-Include|PipelineCall|UzmJA2OB7m custom []  Content asset with ID footer-account was included but not found
[2023-02-01 05:49:44.062 GMT] WARN PipelineCallServlet|76613725|Sites-Mailchimp-Site|Page-Include|PipelineCall|UzmJA2OB7m custom []  Content asset with ID footer-support was included but not found
[2023-02-01 05:49:44.066 GMT] WARN PipelineCallServlet|1025910157|Sites-Mailchimp-Site|Page-Include|PipelineCall|UzmJA2OB7m custom []  Content asset with ID footer-about was included but not found
[2023-02-01 05:49:44.073 GMT] WARN PipelineCallServlet|1320777945|Sites-Mailchimp-Site|Page-Include|PipelineCall|UzmJA2OB7m custom []  Content asset with ID footer-copy was included but not found
[2023-02-01 05:49:44.078 GMT] WARN PipelineCallServlet|1666252760|Sites-Mailchimp-Site|Page-Include|PipelineCall|UzmJA2OB7m custom []  Content asset with ID cookie_hint was included but not found
[2023-02-01 05:49:49.779 GMT] WARN PipelineCallServlet|1761184927|Sites-Mailchimp-Site|Page-Include|PipelineCall|UzmJA2OB7m custom []  Content asset with ID footer-locate-store was included but not found
[2023-02-01 05:49:49.783 GMT] WARN PipelineCallServlet|424365722|Sites-Mailchimp-Site|Page-Include|PipelineCall|UzmJA2OB7m custom []  Content asset with ID footer-account was included but not found
[2023-02-01 05:49:49.787 GMT] WARN PipelineCallServlet|806501849|Sites-Mailchimp-Site|Page-Include|PipelineCall|UzmJA2OB7m custom []  Content asset with ID footer-support was included but not found
[2023-02-01 05:49:49.791 GMT] WARN PipelineCallServlet|757011003|Sites-Mailchimp-Site|Page-Include|PipelineCall|UzmJA2OB7m custom []  Content asset with ID footer-about was included but not found
[2023-02-01 05:49:49.798 GMT] WARN PipelineCallServlet|1025910157|Sites-Mailchimp-Site|Page-Include|PipelineCall|UzmJA2OB7m custom []  Content asset with ID footer-copy was included but not found
[2023-02-01 05:49:49.802 GMT] WARN PipelineCallServlet|76613725|Sites-Mailchimp-Site|Page-Include|PipelineCall|UzmJA2OB7m custom []  Content asset with ID cookie_hint was included but not found
[2023-02-01 05:50:05.092 GMT] WARN PipelineCallServlet|2094677990|Sites-Mailchimp-Site|Page-Include|PipelineCall|UzmJA2OB7m custom []  Content asset with ID footer-locate-store was included but not found
[2023-02-01 05:50:05.097 GMT] WARN PipelineCallServlet|806501849|Sites-Mailchimp-Site|Page-Include|PipelineCall|UzmJA2OB7m custom []  Content asset with ID footer-account was included but not found
[2023-02-01 05:50:05.102 GMT] WARN PipelineCallServlet|424365722|Sites-Mailchimp-Site|Page-Include|PipelineCall|UzmJA2OB7m custom []  Content asset with ID footer-support was included but not found
[2023-02-01 05:50:05.106 GMT] WARN PipelineCallServlet|1666252760|Sites-Mailchimp-Site|Page-Include|PipelineCall|UzmJA2OB7m custom []  Content asset with ID footer-about was included but not found
[2023-02-01 05:50:05.115 GMT] WARN PipelineCallServlet|1025910157|Sites-Mailchimp-Site|Page-Include|PipelineCall|UzmJA2OB7m custom []  Content asset with ID footer-copy was included but not found
[2023-02-01 05:50:05.120 GMT] WARN PipelineCallServlet|1761184927|Sites-Mailchimp-Site|Page-Include|PipelineCall|UzmJA2OB7m custom []  Content asset with ID cookie_hint was included but not found
[2023-02-01 05:50:37.096 GMT] WARN PipelineCallServlet|806501849|Sites-Mailchimp-Site|Page-Include|PipelineCall|UzmJA2OB7m custom []  Content asset with ID footer-locate-store was included but not found
[2023-02-01 05:50:37.102 GMT] WARN PipelineCallServlet|1025910157|Sites-Mailchimp-Site|Page-Include|PipelineCall|UzmJA2OB7m custom []  Content asset with ID footer-account was included but not found
[2023-02-01 05:50:37.106 GMT] WARN PipelineCallServlet|44125216|Sites-Mailchimp-Site|Page-Include|PipelineCall|UzmJA2OB7m custom []  Content asset with ID footer-support was included but not found
[2023-02-01 05:50:37.110 GMT] WARN PipelineCallServlet|782405763|Sites-Mailchimp-Site|Page-Include|PipelineCall|UzmJA2OB7m custom []  Content asset with ID footer-about was included but not found
[2023-02-01 05:50:37.118 GMT] WARN PipelineCallServlet|63037405|Sites-Mailchimp-Site|Page-Include|PipelineCall|UzmJA2OB7m custom []  Content asset with ID footer-copy was included but not found
[2023-02-01 05:50:37.122 GMT] WARN PipelineCallServlet|1761184927|Sites-Mailchimp-Site|Page-Include|PipelineCall|UzmJA2OB7m custom []  Content asset with ID cookie_hint was included but not found
[2023-02-01 05:50:56.959 GMT] WARN PipelineCallServlet|1328611545|Sites-Mailchimp-Site|Page-Include|PipelineCall|UzmJA2OB7m custom []  Content asset with ID footer-locate-store was included but not found
[2023-02-01 05:50:56.963 GMT] WARN PipelineCallServlet|63037405|Sites-Mailchimp-Site|Page-Include|PipelineCall|UzmJA2OB7m custom []  Content asset with ID footer-account was included but not found
[2023-02-01 05:50:56.968 GMT] WARN PipelineCallServlet|1761184927|Sites-Mailchimp-Site|Page-Include|PipelineCall|UzmJA2OB7m custom []  Content asset with ID footer-support was included but not found
[2023-02-01 05:50:56.972 GMT] WARN PipelineCallServlet|76613725|Sites-Mailchimp-Site|Page-Include|PipelineCall|UzmJA2OB7m custom []  Content asset with ID footer-about was included but not found
[2023-02-01 05:50:56.980 GMT] WARN PipelineCallServlet|424365722|Sites-Mailchimp-Site|Page-Include|PipelineCall|UzmJA2OB7m custom []  Content asset with ID footer-copy was included but not found
[2023-02-01 05:50:56.984 GMT] WARN PipelineCallServlet|1320777945|Sites-Mailchimp-Site|Page-Include|PipelineCall|UzmJA2OB7m custom []  Content asset with ID cookie_hint was included but not found
[2023-02-01 05:51:00.324 GMT] WARN PipelineCallServlet|806501849|Sites-Mailchimp-Site|Page-Include|PipelineCall|UzmJA2OB7m custom []  Content asset with ID footer-locate-store was included but not found
[2023-02-01 05:51:00.329 GMT] WARN PipelineCallServlet|44125216|Sites-Mailchimp-Site|Page-Include|PipelineCall|UzmJA2OB7m custom []  Content asset with ID footer-account was included but not found
[2023-02-01 05:51:00.333 GMT] WARN PipelineCallServlet|782405763|Sites-Mailchimp-Site|Page-Include|PipelineCall|UzmJA2OB7m custom []  Content asset with ID footer-support was included but not found
[2023-02-01 05:51:00.337 GMT] WARN PipelineCallServlet|1328611545|Sites-Mailchimp-Site|Page-Include|PipelineCall|UzmJA2OB7m custom []  Content asset with ID footer-about was included but not found
[2023-02-01 05:51:00.344 GMT] WARN PipelineCallServlet|1761184927|Sites-Mailchimp-Site|Page-Include|PipelineCall|UzmJA2OB7m custom []  Content asset with ID footer-copy was included but not found
[2023-02-01 05:51:00.348 GMT] WARN PipelineCallServlet|76613725|Sites-Mailchimp-Site|Page-Include|PipelineCall|UzmJA2OB7m custom []  Content asset with ID cookie_hint was included but not found
[2023-02-01 05:53:32.828 GMT] WARN PipelineCallServlet|44125216|Sites-Mailchimp-Site|Page-Include|PipelineCall|UzmJA2OB7m custom []  Content asset with ID footer-locate-store was included but not found
[2023-02-01 05:53:32.833 GMT] WARN PipelineCallServlet|424365722|Sites-Mailchimp-Site|Page-Include|PipelineCall|UzmJA2OB7m custom []  Content asset with ID footer-account was included but not found
[2023-02-01 05:53:32.838 GMT] WARN PipelineCallServlet|806501849|Sites-Mailchimp-Site|Page-Include|PipelineCall|UzmJA2OB7m custom []  Content asset with ID footer-support was included but not found
[2023-02-01 05:53:32.843 GMT] WARN PipelineCallServlet|757011003|Sites-Mailchimp-Site|Page-Include|PipelineCall|UzmJA2OB7m custom []  Content asset with ID footer-about was included but not found
[2023-02-01 05:53:32.850 GMT] WARN PipelineCallServlet|63037405|Sites-Mailchimp-Site|Page-Include|PipelineCall|UzmJA2OB7m custom []  Content asset with ID footer-copy was included but not found
[2023-02-01 05:53:32.866 GMT] WARN PipelineCallServlet|1328611545|Sites-Mailchimp-Site|Page-Include|PipelineCall|UzmJA2OB7m custom []  Content asset with ID cookie_hint was included but not found
[2023-02-01 06:21:09.555 GMT] WARN PipelineCallServlet|424365722|Sites-RefArch-Site|Page-Include|PipelineCall|SHqsVtpHJR custom []  Content asset with ID cookie_hint is offline
[2023-02-01 06:21:21.669 GMT] WARN PipelineCallServlet|1328611545|Sites-RefArch-Site|Page-Include|PipelineCall|SHqsVtpHJR custom []  Content asset with ID cookie_hint is offline
[2023-02-01 06:21:25.404 GMT] WARN PipelineCallServlet|806501849|Sites-RefArch-Site|Page-Include|PipelineCall|SHqsVtpHJR custom []  Content asset with ID cookie_hint is offline
[2023-02-01 06:21:42.491 GMT] WARN PipelineCallServlet|1666252760|Sites-RefArch-Site|Page-Include|PipelineCall|SHqsVtpHJR custom []  Content asset with ID cookie_hint is offline
[2023-02-01 06:21:51.391 GMT] WARN PipelineCallServlet|2094677990|Sites-RefArch-Site|Page-Include|PipelineCall|DzE3qsm4c8 custom []  Content asset with ID cookie_hint is offline
[2023-02-01 06:21:57.961 GMT] WARN PipelineCallServlet|782405763|Sites-RefArch-Site|Page-Include|PipelineCall|DzE3qsm4c8 custom []  Content asset with ID cookie_hint is offline
[2023-02-01 06:30:46.372 GMT] WARN PipelineCallServlet|564908635|Sites-RefArch-Site|Page-Include|PipelineCall|SHqsVtpHJR custom []  Content asset with ID cookie_hint is offline
[2023-02-01 06:31:05.331 GMT] WARN PipelineCallServlet|76613725|Sites-RefArch-Site|Page-Include|PipelineCall|SHqsVtpHJR custom []  Content asset with ID cookie_hint is offline
[2023-02-01 06:31:13.669 GMT] WARN PipelineCallServlet|1328611545|Sites-RefArch-Site|Page-Include|PipelineCall|SHqsVtpHJR custom []  Content asset with ID cookie_hint is offline
[2023-02-01 06:31:21.316 GMT] WARN PipelineCallServlet|1761184927|Sites-RefArch-Site|Page-Include|PipelineCall|SHqsVtpHJR custom []  Content asset with ID cookie_hint is offline
[2023-02-01 06:35:44.020 GMT] WARN PipelineCallServlet|1025910157|Sites-RefArch-Site|Page-Include|PipelineCall|SHqsVtpHJR custom []  Content asset with ID cookie_hint is offline
[2023-02-01 06:35:49.213 GMT] WARN PipelineCallServlet|564908635|Sites-RefArch-Site|Page-Include|PipelineCall|SHqsVtpHJR custom []  Content asset with ID cookie_hint is offline
[2023-02-01 06:35:52.998 GMT] WARN PipelineCallServlet|76613725|Sites-RefArch-Site|Page-Include|PipelineCall|SHqsVtpHJR custom []  Content asset with ID cookie_hint is offline
[2023-02-01 08:59:41.055 GMT] WARN PipelineCallServlet|610866022|Sites-RefArch-Site|Page-Include|PipelineCall|4WfqOYtTGL custom []  Content asset with ID cookie_hint is offline
[2023-02-01 08:59:49.154 GMT] WARN PipelineCallServlet|1025910157|Sites-RefArch-Site|Page-Include|PipelineCall|4WfqOYtTGL custom []  Content asset with ID cookie_hint is offline
[2023-02-01 09:11:15.738 GMT] WARN PipelineCallServlet|2094677990|Sites-RefArch-Site|Page-Include|PipelineCall|4WfqOYtTGL custom []  Content asset with ID cookie_hint is offline
[2023-02-01 09:12:00.588 GMT] WARN PipelineCallServlet|564908635|Sites-RefArch-Site|Page-Include|PipelineCall|4WfqOYtTGL custom []  Content asset with ID cookie_hint is offline
[2023-02-01 09:12:07.347 GMT] WARN PipelineCallServlet|757011003|Sites-Mailchimp-Site|Page-Include|PipelineCall|UzmJA2OB7m custom []  Content asset with ID footer-locate-store was included but not found
[2023-02-01 09:12:07.350 GMT] WARN PipelineCallServlet|782405763|Sites-Mailchimp-Site|Page-Include|PipelineCall|UzmJA2OB7m custom []  Content asset with ID footer-account was included but not found
[2023-02-01 09:12:07.354 GMT] WARN PipelineCallServlet|610866022|Sites-Mailchimp-Site|Page-Include|PipelineCall|UzmJA2OB7m custom []  Content asset with ID footer-support was included but not found
[2023-02-01 09:12:07.357 GMT] WARN PipelineCallServlet|1328611545|Sites-Mailchimp-Site|Page-Include|PipelineCall|UzmJA2OB7m custom []  Content asset with ID footer-about was included but not found
[2023-02-01 09:12:07.364 GMT] WARN PipelineCallServlet|1320777945|Sites-Mailchimp-Site|Page-Include|PipelineCall|UzmJA2OB7m custom []  Content asset with ID footer-copy was included but not found
[2023-02-01 09:12:07.367 GMT] WARN PipelineCallServlet|63037405|Sites-Mailchimp-Site|Page-Include|PipelineCall|UzmJA2OB7m custom []  Content asset with ID cookie_hint was included but not found
[2023-02-01 09:13:22.760 GMT] WARN PipelineCallServlet|610866022|Sites-RefArch-Site|Page-Include|PipelineCall|4WfqOYtTGL custom []  Content asset with ID cookie_hint is offline
[2023-02-01 09:34:12.951 GMT] WARN PipelineCallServlet|44125216|Sites-RefArch-Site|Page-Include|PipelineCall|4WfqOYtTGL custom []  Content asset with ID cookie_hint is offline
[2023-02-01 09:34:16.152 GMT] WARN PipelineCallServlet|424365722|Sites-RefArch-Site|Page-Include|PipelineCall|4WfqOYtTGL custom []  Content asset with ID cookie_hint is offline
[2023-02-01 09:35:25.593 GMT] WARN PipelineCallServlet|806501849|Sites-RefArch-Site|Page-Include|PipelineCall|4WfqOYtTGL custom []  Content asset with ID cookie_hint is offline
[2023-02-01 10:28:37.074 GMT] WARN PipelineCallServlet|1328611545|Sites-Mailchimp-Site|Page-Include|PipelineCall|a8Ky1A1vXY custom []  Content asset with ID footer-locate-store was included but not found
[2023-02-01 10:28:37.079 GMT] WARN PipelineCallServlet|782405763|Sites-Mailchimp-Site|Page-Include|PipelineCall|a8Ky1A1vXY custom []  Content asset with ID footer-account was included but not found
[2023-02-01 10:28:37.083 GMT] WARN PipelineCallServlet|1320777945|Sites-Mailchimp-Site|Page-Include|PipelineCall|a8Ky1A1vXY custom []  Content asset with ID footer-support was included but not found
[2023-02-01 10:28:37.087 GMT] WARN PipelineCallServlet|1666252760|Sites-Mailchimp-Site|Page-Include|PipelineCall|a8Ky1A1vXY custom []  Content asset with ID footer-about was included but not found
[2023-02-01 10:28:37.094 GMT] WARN PipelineCallServlet|806501849|Sites-Mailchimp-Site|Page-Include|PipelineCall|a8Ky1A1vXY custom []  Content asset with ID footer-copy was included but not found
[2023-02-01 10:28:37.098 GMT] WARN PipelineCallServlet|1025910157|Sites-Mailchimp-Site|Page-Include|PipelineCall|a8Ky1A1vXY custom []  Content asset with ID cookie_hint was included but not found
[2023-02-01 10:28:41.117 GMT] WARN PipelineCallServlet|44125216|Sites-Mailchimp-Site|Page-Include|PipelineCall|a8Ky1A1vXY custom []  Content asset with ID footer-locate-store was included but not found
[2023-02-01 10:28:41.121 GMT] WARN PipelineCallServlet|63037405|Sites-Mailchimp-Site|Page-Include|PipelineCall|a8Ky1A1vXY custom []  Content asset with ID footer-account was included but not found
[2023-02-01 10:28:41.126 GMT] WARN PipelineCallServlet|76613725|Sites-Mailchimp-Site|Page-Include|PipelineCall|a8Ky1A1vXY custom []  Content asset with ID footer-support was included but not found
[2023-02-01 10:28:41.130 GMT] WARN PipelineCallServlet|564908635|Sites-Mailchimp-Site|Page-Include|PipelineCall|a8Ky1A1vXY custom []  Content asset with ID footer-about was included but not found
[2023-02-01 10:28:41.137 GMT] WARN PipelineCallServlet|782405763|Sites-Mailchimp-Site|Page-Include|PipelineCall|a8Ky1A1vXY custom []  Content asset with ID footer-copy was included but not found
[2023-02-01 10:28:41.140 GMT] WARN PipelineCallServlet|1320777945|Sites-Mailchimp-Site|Page-Include|PipelineCall|a8Ky1A1vXY custom []  Content asset with ID cookie_hint was included but not found
[2023-02-01 10:28:48.531 GMT] WARN PipelineCallServlet|1761184927|Sites-Mailchimp-Site|Page-Include|PipelineCall|a8Ky1A1vXY custom []  Content asset with ID footer-locate-store was included but not found
[2023-02-01 10:28:48.535 GMT] WARN PipelineCallServlet|610866022|Sites-Mailchimp-Site|Page-Include|PipelineCall|a8Ky1A1vXY custom []  Content asset with ID footer-account was included but not found
[2023-02-01 10:28:48.538 GMT] WARN PipelineCallServlet|757011003|Sites-Mailchimp-Site|Page-Include|PipelineCall|a8Ky1A1vXY custom []  Content asset with ID footer-support was included but not found
[2023-02-01 10:28:48.542 GMT] WARN PipelineCallServlet|44125216|Sites-Mailchimp-Site|Page-Include|PipelineCall|a8Ky1A1vXY custom []  Content asset with ID footer-about was included but not found
[2023-02-01 10:28:48.548 GMT] WARN PipelineCallServlet|63037405|Sites-Mailchimp-Site|Page-Include|PipelineCall|a8Ky1A1vXY custom []  Content asset with ID footer-copy was included but not found
[2023-02-01 10:28:48.551 GMT] WARN PipelineCallServlet|564908635|Sites-Mailchimp-Site|Page-Include|PipelineCall|a8Ky1A1vXY custom []  Content asset with ID cookie_hint was included but not found
[2023-02-01 10:36:24.997 GMT] WARN PipelineCallServlet|76613725|Sites-Mailchimp-Site|Page-Include|PipelineCall|a8Ky1A1vXY custom []  Content asset with ID footer-locate-store was included but not found
[2023-02-01 10:36:25.003 GMT] WARN PipelineCallServlet|757011003|Sites-Mailchimp-Site|Page-Include|PipelineCall|a8Ky1A1vXY custom []  Content asset with ID footer-account was included but not found
[2023-02-01 10:36:25.007 GMT] WARN PipelineCallServlet|610866022|Sites-Mailchimp-Site|Page-Include|PipelineCall|a8Ky1A1vXY custom []  Content asset with ID footer-support was included but not found
[2023-02-01 10:36:25.012 GMT] WARN PipelineCallServlet|1666252760|Sites-Mailchimp-Site|Page-Include|PipelineCall|a8Ky1A1vXY custom []  Content asset with ID footer-about was included but not found
[2023-02-01 10:36:25.018 GMT] WARN PipelineCallServlet|1328611545|Sites-Mailchimp-Site|Page-Include|PipelineCall|a8Ky1A1vXY custom []  Content asset with ID footer-copy was included but not found
[2023-02-01 10:36:25.021 GMT] WARN PipelineCallServlet|782405763|Sites-Mailchimp-Site|Page-Include|PipelineCall|a8Ky1A1vXY custom []  Content asset with ID cookie_hint was included but not found
[2023-02-01 10:55:54.564 GMT] WARN PipelineCallServlet|1328611545|Sites-RefArch-Site|Page-Include|PipelineCall|Ojl1aMpXR2 custom []  Content asset with ID cookie_hint is offline
[2023-02-01 10:56:19.557 GMT] WARN PipelineCallServlet|63037405|Sites-RefArch-Site|Page-Include|PipelineCall|4WfqOYtTGL custom []  Content asset with ID cookie_hint is offline
[2023-02-01 10:56:49.268 GMT] WARN PipelineCallServlet|763625332|Sites-RefArch-Site|Page-Include|PipelineCall|4WfqOYtTGL custom []  Content asset with ID cookie_hint is offline
[2023-02-01 10:57:10.943 GMT] WARN PipelineCallServlet|806501849|Sites-RefArch-Site|Page-Include|PipelineCall|a8Ky1A1vXY custom []  Content asset with ID cookie_hint is offline
[2023-02-01 10:57:35.190 GMT] WARN PipelineCallServlet|1761184927|Sites-RefArchGlobal-Site|Page-Include|PipelineCall|a8Ky1A1vXY custom []  Content asset with ID cookie_hint is offline
[2023-02-01 10:58:40.264 GMT] WARN PipelineCallServlet|564908635|Sites-RefArch-Site|Page-Include|PipelineCall|a8Ky1A1vXY custom []  Content asset with ID cookie_hint is offline
[2023-02-01 10:58:43.064 GMT] WARN PipelineCallServlet|76613725|Sites-RefArch-Site|Page-Include|PipelineCall|a8Ky1A1vXY custom []  Content asset with ID cookie_hint is offline
[2023-02-01 10:58:59.995 GMT] WARN PipelineCallServlet|2094677990|Sites-RefArch-Site|Page-Include|PipelineCall|Ojl1aMpXR2 custom []  Content asset with ID cookie_hint is offline
[2023-02-01 10:59:00.008 GMT] WARN PipelineCallServlet|1666252760|Sites-RefArch-Site|Page-Include|PipelineCall|Ojl1aMpXR2 custom []  Content asset with ID cookie_hint is offline
[2023-02-01 11:03:04.409 GMT] WARN PipelineCallServlet|593217061|Sites-RefArch-Site|Page-Include|PipelineCall|Ojl1aMpXR2 custom []  Content asset with ID cookie_hint is offline
[2023-02-01 11:03:13.304 GMT] WARN PipelineCallServlet|593217061|Sites-RefArch-Site|Page-Include|PipelineCall|Ojl1aMpXR2 custom []  Content asset with ID cookie_hint is offline
[2023-02-01 11:04:47.110 GMT] WARN PipelineCallServlet|291033202|Sites-RefArch-Site|Page-Include|PipelineCall|4WfqOYtTGL custom []  Content asset with ID cookie_hint is offline
[2023-02-01 11:04:50.331 GMT] WARN PipelineCallServlet|44125216|Sites-RefArch-Site|Page-Include|PipelineCall|4WfqOYtTGL custom []  Content asset with ID cookie_hint is offline
[2023-02-01 11:05:02.583 GMT] WARN PipelineCallServlet|1761184927|Sites-RefArch-Site|Page-Include|PipelineCall|4WfqOYtTGL custom []  Content asset with ID cookie_hint is offline
[2023-02-01 11:07:55.746 GMT] WARN PipelineCallServlet|593217061|Sites-RefArchGlobal-Site|Page-Include|PipelineCall|a8Ky1A1vXY custom []  Content asset with ID cookie_hint is offline
[2023-02-01 11:07:57.653 GMT] WARN PipelineCallServlet|1183880544|Sites-RefArchGlobal-Site|Page-Include|PipelineCall|a8Ky1A1vXY custom []  Content asset with ID cookie_hint is offline
[2023-02-01 11:36:58.103 GMT] WARN PipelineCallServlet|564908635|Sites-RefArch-Site|Page-Include|PipelineCall|4WfqOYtTGL custom []  Content asset with ID cookie_hint is offline
[2023-02-01 11:37:03.265 GMT] WARN PipelineCallServlet|1761184927|Sites-RefArch-Site|Page-Include|PipelineCall|4WfqOYtTGL custom []  Content asset with ID cookie_hint is offline
[2023-02-01 11:44:03.064 GMT] WARN PipelineCallServlet|1871681886|Sites-RefArch-Site|Page-Include|PipelineCall|a8Ky1A1vXY custom []  Content asset with ID cookie_hint is offline
[2023-02-01 11:55:42.709 GMT] WARN PipelineCallServlet|763625332|Sites-RefArch-Site|Page-Include|PipelineCall|Ojl1aMpXR2 custom []  Content asset with ID cookie_hint is offline
[2023-02-01 12:05:19.303 GMT] WARN PipelineCallServlet|1666252760|Sites-RefArch-Site|Page-Include|PipelineCall|Ojl1aMpXR2 custom []  Content asset with ID cookie_hint is offline
[2023-02-01 12:05:20.236 GMT] WARN PipelineCallServlet|610866022|Sites-RefArch-Site|Page-Include|PipelineCall|a8Ky1A1vXY custom []  Content asset with ID cookie_hint is offline
[2023-02-01 12:05:20.830 GMT] WARN PipelineCallServlet|63037405|Sites-RefArch-Site|Page-Include|PipelineCall|a8Ky1A1vXY custom []  Content asset with ID cookie_hint is offline
[2023-02-01 12:05:24.531 GMT] WARN PipelineCallServlet|1739497429|Sites-RefArch-Site|Page-Include|PipelineCall|a8Ky1A1vXY custom []  Content asset with ID cookie_hint is offline
[2023-02-01 12:06:05.395 GMT] WARN PipelineCallServlet|1739497429|Sites-RefArch-Site|Page-Include|PipelineCall|a8Ky1A1vXY custom []  Content asset with ID cookie_hint is offline
[2023-02-01 12:06:42.180 GMT] WARN PipelineCallServlet|424365722|Sites-RefArch-Site|Page-Include|PipelineCall|a8Ky1A1vXY custom []  Content asset with ID cookie_hint is offline
[2023-02-01 12:06:49.294 GMT] WARN PipelineCallServlet|63037405|Sites-RefArch-Site|Page-Include|PipelineCall|a8Ky1A1vXY custom []  Content asset with ID cookie_hint is offline
[2023-02-01 12:06:53.723 GMT] WARN PipelineCallServlet|1320777945|Sites-RefArch-Site|Page-Include|PipelineCall|a8Ky1A1vXY custom []  Content asset with ID cookie_hint is offline
[2023-02-01 12:06:58.132 GMT] WARN PipelineCallServlet|564908635|Sites-RefArch-Site|Page-Include|PipelineCall|a8Ky1A1vXY custom []  Content asset with ID cookie_hint is offline
[2023-02-01 12:07:09.281 GMT] WARN PipelineCallServlet|763625332|Sites-RefArch-Site|Page-Include|PipelineCall|a8Ky1A1vXY custom []  Content asset with ID cookie_hint is offline
[2023-02-01 12:07:33.204 GMT] WARN RepeatedMessageSuppressingFilter-Thread custom []  The following message was generated more than 10 times within the last 180 seconds. It will be suppressed for 180 seconds: Content asset with ID cookie_hint is offline
[2023-02-01 12:13:38.398 GMT] WARN PipelineCallServlet|1739497429|Sites-RefArch-Site|Page-Include|PipelineCall|Ojl1aMpXR2 custom []  Content asset with ID cookie_hint is offline
[2023-02-01 13:31:45.718 GMT] WARN PipelineCallServlet|76613725|Sites-RefArch-Site|Page-Include|PipelineCall|Ojl1aMpXR2 custom []  Content asset with ID cookie_hint is offline
[2023-02-01 14:10:30.959 GMT] WARN PipelineCallServlet|1871681886|Sites-RefArch-Site|Page-Include|PipelineCall|Ojl1aMpXR2 custom []  Content asset with ID cookie_hint is offline
