[2023-01-31 04:13:43.169 GMT] INFO Running migration
[2023-01-31 04:13:43.175 GMT] INFO Starting migration container ...
[2023-01-31 04:13:50.753 GMT] INFO Creating JDBC data source [user=ZYCL_001, url=jdbc:oracle:thin:@(DESCRIPTION=(ADDRESS=(PROTOCOL=TCP)(HOST=ecom-rds-2.vpc-internal)(PORT=1521))(CONNECT_DATA=(SERVICE_NAME=ORCL)))]
[2023-01-31 04:13:51.139 GMT] INFO Oracle Database 19c Enterprise Edition, 19.0.0.0.0, 19.14.0.0.0, Production
[2023-01-31 04:13:51.284 GMT] INFO DataSource 'orm' uses Oracle JDBC driver 11.2.0.4.0
[2023-01-31 04:14:16.168 GMT] INFO Successfully started migration container in 32s
[2023-01-31 04:14:16.168 GMT] INFO Initializing migration environment...
[2023-01-31 04:14:16.403 GMT] INFO Starting update process... 
[2023-01-31 04:14:16.430 GMT] INFO Perform migration: 23.2.0.105->23.2.1.19
[2023-01-31 04:14:16.433 GMT] INFO Performing hotfix migration 23.2.0.105->23.2.1.19 No schema changes required.
[2023-01-31 04:14:16.434 GMT] INFO Check for active migration 
[2023-01-31 04:14:16.436 GMT] INFO >   Acquiring migration lock ...
[2023-01-31 04:14:16.470 GMT] INFO >   Check for existing migration marker ...
[2023-01-31 04:14:16.477 GMT] INFO Creating migration marker ... 
[2023-01-31 04:14:16.488 GMT] INFO Committing db transaction ...
[2023-01-31 04:14:16.492 GMT] INFO Clearing rollback log...
[2023-01-31 04:14:16.501 GMT] INFO Deleting backup tables ...
[2023-01-31 04:14:16.519 GMT] INFO     drop OBJECTTYPEDEF_BAK
[2023-01-31 04:14:16.550 GMT] INFO     drop OBJECTTYPEDEF_AV_BAK
[2023-01-31 04:14:16.590 GMT] INFO     drop OBJECTATTRIBUTEDEF_BAK
[2023-01-31 04:14:16.610 GMT] INFO     drop OBJECTATTRIBUTEDEF_AV_BAK
[2023-01-31 04:14:16.636 GMT] INFO     drop OBJECTATTRIBUTESCOPEDEF_BAK
[2023-01-31 04:14:16.648 GMT] INFO     drop OBJECTATTRIBUTESCOPE_AV_BAK
[2023-01-31 04:14:16.676 GMT] INFO     drop OBJECTATTRIBUTEVALUEDEF_BAK
[2023-01-31 04:14:16.690 GMT] INFO     drop OBJECTATTRIBUTEVALUE_AV_BAK
[2023-01-31 04:14:16.717 GMT] INFO     drop SCOPEATTRIBUTEASSIGNMENT_BAK
[2023-01-31 04:14:16.731 GMT] INFO     drop TYPEDEFVERSION_BAK
[2023-01-31 04:14:16.739 GMT] INFO     drop ATTRIBUTEDEFVERSION_BAK
[2023-01-31 04:14:16.752 GMT] INFO     drop STAGINGGROUPRESOURCEASSIGN_BAK
[2023-01-31 04:14:16.773 GMT] INFO     drop STAGINGTABLE_BAK
[2023-01-31 04:14:16.786 GMT] INFO     drop STAGINGDIRECTORY_BAK
[2023-01-31 04:14:16.799 GMT] INFO     drop STAGINGGROUP_BAK
[2023-01-31 04:14:16.812 GMT] INFO Committing db transaction ...
[2023-01-31 04:14:16.813 GMT] INFO Applying changes...
[2023-01-31 04:14:16.814 GMT] INFO >   Code only migration - no db modifications required.
[2023-01-31 04:14:16.828 GMT] INFO >   Cleared BM page cache for Sites-Site
[2023-01-31 04:14:16.828 GMT] INFO Finalizing migration...
[2023-01-31 04:14:16.839 GMT] INFO >   Removing migration marker ...
[2023-01-31 04:14:16.846 GMT] INFO >   Updating schema version. Set version = 23.2.1.19
[2023-01-31 04:14:16.856 GMT] INFO >   Committing db transaction ...
[2023-01-31 04:14:16.858 GMT] INFO === Migration completed ===
[2023-01-31 04:14:16.862 GMT] INFO Update completed. Current schema version 23.2.1.19
[2023-01-31 04:14:16.976 GMT] INFO Successfully executed operation in 0s
[2023-01-31 04:14:19.792 GMT] INFO Completed migration in 36s
