[2023-01-31 04:15:06.063 GMT] Refreshing ECOM application context for profiles []...
[2023-01-31 04:15:13.243 GMT] Custom cartridge directory set to /remote/zycl/zycl_001/sharedata/cartridges/version5.
[2023-01-31 04:15:13.861 GMT] Applying cache configuration - size: 120000 (old: 120000), segments: 3 (old: 3).
[2023-01-31 04:15:32.781 GMT] Refreshing ECOM application context for profiles []...Ok! 4974 beans in 26733 ms
[2023-01-31 04:15:45.651 GMT] Using '/ecom/system/resources/cartridges/core_kernel/release' as main cartridge directory for 'core_kernel'.
[2023-01-31 04:15:45.652 GMT] Using '/ecom/system/resources/cartridges/orm/release' as main cartridge directory for 'orm'.
[2023-01-31 04:15:45.653 GMT] Using '/ecom/system/resources/cartridges/core_script/release' as main cartridge directory for 'core_script'.
[2023-01-31 04:15:45.653 GMT] Using '/ecom/system/resources/cartridges/core/release' as main cartridge directory for 'core'.
[2023-01-31 04:15:45.653 GMT] Using '/ecom/system/resources/cartridges/bc_catalog/release' as main cartridge directory for 'bc_catalog'.
[2023-01-31 04:15:45.653 GMT] Using '/ecom/system/resources/cartridges/bc_transaction/release' as main cartridge directory for 'bc_transaction'.
[2023-01-31 04:15:45.654 GMT] Using '/ecom/system/resources/cartridges/bc_content/release' as main cartridge directory for 'bc_content'.
[2023-01-31 04:15:45.654 GMT] Using '/ecom/system/resources/cartridges/monitor/release' as main cartridge directory for 'monitor'.
[2023-01-31 04:15:45.654 GMT] Using '/ecom/system/resources/cartridges/bc_analytics/release' as main cartridge directory for 'bc_analytics'.
[2023-01-31 04:15:45.655 GMT] Using '/ecom/system/resources/cartridges/bc_search/release' as main cartridge directory for 'bc_search'.
[2023-01-31 04:15:45.655 GMT] Using '/ecom/system/resources/cartridges/bc_wapi_base/release' as main cartridge directory for 'bc_wapi_base'.
[2023-01-31 04:15:45.655 GMT] Using '/ecom/system/resources/cartridges/bc_impex/release' as main cartridge directory for 'bc_impex'.
[2023-01-31 04:15:45.656 GMT] Using '/ecom/system/resources/cartridges/wwd/release' as main cartridge directory for 'wwd'.
[2023-01-31 04:15:45.656 GMT] Using '/ecom/system/resources/cartridges/bc_api/release' as main cartridge directory for 'bc_api'.
[2023-01-31 04:15:45.656 GMT] Using '/ecom/system/resources/cartridges/bc_search3/release' as main cartridge directory for 'bc_search3'.
[2023-01-31 04:15:45.656 GMT] Using '/ecom/system/resources/cartridges/bc_wapi/release' as main cartridge directory for 'bc_wapi'.
[2023-01-31 04:15:45.657 GMT] Using '/ecom/system/resources/cartridges/plugin_base/release' as main cartridge directory for 'plugin_base'.
[2023-01-31 04:15:45.657 GMT] Using '/ecom/system/resources/cartridges/plugin_web_payments/release' as main cartridge directory for 'plugin_web_payments'.
[2023-01-31 04:15:45.657 GMT] Using '/ecom/system/resources/cartridges/plugin_apple_pay/release' as main cartridge directory for 'plugin_apple_pay'.
[2023-01-31 04:15:45.658 GMT] Using '/ecom/system/resources/cartridges/plugin_facebook/release' as main cartridge directory for 'plugin_facebook'.
[2023-01-31 04:15:45.658 GMT] Using '/ecom/system/resources/cartridges/plugin_pinterest_commerce/release' as main cartridge directory for 'plugin_pinterest_commerce'.
[2023-01-31 04:15:45.658 GMT] Using '/ecom/system/resources/cartridges/plugin_payments/release' as main cartridge directory for 'plugin_payments'.
[2023-01-31 04:15:45.659 GMT] Using '/ecom/system/resources/cartridges/ac_verisign/release' as main cartridge directory for 'ac_verisign'.
[2023-01-31 04:15:45.659 GMT] Using '/ecom/system/resources/cartridges/app_business_manager/release' as main cartridge directory for 'app_business_manager'.
[2023-01-31 04:15:45.659 GMT] Using '/ecom/system/resources/cartridges/customization_defaults/release' as main cartridge directory for 'customization_defaults'.
[2023-01-31 04:15:45.659 GMT] Using '/ecom/system/resources/cartridges/migrate/release' as main cartridge directory for 'migrate'.
[2023-01-31 04:15:45.660 GMT] Using '/ecom/system/resources/cartridges/sitegenesis_storefront_core/release' as main cartridge directory for 'sitegenesis_storefront_core'.
[2023-01-31 04:15:45.660 GMT] Using '/ecom/system/resources/cartridges/sitegenesis_storefront_pipelines/release' as main cartridge directory for 'sitegenesis_storefront_pipelines'.
[2023-01-31 04:15:45.660 GMT] Using '/ecom/system/resources/cartridges/sitegenesis_storefront_controllers/release' as main cartridge directory for 'sitegenesis_storefront_controllers'.
[2023-01-31 04:15:45.661 GMT] Using '/remote/zycl/zycl_001/sharedata/cartridges/version5/app_product_cedmeta/cartridge' as main cartridge directory for 'app_product_cedmeta'.
[2023-01-31 04:15:45.664 GMT] Using '/remote/zycl/zycl_001/sharedata/cartridges/version5/int_klevu_core/cartridge' as main cartridge directory for 'int_klevu_core'.
[2023-01-31 04:15:45.665 GMT] Using '/remote/zycl/zycl_001/sharedata/cartridges/version5/plugin_ced/cartridge' as main cartridge directory for 'plugin_ced'.
[2023-01-31 04:15:45.665 GMT] Using '/remote/zycl/zycl_001/sharedata/cartridges/version5/modules/release' as main cartridge directory for 'modules'.
[2023-01-31 04:15:45.668 GMT] Using '/remote/zycl/zycl_001/sharedata/cartridges/version5/int_fenix_sfra/cartridge' as main cartridge directory for 'int_fenix_sfra'.
[2023-01-31 04:15:45.669 GMT] Using '/remote/zycl/zycl_001/sharedata/cartridges/version5/bm_minichamp/cartridge' as main cartridge directory for 'bm_minichamp'.
[2023-01-31 04:15:45.670 GMT] Using '/remote/zycl/zycl_001/sharedata/cartridges/version5/bm_klevu/cartridge' as main cartridge directory for 'bm_klevu'.
[2023-01-31 04:15:45.672 GMT] Using '/remote/zycl/zycl_001/sharedata/cartridges/version5/bm_mailchimp/cartridge' as main cartridge directory for 'bm_mailchimp'.
[2023-01-31 04:15:45.674 GMT] Using '/remote/zycl/zycl_001/sharedata/cartridges/version5/bm_app_storefront_base/cartridge' as main cartridge directory for 'bm_app_storefront_base'.
[2023-01-31 04:15:45.675 GMT] Using '/remote/zycl/zycl_001/sharedata/cartridges/version5/int_klevu_sfra/cartridge' as main cartridge directory for 'int_klevu_sfra'.
[2023-01-31 04:15:45.676 GMT] Using '/remote/zycl/zycl_001/sharedata/cartridges/version5/bm_socialchannels/cartridge' as main cartridge directory for 'bm_socialchannels'.
[2023-01-31 04:15:45.677 GMT] Using '/remote/zycl/zycl_001/sharedata/cartridges/version5/plugin_wishlists/cartridge' as main cartridge directory for 'plugin_wishlists'.
[2023-01-31 04:15:45.679 GMT] Using '/remote/zycl/zycl_001/sharedata/cartridges/version5/bm_tools/cartridge' as main cartridge directory for 'bm_tools'.
[2023-01-31 04:15:45.682 GMT] Using '/remote/zycl/zycl_001/sharedata/cartridges/version5/int_fenix_controllers/cartridge' as main cartridge directory for 'int_fenix_controllers'.
[2023-01-31 04:15:45.684 GMT] Using '/remote/zycl/zycl_001/sharedata/cartridges/version5/bm_fenix/cartridge' as main cartridge directory for 'bm_fenix'.
[2023-01-31 04:15:45.684 GMT] Using '/remote/zycl/zycl_001/sharedata/cartridges/version5/app_storefront_base/cartridge' as main cartridge directory for 'app_storefront_base'.
[2023-01-31 04:15:45.685 GMT] Using '/remote/zycl/zycl_001/sharedata/cartridges/version5/fenix_sg_changes/cartridge' as main cartridge directory for 'fenix_sg_changes'.
[2023-01-31 04:15:45.686 GMT] Using '/remote/zycl/zycl_001/sharedata/cartridges/version5/plugin_hubspot/cartridge' as main cartridge directory for 'plugin_hubspot'.
[2023-01-31 04:15:45.687 GMT] Using '/remote/zycl/zycl_001/sharedata/cartridges/version5/int_fenix_core/cartridge' as main cartridge directory for 'int_fenix_core'.
[2023-01-31 04:15:45.688 GMT] Using '/remote/zycl/zycl_001/sharedata/cartridges/version5/int_tiktok/cartridge' as main cartridge directory for 'int_tiktok'.
[2023-01-31 04:15:45.691 GMT] Using '/remote/zycl/zycl_001/sharedata/cartridges/version5/lib_productlist/cartridge' as main cartridge directory for 'lib_productlist'.
[2023-01-31 04:15:45.693 GMT] Using '/remote/zycl/zycl_001/sharedata/cartridges/version5/fenix_sfra_changes/cartridge' as main cartridge directory for 'fenix_sfra_changes'.
[2023-01-31 04:15:45.709 GMT] Starting server version 23.2.1.19
[2023-01-31 04:15:46.331 GMT] Active code version set to version5
[2023-01-31 04:15:46.331 GMT] Compatibility mode is 21.7
[2023-01-31 04:17:20.092 GMT] Found inconsistencies between known servers registered to DB ([ecom-sandbox-zycl-001-app-7df8ddc46f-xfhwh-0]) and multicast ([]))
[2023-01-31 04:17:30.092 GMT] Found inconsistencies between known servers registered to DB ([ecom-sandbox-zycl-001-app-7df8ddc46f-xfhwh-0]) and multicast ([]))
[2023-01-31 04:17:40.092 GMT] Found inconsistencies between known servers registered to DB ([ecom-sandbox-zycl-001-app-7df8ddc46f-xfhwh-0]) and multicast ([]))
[2023-01-31 04:17:50.092 GMT] Found inconsistencies between known servers registered to DB ([ecom-sandbox-zycl-001-app-7df8ddc46f-xfhwh-0]) and multicast ([]))
[2023-01-31 04:18:00.092 GMT] Found inconsistencies between known servers registered to DB ([ecom-sandbox-zycl-001-app-7df8ddc46f-xfhwh-0]) and multicast ([]))
[2023-01-31 04:18:01.885 GMT] Found inconsistencies between expired servers registered to DB ([ecom-sandbox-zycl-001-app-7df8ddc46f-xfhwh-0]) and multicast ([]))
[2023-01-31 04:18:10.092 GMT] Found inconsistencies between known servers registered to DB ([ecom-sandbox-zycl-001-app-7df8ddc46f-xfhwh-0]) and multicast ([]))
[2023-01-31 04:18:20.094 GMT] Found inconsistencies between known servers registered to DB ([ecom-sandbox-zycl-001-app-7df8ddc46f-xfhwh-0]) and multicast ([]))
[2023-01-31 04:18:30.092 GMT] Found inconsistencies between known servers registered to DB ([ecom-sandbox-zycl-001-app-7df8ddc46f-xfhwh-0]) and multicast ([]))
[2023-01-31 04:18:40.093 GMT] Found inconsistencies between known servers registered to DB ([ecom-sandbox-zycl-001-app-7df8ddc46f-xfhwh-0]) and multicast ([]))
[2023-01-31 04:18:50.093 GMT] Found inconsistencies between known servers registered to DB ([ecom-sandbox-zycl-001-app-7df8ddc46f-xfhwh-0]) and multicast ([]))
[2023-01-31 04:19:00.092 GMT] Found inconsistencies between known servers registered to DB ([ecom-sandbox-zycl-001-app-7df8ddc46f-xfhwh-0]) and multicast ([]))
[2023-01-31 04:19:01.964 GMT] Found inconsistencies between expired servers registered to DB ([ecom-sandbox-zycl-001-app-7df8ddc46f-xfhwh-0]) and multicast ([]))
[2023-01-31 04:19:10.092 GMT] Found inconsistencies between known servers registered to DB ([ecom-sandbox-zycl-001-app-7df8ddc46f-xfhwh-0]) and multicast ([]))
[2023-01-31 04:19:20.095 GMT] Found inconsistencies between known servers registered to DB ([ecom-sandbox-zycl-001-app-7df8ddc46f-xfhwh-0]) and multicast ([]))
[2023-01-31 04:19:30.092 GMT] Found inconsistencies between known servers registered to DB ([ecom-sandbox-zycl-001-app-7df8ddc46f-xfhwh-0]) and multicast ([]))
[2023-01-31 04:19:40.092 GMT] Found inconsistencies between known servers registered to DB ([ecom-sandbox-zycl-001-app-7df8ddc46f-xfhwh-0]) and multicast ([]))
[2023-01-31 04:19:50.092 GMT] Found inconsistencies between known servers registered to DB ([ecom-sandbox-zycl-001-app-7df8ddc46f-xfhwh-0]) and multicast ([]))
[2023-01-31 04:20:00.093 GMT] Found inconsistencies between known servers registered to DB ([ecom-sandbox-zycl-001-app-7df8ddc46f-xfhwh-0]) and multicast ([]))
[2023-01-31 04:20:02.022 GMT] Found inconsistencies between expired servers registered to DB ([ecom-sandbox-zycl-001-app-7df8ddc46f-xfhwh-0]) and multicast ([]))
[2023-01-31 04:20:10.092 GMT] Found inconsistencies between known servers registered to DB ([ecom-sandbox-zycl-001-app-7df8ddc46f-xfhwh-0]) and multicast ([]))
[2023-01-31 04:20:20.122 GMT] Found inconsistencies between known servers registered to DB ([ecom-sandbox-zycl-001-app-7df8ddc46f-xfhwh-0]) and multicast ([]))
[2023-01-31 04:20:30.092 GMT] Found inconsistencies between known servers registered to DB ([ecom-sandbox-zycl-001-app-7df8ddc46f-xfhwh-0]) and multicast ([]))
[2023-01-31 04:20:40.092 GMT] Found inconsistencies between known servers registered to DB ([ecom-sandbox-zycl-001-app-7df8ddc46f-xfhwh-0]) and multicast ([]))
[2023-01-31 04:20:50.093 GMT] Found inconsistencies between known servers registered to DB ([ecom-sandbox-zycl-001-app-7df8ddc46f-xfhwh-0]) and multicast ([]))
[2023-01-31 04:21:00.092 GMT] Found inconsistencies between known servers registered to DB ([ecom-sandbox-zycl-001-app-7df8ddc46f-xfhwh-0]) and multicast ([]))
[2023-01-31 04:21:01.851 GMT] Found inconsistencies between expired servers registered to DB ([ecom-sandbox-zycl-001-app-7df8ddc46f-xfhwh-0]) and multicast ([]))
[2023-01-31 04:21:10.092 GMT] Found inconsistencies between known servers registered to DB ([ecom-sandbox-zycl-001-app-7df8ddc46f-xfhwh-0]) and multicast ([]))
[2023-01-31 04:21:20.092 GMT] Found inconsistencies between known servers registered to DB ([ecom-sandbox-zycl-001-app-7df8ddc46f-xfhwh-0]) and multicast ([]))
[2023-01-31 04:21:30.092 GMT] Found inconsistencies between known servers registered to DB ([ecom-sandbox-zycl-001-app-7df8ddc46f-xfhwh-0]) and multicast ([]))
[2023-01-31 04:21:40.092 GMT] Found inconsistencies between known servers registered to DB ([ecom-sandbox-zycl-001-app-7df8ddc46f-xfhwh-0]) and multicast ([]))
[2023-01-31 04:21:50.091 GMT] Found inconsistencies between known servers registered to DB ([ecom-sandbox-zycl-001-app-7df8ddc46f-xfhwh-0]) and multicast ([]))
[2023-01-31 04:22:00.092 GMT] Found inconsistencies between known servers registered to DB ([ecom-sandbox-zycl-001-app-7df8ddc46f-xfhwh-0]) and multicast ([]))
[2023-01-31 04:22:01.879 GMT] Found inconsistencies between expired servers registered to DB ([ecom-sandbox-zycl-001-app-7df8ddc46f-xfhwh-0]) and multicast ([]))
[2023-01-31 04:22:10.091 GMT] Found inconsistencies between known servers registered to DB ([ecom-sandbox-zycl-001-app-7df8ddc46f-xfhwh-0]) and multicast ([]))
[2023-01-31 04:22:20.092 GMT] Found inconsistencies between known servers registered to DB ([ecom-sandbox-zycl-001-app-7df8ddc46f-xfhwh-0]) and multicast ([]))
[2023-01-31 04:22:30.092 GMT] Found inconsistencies between known servers registered to DB ([ecom-sandbox-zycl-001-app-7df8ddc46f-xfhwh-0]) and multicast ([]))
[2023-01-31 04:22:40.092 GMT] Found inconsistencies between known servers registered to DB ([ecom-sandbox-zycl-001-app-7df8ddc46f-xfhwh-0]) and multicast ([]))
[2023-01-31 04:22:50.091 GMT] Found inconsistencies between known servers registered to DB ([ecom-sandbox-zycl-001-app-7df8ddc46f-xfhwh-0]) and multicast ([]))
[2023-01-31 04:23:00.092 GMT] Found inconsistencies between known servers registered to DB ([ecom-sandbox-zycl-001-app-7df8ddc46f-xfhwh-0]) and multicast ([]))
[2023-01-31 04:23:01.805 GMT] Found inconsistencies between expired servers registered to DB ([ecom-sandbox-zycl-001-app-7df8ddc46f-xfhwh-0]) and multicast ([]))
[2023-01-31 04:23:10.091 GMT] Found inconsistencies between known servers registered to DB ([ecom-sandbox-zycl-001-app-7df8ddc46f-xfhwh-0]) and multicast ([]))
[2023-01-31 04:23:20.092 GMT] Found inconsistencies between known servers registered to DB ([ecom-sandbox-zycl-001-app-7df8ddc46f-xfhwh-0]) and multicast ([]))
[2023-01-31 04:23:30.091 GMT] Found inconsistencies between known servers registered to DB ([ecom-sandbox-zycl-001-app-7df8ddc46f-xfhwh-0]) and multicast ([]))
[2023-01-31 04:23:40.092 GMT] Found inconsistencies between known servers registered to DB ([ecom-sandbox-zycl-001-app-7df8ddc46f-xfhwh-0]) and multicast ([]))
[2023-01-31 04:23:50.091 GMT] Found inconsistencies between known servers registered to DB ([ecom-sandbox-zycl-001-app-7df8ddc46f-xfhwh-0]) and multicast ([]))
[2023-01-31 04:24:00.092 GMT] Found inconsistencies between known servers registered to DB ([ecom-sandbox-zycl-001-app-7df8ddc46f-xfhwh-0]) and multicast ([]))
[2023-01-31 04:24:01.821 GMT] Found inconsistencies between expired servers registered to DB ([ecom-sandbox-zycl-001-app-7df8ddc46f-xfhwh-0]) and multicast ([]))
[2023-01-31 04:24:10.092 GMT] Found inconsistencies between known servers registered to DB ([ecom-sandbox-zycl-001-app-7df8ddc46f-xfhwh-0]) and multicast ([]))
[2023-01-31 04:24:20.091 GMT] Found inconsistencies between known servers registered to DB ([ecom-sandbox-zycl-001-app-7df8ddc46f-xfhwh-0]) and multicast ([]))
[2023-01-31 04:24:30.092 GMT] Found inconsistencies between known servers registered to DB ([ecom-sandbox-zycl-001-app-7df8ddc46f-xfhwh-0]) and multicast ([]))
[2023-01-31 04:24:40.093 GMT] Found inconsistencies between known servers registered to DB ([ecom-sandbox-zycl-001-app-7df8ddc46f-xfhwh-0]) and multicast ([]))
[2023-01-31 04:24:50.092 GMT] Found inconsistencies between known servers registered to DB ([ecom-sandbox-zycl-001-app-7df8ddc46f-xfhwh-0]) and multicast ([]))
[2023-01-31 04:25:00.092 GMT] Found inconsistencies between known servers registered to DB ([ecom-sandbox-zycl-001-app-7df8ddc46f-xfhwh-0]) and multicast ([]))
[2023-01-31 04:25:01.897 GMT] Found inconsistencies between expired servers registered to DB ([ecom-sandbox-zycl-001-app-7df8ddc46f-xfhwh-0]) and multicast ([]))
[2023-01-31 04:25:10.092 GMT] Found inconsistencies between known servers registered to DB ([ecom-sandbox-zycl-001-app-7df8ddc46f-xfhwh-0]) and multicast ([]))
[2023-01-31 04:25:20.092 GMT] Found inconsistencies between known servers registered to DB ([ecom-sandbox-zycl-001-app-7df8ddc46f-xfhwh-0]) and multicast ([]))
[2023-01-31 04:25:30.097 GMT] Found inconsistencies between known servers registered to DB ([ecom-sandbox-zycl-001-app-7df8ddc46f-xfhwh-0]) and multicast ([]))
[2023-01-31 04:25:40.092 GMT] Found inconsistencies between known servers registered to DB ([ecom-sandbox-zycl-001-app-7df8ddc46f-xfhwh-0]) and multicast ([]))
[2023-01-31 04:25:50.091 GMT] Found inconsistencies between known servers registered to DB ([ecom-sandbox-zycl-001-app-7df8ddc46f-xfhwh-0]) and multicast ([]))
[2023-01-31 04:26:00.092 GMT] Found inconsistencies between known servers registered to DB ([ecom-sandbox-zycl-001-app-7df8ddc46f-xfhwh-0]) and multicast ([]))
[2023-01-31 04:26:01.745 GMT] Found inconsistencies between expired servers registered to DB ([ecom-sandbox-zycl-001-app-7df8ddc46f-xfhwh-0]) and multicast ([]))
[2023-01-31 04:26:10.091 GMT] Found inconsistencies between known servers registered to DB ([ecom-sandbox-zycl-001-app-7df8ddc46f-xfhwh-0]) and multicast ([]))
[2023-01-31 04:26:20.092 GMT] Found inconsistencies between known servers registered to DB ([ecom-sandbox-zycl-001-app-7df8ddc46f-xfhwh-0]) and multicast ([]))
[2023-01-31 04:26:30.092 GMT] Found inconsistencies between known servers registered to DB ([ecom-sandbox-zycl-001-app-7df8ddc46f-xfhwh-0]) and multicast ([]))
[2023-01-31 04:26:40.092 GMT] Found inconsistencies between known servers registered to DB ([ecom-sandbox-zycl-001-app-7df8ddc46f-xfhwh-0]) and multicast ([]))
[2023-01-31 04:26:50.092 GMT] Found inconsistencies between known servers registered to DB ([ecom-sandbox-zycl-001-app-7df8ddc46f-xfhwh-0]) and multicast ([]))
[2023-01-31 04:27:00.092 GMT] Found inconsistencies between known servers registered to DB ([ecom-sandbox-zycl-001-app-7df8ddc46f-xfhwh-0]) and multicast ([]))
[2023-01-31 04:27:01.824 GMT] Found inconsistencies between expired servers registered to DB ([ecom-sandbox-zycl-001-app-7df8ddc46f-xfhwh-0]) and multicast ([]))
[2023-01-31 04:27:10.091 GMT] Found inconsistencies between known servers registered to DB ([ecom-sandbox-zycl-001-app-7df8ddc46f-xfhwh-0]) and multicast ([]))
[2023-01-31 04:27:20.092 GMT] Found inconsistencies between known servers registered to DB ([ecom-sandbox-zycl-001-app-7df8ddc46f-xfhwh-0]) and multicast ([]))
[2023-01-31 04:27:30.092 GMT] Found inconsistencies between known servers registered to DB ([ecom-sandbox-zycl-001-app-7df8ddc46f-xfhwh-0]) and multicast ([]))
[2023-01-31 04:27:40.091 GMT] Found inconsistencies between known servers registered to DB ([ecom-sandbox-zycl-001-app-7df8ddc46f-xfhwh-0]) and multicast ([]))
[2023-01-31 04:27:50.091 GMT] Found inconsistencies between known servers registered to DB ([ecom-sandbox-zycl-001-app-7df8ddc46f-xfhwh-0]) and multicast ([]))
[2023-01-31 04:28:00.092 GMT] Found inconsistencies between known servers registered to DB ([ecom-sandbox-zycl-001-app-7df8ddc46f-xfhwh-0]) and multicast ([]))
[2023-01-31 04:28:01.754 GMT] Found inconsistencies between expired servers registered to DB ([ecom-sandbox-zycl-001-app-7df8ddc46f-xfhwh-0]) and multicast ([]))
[2023-01-31 04:28:10.091 GMT] Found inconsistencies between known servers registered to DB ([ecom-sandbox-zycl-001-app-7df8ddc46f-xfhwh-0]) and multicast ([]))
[2023-01-31 04:28:20.092 GMT] Found inconsistencies between known servers registered to DB ([ecom-sandbox-zycl-001-app-7df8ddc46f-xfhwh-0]) and multicast ([]))
[2023-01-31 04:28:30.092 GMT] Found inconsistencies between known servers registered to DB ([ecom-sandbox-zycl-001-app-7df8ddc46f-xfhwh-0]) and multicast ([]))
[2023-01-31 04:28:40.092 GMT] Found inconsistencies between known servers registered to DB ([ecom-sandbox-zycl-001-app-7df8ddc46f-xfhwh-0]) and multicast ([]))
[2023-01-31 04:28:50.092 GMT] Found inconsistencies between known servers registered to DB ([ecom-sandbox-zycl-001-app-7df8ddc46f-xfhwh-0]) and multicast ([]))
[2023-01-31 04:29:00.092 GMT] Found inconsistencies between known servers registered to DB ([ecom-sandbox-zycl-001-app-7df8ddc46f-xfhwh-0]) and multicast ([]))
[2023-01-31 04:29:01.820 GMT] Found inconsistencies between expired servers registered to DB ([ecom-sandbox-zycl-001-app-7df8ddc46f-xfhwh-0]) and multicast ([]))
[2023-01-31 04:29:10.092 GMT] Found inconsistencies between known servers registered to DB ([ecom-sandbox-zycl-001-app-7df8ddc46f-xfhwh-0]) and multicast ([]))
[2023-01-31 04:29:20.091 GMT] Found inconsistencies between known servers registered to DB ([ecom-sandbox-zycl-001-app-7df8ddc46f-xfhwh-0]) and multicast ([]))
[2023-01-31 04:29:30.091 GMT] Found inconsistencies between known servers registered to DB ([ecom-sandbox-zycl-001-app-7df8ddc46f-xfhwh-0]) and multicast ([]))
[2023-01-31 04:29:40.092 GMT] Found inconsistencies between known servers registered to DB ([ecom-sandbox-zycl-001-app-7df8ddc46f-xfhwh-0]) and multicast ([]))
[2023-01-31 04:29:50.092 GMT] Found inconsistencies between known servers registered to DB ([ecom-sandbox-zycl-001-app-7df8ddc46f-xfhwh-0]) and multicast ([]))
[2023-01-31 04:30:00.092 GMT] Found inconsistencies between known servers registered to DB ([ecom-sandbox-zycl-001-app-7df8ddc46f-xfhwh-0]) and multicast ([]))
[2023-01-31 04:30:01.745 GMT] Found inconsistencies between expired servers registered to DB ([ecom-sandbox-zycl-001-app-7df8ddc46f-xfhwh-0]) and multicast ([]))
[2023-01-31 04:30:10.092 GMT] Found inconsistencies between known servers registered to DB ([ecom-sandbox-zycl-001-app-7df8ddc46f-xfhwh-0]) and multicast ([]))
[2023-01-31 04:30:20.091 GMT] Found inconsistencies between known servers registered to DB ([ecom-sandbox-zycl-001-app-7df8ddc46f-xfhwh-0]) and multicast ([]))
[2023-01-31 04:30:30.092 GMT] Found inconsistencies between known servers registered to DB ([ecom-sandbox-zycl-001-app-7df8ddc46f-xfhwh-0]) and multicast ([]))
[2023-01-31 04:30:40.097 GMT] Found inconsistencies between known servers registered to DB ([ecom-sandbox-zycl-001-app-7df8ddc46f-xfhwh-0]) and multicast ([]))
[2023-01-31 04:30:50.092 GMT] Found inconsistencies between known servers registered to DB ([ecom-sandbox-zycl-001-app-7df8ddc46f-xfhwh-0]) and multicast ([]))
[2023-01-31 04:31:00.091 GMT] Found inconsistencies between known servers registered to DB ([ecom-sandbox-zycl-001-app-7df8ddc46f-xfhwh-0]) and multicast ([]))
[2023-01-31 04:31:01.822 GMT] Found inconsistencies between expired servers registered to DB ([ecom-sandbox-zycl-001-app-7df8ddc46f-xfhwh-0]) and multicast ([]))
[2023-01-31 04:31:10.092 GMT] Found inconsistencies between known servers registered to DB ([ecom-sandbox-zycl-001-app-7df8ddc46f-xfhwh-0]) and multicast ([]))
[2023-01-31 04:31:20.093 GMT] Found inconsistencies between known servers registered to DB ([ecom-sandbox-zycl-001-app-7df8ddc46f-xfhwh-0]) and multicast ([]))
[2023-01-31 04:31:30.092 GMT] Found inconsistencies between known servers registered to DB ([ecom-sandbox-zycl-001-app-7df8ddc46f-xfhwh-0]) and multicast ([]))
[2023-01-31 04:31:40.093 GMT] Found inconsistencies between known servers registered to DB ([ecom-sandbox-zycl-001-app-7df8ddc46f-xfhwh-0]) and multicast ([]))
[2023-01-31 04:31:50.092 GMT] Found inconsistencies between known servers registered to DB ([ecom-sandbox-zycl-001-app-7df8ddc46f-xfhwh-0]) and multicast ([]))
[2023-01-31 04:32:00.092 GMT] Found inconsistencies between known servers registered to DB ([ecom-sandbox-zycl-001-app-7df8ddc46f-xfhwh-0]) and multicast ([]))
[2023-01-31 04:32:01.939 GMT] Found inconsistencies between expired servers registered to DB ([ecom-sandbox-zycl-001-app-7df8ddc46f-xfhwh-0]) and multicast ([]))
[2023-01-31 04:32:10.092 GMT] Found inconsistencies between known servers registered to DB ([ecom-sandbox-zycl-001-app-7df8ddc46f-xfhwh-0]) and multicast ([]))
[2023-01-31 04:32:20.093 GMT] Found inconsistencies between known servers registered to DB ([ecom-sandbox-zycl-001-app-7df8ddc46f-xfhwh-0]) and multicast ([]))
[2023-01-31 04:32:30.092 GMT] Found inconsistencies between known servers registered to DB ([ecom-sandbox-zycl-001-app-7df8ddc46f-xfhwh-0]) and multicast ([]))
[2023-01-31 04:32:40.092 GMT] Found inconsistencies between known servers registered to DB ([ecom-sandbox-zycl-001-app-7df8ddc46f-xfhwh-0]) and multicast ([]))
[2023-01-31 04:32:50.092 GMT] Found inconsistencies between known servers registered to DB ([ecom-sandbox-zycl-001-app-7df8ddc46f-xfhwh-0]) and multicast ([]))
[2023-01-31 04:33:00.092 GMT] Found inconsistencies between known servers registered to DB ([ecom-sandbox-zycl-001-app-7df8ddc46f-xfhwh-0]) and multicast ([]))
[2023-01-31 04:33:01.944 GMT] Found inconsistencies between expired servers registered to DB ([ecom-sandbox-zycl-001-app-7df8ddc46f-xfhwh-0]) and multicast ([]))
[2023-01-31 04:33:10.091 GMT] Found inconsistencies between known servers registered to DB ([ecom-sandbox-zycl-001-app-7df8ddc46f-xfhwh-0]) and multicast ([]))
[2023-01-31 04:33:20.092 GMT] Found inconsistencies between known servers registered to DB ([ecom-sandbox-zycl-001-app-7df8ddc46f-xfhwh-0]) and multicast ([]))
[2023-01-31 04:33:30.091 GMT] Found inconsistencies between known servers registered to DB ([ecom-sandbox-zycl-001-app-7df8ddc46f-xfhwh-0]) and multicast ([]))
[2023-01-31 04:33:40.091 GMT] Found inconsistencies between known servers registered to DB ([ecom-sandbox-zycl-001-app-7df8ddc46f-xfhwh-0]) and multicast ([]))
[2023-01-31 04:33:50.091 GMT] Found inconsistencies between known servers registered to DB ([ecom-sandbox-zycl-001-app-7df8ddc46f-xfhwh-0]) and multicast ([]))
[2023-01-31 04:34:00.092 GMT] Found inconsistencies between known servers registered to DB ([ecom-sandbox-zycl-001-app-7df8ddc46f-xfhwh-0]) and multicast ([]))
[2023-01-31 04:34:01.839 GMT] Found inconsistencies between expired servers registered to DB ([ecom-sandbox-zycl-001-app-7df8ddc46f-xfhwh-0]) and multicast ([]))
[2023-01-31 04:34:10.092 GMT] Found inconsistencies between known servers registered to DB ([ecom-sandbox-zycl-001-app-7df8ddc46f-xfhwh-0]) and multicast ([]))
[2023-01-31 04:34:20.091 GMT] Found inconsistencies between known servers registered to DB ([ecom-sandbox-zycl-001-app-7df8ddc46f-xfhwh-0]) and multicast ([]))
[2023-01-31 04:34:30.092 GMT] Found inconsistencies between known servers registered to DB ([ecom-sandbox-zycl-001-app-7df8ddc46f-xfhwh-0]) and multicast ([]))
[2023-01-31 04:34:40.091 GMT] Found inconsistencies between known servers registered to DB ([ecom-sandbox-zycl-001-app-7df8ddc46f-xfhwh-0]) and multicast ([]))
[2023-01-31 04:34:50.091 GMT] Found inconsistencies between known servers registered to DB ([ecom-sandbox-zycl-001-app-7df8ddc46f-xfhwh-0]) and multicast ([]))
[2023-01-31 04:35:00.092 GMT] Found inconsistencies between known servers registered to DB ([ecom-sandbox-zycl-001-app-7df8ddc46f-xfhwh-0]) and multicast ([]))
[2023-01-31 04:35:01.908 GMT] Found inconsistencies between expired servers registered to DB ([ecom-sandbox-zycl-001-app-7df8ddc46f-xfhwh-0]) and multicast ([]))
[2023-01-31 04:35:10.092 GMT] Found inconsistencies between known servers registered to DB ([ecom-sandbox-zycl-001-app-7df8ddc46f-xfhwh-0]) and multicast ([]))
[2023-01-31 04:35:20.091 GMT] Found inconsistencies between known servers registered to DB ([ecom-sandbox-zycl-001-app-7df8ddc46f-xfhwh-0]) and multicast ([]))
[2023-01-31 04:35:30.091 GMT] Found inconsistencies between known servers registered to DB ([ecom-sandbox-zycl-001-app-7df8ddc46f-xfhwh-0]) and multicast ([]))
[2023-01-31 04:35:40.091 GMT] Found inconsistencies between known servers registered to DB ([ecom-sandbox-zycl-001-app-7df8ddc46f-xfhwh-0]) and multicast ([]))
[2023-01-31 04:35:50.097 GMT] Found inconsistencies between known servers registered to DB ([ecom-sandbox-zycl-001-app-7df8ddc46f-xfhwh-0]) and multicast ([]))
[2023-01-31 04:36:00.091 GMT] Found inconsistencies between known servers registered to DB ([ecom-sandbox-zycl-001-app-7df8ddc46f-xfhwh-0]) and multicast ([]))
[2023-01-31 04:36:01.794 GMT] Found inconsistencies between expired servers registered to DB ([ecom-sandbox-zycl-001-app-7df8ddc46f-xfhwh-0]) and multicast ([]))
[2023-01-31 04:36:10.091 GMT] Found inconsistencies between known servers registered to DB ([ecom-sandbox-zycl-001-app-7df8ddc46f-xfhwh-0]) and multicast ([]))
[2023-01-31 04:36:20.092 GMT] Found inconsistencies between known servers registered to DB ([ecom-sandbox-zycl-001-app-7df8ddc46f-xfhwh-0]) and multicast ([]))
[2023-01-31 04:36:30.091 GMT] Found inconsistencies between known servers registered to DB ([ecom-sandbox-zycl-001-app-7df8ddc46f-xfhwh-0]) and multicast ([]))
[2023-01-31 04:36:40.091 GMT] Found inconsistencies between known servers registered to DB ([ecom-sandbox-zycl-001-app-7df8ddc46f-xfhwh-0]) and multicast ([]))
[2023-01-31 04:36:50.091 GMT] Found inconsistencies between known servers registered to DB ([ecom-sandbox-zycl-001-app-7df8ddc46f-xfhwh-0]) and multicast ([]))
[2023-01-31 04:37:00.092 GMT] Found inconsistencies between known servers registered to DB ([ecom-sandbox-zycl-001-app-7df8ddc46f-xfhwh-0]) and multicast ([]))
[2023-01-31 04:37:01.835 GMT] Found inconsistencies between expired servers registered to DB ([ecom-sandbox-zycl-001-app-7df8ddc46f-xfhwh-0]) and multicast ([]))
[2023-01-31 04:37:10.092 GMT] Found inconsistencies between known servers registered to DB ([ecom-sandbox-zycl-001-app-7df8ddc46f-xfhwh-0]) and multicast ([]))
[2023-01-31 04:37:20.091 GMT] Found inconsistencies between known servers registered to DB ([ecom-sandbox-zycl-001-app-7df8ddc46f-xfhwh-0]) and multicast ([]))
[2023-01-31 04:37:30.091 GMT] Found inconsistencies between known servers registered to DB ([ecom-sandbox-zycl-001-app-7df8ddc46f-xfhwh-0]) and multicast ([]))
[2023-01-31 04:37:40.091 GMT] Found inconsistencies between known servers registered to DB ([ecom-sandbox-zycl-001-app-7df8ddc46f-xfhwh-0]) and multicast ([]))
[2023-01-31 04:37:50.091 GMT] Found inconsistencies between known servers registered to DB ([ecom-sandbox-zycl-001-app-7df8ddc46f-xfhwh-0]) and multicast ([]))
[2023-01-31 04:38:00.092 GMT] Found inconsistencies between known servers registered to DB ([ecom-sandbox-zycl-001-app-7df8ddc46f-xfhwh-0]) and multicast ([]))
[2023-01-31 04:38:01.722 GMT] Found inconsistencies between expired servers registered to DB ([ecom-sandbox-zycl-001-app-7df8ddc46f-xfhwh-0]) and multicast ([]))
[2023-01-31 04:38:10.091 GMT] Found inconsistencies between known servers registered to DB ([ecom-sandbox-zycl-001-app-7df8ddc46f-xfhwh-0]) and multicast ([]))
[2023-01-31 04:38:20.091 GMT] Found inconsistencies between known servers registered to DB ([ecom-sandbox-zycl-001-app-7df8ddc46f-xfhwh-0]) and multicast ([]))
[2023-01-31 04:38:30.092 GMT] Found inconsistencies between known servers registered to DB ([ecom-sandbox-zycl-001-app-7df8ddc46f-xfhwh-0]) and multicast ([]))
[2023-01-31 04:38:40.092 GMT] Found inconsistencies between known servers registered to DB ([ecom-sandbox-zycl-001-app-7df8ddc46f-xfhwh-0]) and multicast ([]))
[2023-01-31 04:38:50.091 GMT] Found inconsistencies between known servers registered to DB ([ecom-sandbox-zycl-001-app-7df8ddc46f-xfhwh-0]) and multicast ([]))
[2023-01-31 04:39:00.092 GMT] Found inconsistencies between known servers registered to DB ([ecom-sandbox-zycl-001-app-7df8ddc46f-xfhwh-0]) and multicast ([]))
[2023-01-31 04:39:01.829 GMT] Found inconsistencies between expired servers registered to DB ([ecom-sandbox-zycl-001-app-7df8ddc46f-xfhwh-0]) and multicast ([]))
[2023-01-31 04:39:10.091 GMT] Found inconsistencies between known servers registered to DB ([ecom-sandbox-zycl-001-app-7df8ddc46f-xfhwh-0]) and multicast ([]))
[2023-01-31 04:39:20.092 GMT] Found inconsistencies between known servers registered to DB ([ecom-sandbox-zycl-001-app-7df8ddc46f-xfhwh-0]) and multicast ([]))
[2023-01-31 04:39:30.091 GMT] Found inconsistencies between known servers registered to DB ([ecom-sandbox-zycl-001-app-7df8ddc46f-xfhwh-0]) and multicast ([]))
[2023-01-31 04:39:40.091 GMT] Found inconsistencies between known servers registered to DB ([ecom-sandbox-zycl-001-app-7df8ddc46f-xfhwh-0]) and multicast ([]))
[2023-01-31 04:39:50.091 GMT] Found inconsistencies between known servers registered to DB ([ecom-sandbox-zycl-001-app-7df8ddc46f-xfhwh-0]) and multicast ([]))
[2023-01-31 04:40:00.094 GMT] Found inconsistencies between known servers registered to DB ([ecom-sandbox-zycl-001-app-7df8ddc46f-xfhwh-0]) and multicast ([]))
[2023-01-31 04:40:01.839 GMT] Found inconsistencies between expired servers registered to DB ([ecom-sandbox-zycl-001-app-7df8ddc46f-xfhwh-0]) and multicast ([]))
[2023-01-31 04:40:10.092 GMT] Found inconsistencies between known servers registered to DB ([ecom-sandbox-zycl-001-app-7df8ddc46f-xfhwh-0]) and multicast ([]))
[2023-01-31 04:40:20.091 GMT] Found inconsistencies between known servers registered to DB ([ecom-sandbox-zycl-001-app-7df8ddc46f-xfhwh-0]) and multicast ([]))
[2023-01-31 04:40:30.092 GMT] Found inconsistencies between known servers registered to DB ([ecom-sandbox-zycl-001-app-7df8ddc46f-xfhwh-0]) and multicast ([]))
[2023-01-31 04:40:40.091 GMT] Found inconsistencies between known servers registered to DB ([ecom-sandbox-zycl-001-app-7df8ddc46f-xfhwh-0]) and multicast ([]))
[2023-01-31 04:40:50.091 GMT] Found inconsistencies between known servers registered to DB ([ecom-sandbox-zycl-001-app-7df8ddc46f-xfhwh-0]) and multicast ([]))
[2023-01-31 04:41:00.098 GMT] Found inconsistencies between known servers registered to DB ([ecom-sandbox-zycl-001-app-7df8ddc46f-xfhwh-0]) and multicast ([]))
[2023-01-31 04:41:01.789 GMT] Found inconsistencies between expired servers registered to DB ([ecom-sandbox-zycl-001-app-7df8ddc46f-xfhwh-0]) and multicast ([]))
[2023-01-31 04:41:10.091 GMT] Found inconsistencies between known servers registered to DB ([ecom-sandbox-zycl-001-app-7df8ddc46f-xfhwh-0]) and multicast ([]))
[2023-01-31 04:41:20.092 GMT] Found inconsistencies between known servers registered to DB ([ecom-sandbox-zycl-001-app-7df8ddc46f-xfhwh-0]) and multicast ([]))
[2023-01-31 04:41:30.092 GMT] Found inconsistencies between known servers registered to DB ([ecom-sandbox-zycl-001-app-7df8ddc46f-xfhwh-0]) and multicast ([]))
[2023-01-31 04:41:40.092 GMT] Found inconsistencies between known servers registered to DB ([ecom-sandbox-zycl-001-app-7df8ddc46f-xfhwh-0]) and multicast ([]))
[2023-01-31 04:41:50.092 GMT] Found inconsistencies between known servers registered to DB ([ecom-sandbox-zycl-001-app-7df8ddc46f-xfhwh-0]) and multicast ([]))
[2023-01-31 04:42:00.092 GMT] Found inconsistencies between known servers registered to DB ([ecom-sandbox-zycl-001-app-7df8ddc46f-xfhwh-0]) and multicast ([]))
[2023-01-31 04:42:01.860 GMT] Found inconsistencies between expired servers registered to DB ([ecom-sandbox-zycl-001-app-7df8ddc46f-xfhwh-0]) and multicast ([]))
[2023-01-31 04:42:10.091 GMT] Found inconsistencies between known servers registered to DB ([ecom-sandbox-zycl-001-app-7df8ddc46f-xfhwh-0]) and multicast ([]))
[2023-01-31 04:42:20.091 GMT] Found inconsistencies between known servers registered to DB ([ecom-sandbox-zycl-001-app-7df8ddc46f-xfhwh-0]) and multicast ([]))
[2023-01-31 04:42:30.091 GMT] Found inconsistencies between known servers registered to DB ([ecom-sandbox-zycl-001-app-7df8ddc46f-xfhwh-0]) and multicast ([]))
[2023-01-31 04:42:40.091 GMT] Found inconsistencies between known servers registered to DB ([ecom-sandbox-zycl-001-app-7df8ddc46f-xfhwh-0]) and multicast ([]))
[2023-01-31 04:42:50.092 GMT] Found inconsistencies between known servers registered to DB ([ecom-sandbox-zycl-001-app-7df8ddc46f-xfhwh-0]) and multicast ([]))
[2023-01-31 04:43:00.091 GMT] Found inconsistencies between known servers registered to DB ([ecom-sandbox-zycl-001-app-7df8ddc46f-xfhwh-0]) and multicast ([]))
[2023-01-31 04:43:01.807 GMT] Found inconsistencies between expired servers registered to DB ([ecom-sandbox-zycl-001-app-7df8ddc46f-xfhwh-0]) and multicast ([]))
[2023-01-31 04:43:10.093 GMT] Found inconsistencies between known servers registered to DB ([ecom-sandbox-zycl-001-app-7df8ddc46f-xfhwh-0]) and multicast ([]))
[2023-01-31 04:43:20.092 GMT] Found inconsistencies between known servers registered to DB ([ecom-sandbox-zycl-001-app-7df8ddc46f-xfhwh-0]) and multicast ([]))
[2023-01-31 04:43:30.092 GMT] Found inconsistencies between known servers registered to DB ([ecom-sandbox-zycl-001-app-7df8ddc46f-xfhwh-0]) and multicast ([]))
[2023-01-31 04:43:40.091 GMT] Found inconsistencies between known servers registered to DB ([ecom-sandbox-zycl-001-app-7df8ddc46f-xfhwh-0]) and multicast ([]))
[2023-01-31 04:43:50.092 GMT] Found inconsistencies between known servers registered to DB ([ecom-sandbox-zycl-001-app-7df8ddc46f-xfhwh-0]) and multicast ([]))
[2023-01-31 04:44:00.091 GMT] Found inconsistencies between known servers registered to DB ([ecom-sandbox-zycl-001-app-7df8ddc46f-xfhwh-0]) and multicast ([]))
[2023-01-31 04:44:02.002 GMT] 1 expired server(s) has/have been removed.
