[2023-01-30 12:48:32.351 GMT] Configuration property was changed.Property category [FEATURE_TOGGLES]. Property name [LegacyCustomJobMigrationEnabled]. Property UI label [Enable Legacy Custom Job Migration].  Action [changed]. Old value [true]. New value [false]. 
[2023-01-30 12:48:32.363 GMT] Configuration property was changed.Property category [FEATURE_TOGGLES]. Property name [SplitLogCenterAndSplunkTraffic]. Property UI label [Split Log Center and Splunk Traffic].  Action [changed]. Old value [false]. New value [true]. 
[2023-01-30 12:48:32.363 GMT] Configuration property was changed.Property category [FEATURE_TOGGLES]. Property name [LoadingOfSteptypesJsonUsingJacksonEnabled]. Property UI label [Enable Loading of Steptypes JSON Using Jackson].  Action [changed]. Old value [false]. New value [true]. 
[2023-01-30 12:48:32.363 GMT] Configuration property was changed.Property category [FEATURE_TOGGLES]. Property name [StrictJAXBValidationForWSDLs]. Property UI label [Strict JAXB Validation for WSDLs].  Action [changed]. Old value [true]. New value [false]. 
[2023-01-30 12:48:32.363 GMT] Configuration property was changed.Property category [FEATURE_TOGGLES]. Property name [EnabledLegacyImpexJobPipelineConfigurationTypeIDs]. Property UI label [Enabled Legacy Impex Job Pipeline Configuration Type IDs].  Action [changed]. Old value [SiteExport]. New value []. 
[2023-01-30 12:48:32.363 GMT] Configuration property was changed.Property category [FEATURE_TOGGLES]. Property name [CentralConfigurationLenient]. Property UI label [Central Configuration in Lenient Mode].  Action [changed]. Old value [false]. New value [true]. 
[2023-01-30 12:48:32.363 GMT] Configuration property was changed.Property category [FEATURE_TOGGLES]. Property name [WebAdapterLegacyStaticServerGroupConfigurationEnabled]. Property UI label [Web Adapter Legacy Static Server Group Configuration].  Action [changed]. Old value [true]. New value [false]. 
[2023-01-30 13:33:02.473 GMT] Configuration property was changed.Property category [FEATURE_TOGGLES]. Property name [EnabledLegacyImpexJobPipelineConfigurationTypeIDs]. Property UI label [Enabled Legacy Impex Job Pipeline Configuration Type IDs].  Action [changed]. Old value []. New value [SiteExport]. 
[2023-01-30 13:33:02.475 GMT] Configuration property was changed.Property category [FEATURE_TOGGLES]. Property name [LoadingOfSteptypesJsonUsingJacksonEnabled]. Property UI label [Enable Loading of Steptypes JSON Using Jackson].  Action [changed]. Old value [true]. New value [false]. 
[2023-01-30 13:33:02.475 GMT] Configuration property was changed.Property category [FEATURE_TOGGLES]. Property name [CentralConfigurationLenient]. Property UI label [Central Configuration in Lenient Mode].  Action [changed]. Old value [true]. New value [false]. 
[2023-01-30 13:33:02.476 GMT] Configuration property was changed.Property category [FEATURE_TOGGLES]. Property name [StrictJAXBValidationForWSDLs]. Property UI label [Strict JAXB Validation for WSDLs].  Action [changed]. Old value [false]. New value [true]. 
[2023-01-30 13:33:02.476 GMT] Configuration property was changed.Property category [FEATURE_TOGGLES]. Property name [LegacyCustomJobMigrationEnabled]. Property UI label [Enable Legacy Custom Job Migration].  Action [changed]. Old value [false]. New value [true]. 
[2023-01-30 13:33:02.476 GMT] Configuration property was changed.Property category [FEATURE_TOGGLES]. Property name [SplitLogCenterAndSplunkTraffic]. Property UI label [Split Log Center and Splunk Traffic].  Action [changed]. Old value [true]. New value [false]. 
[2023-01-30 13:33:02.476 GMT] Configuration property was changed.Property category [FEATURE_TOGGLES]. Property name [WebAdapterLegacyStaticServerGroupConfigurationEnabled]. Property UI label [Web Adapter Legacy Static Server Group Configuration].  Action [changed]. Old value [false]. New value [true]. 
[2023-01-30 13:48:02.336 GMT] Configuration property was changed.Property category [FEATURE_TOGGLES]. Property name [LegacyCustomJobMigrationEnabled]. Property UI label [Enable Legacy Custom Job Migration].  Action [changed]. Old value [true]. New value [false]. 
[2023-01-30 13:48:02.338 GMT] Configuration property was changed.Property category [FEATURE_TOGGLES]. Property name [SplitLogCenterAndSplunkTraffic]. Property UI label [Split Log Center and Splunk Traffic].  Action [changed]. Old value [false]. New value [true]. 
[2023-01-30 13:48:02.338 GMT] Configuration property was changed.Property category [FEATURE_TOGGLES]. Property name [LoadingOfSteptypesJsonUsingJacksonEnabled]. Property UI label [Enable Loading of Steptypes JSON Using Jackson].  Action [changed]. Old value [false]. New value [true]. 
[2023-01-30 13:48:02.338 GMT] Configuration property was changed.Property category [FEATURE_TOGGLES]. Property name [StrictJAXBValidationForWSDLs]. Property UI label [Strict JAXB Validation for WSDLs].  Action [changed]. Old value [true]. New value [false]. 
[2023-01-30 13:48:02.338 GMT] Configuration property was changed.Property category [FEATURE_TOGGLES]. Property name [EnabledLegacyImpexJobPipelineConfigurationTypeIDs]. Property UI label [Enabled Legacy Impex Job Pipeline Configuration Type IDs].  Action [changed]. Old value [SiteExport]. New value []. 
[2023-01-30 13:48:02.338 GMT] Configuration property was changed.Property category [FEATURE_TOGGLES]. Property name [CentralConfigurationLenient]. Property UI label [Central Configuration in Lenient Mode].  Action [changed]. Old value [false]. New value [true]. 
[2023-01-30 13:48:02.339 GMT] Configuration property was changed.Property category [FEATURE_TOGGLES]. Property name [WebAdapterLegacyStaticServerGroupConfigurationEnabled]. Property UI label [Web Adapter Legacy Static Server Group Configuration].  Action [changed]. Old value [true]. New value [false]. 
[2023-01-30 15:18:35.233 GMT] Configuration property was changed.Property category [FEATURE_TOGGLES]. Property name [EnabledLegacyImpexJobPipelineConfigurationTypeIDs]. Property UI label [Enabled Legacy Impex Job Pipeline Configuration Type IDs].  Action [changed]. Old value []. New value [SiteExport]. 
[2023-01-30 15:18:35.235 GMT] Configuration property was changed.Property category [FEATURE_TOGGLES]. Property name [LoadingOfSteptypesJsonUsingJacksonEnabled]. Property UI label [Enable Loading of Steptypes JSON Using Jackson].  Action [changed]. Old value [true]. New value [false]. 
[2023-01-30 15:18:35.235 GMT] Configuration property was changed.Property category [FEATURE_TOGGLES]. Property name [CentralConfigurationLenient]. Property UI label [Central Configuration in Lenient Mode].  Action [changed]. Old value [true]. New value [false]. 
[2023-01-30 15:18:35.235 GMT] Configuration property was changed.Property category [FEATURE_TOGGLES]. Property name [StrictJAXBValidationForWSDLs]. Property UI label [Strict JAXB Validation for WSDLs].  Action [changed]. Old value [false]. New value [true]. 
[2023-01-30 15:18:35.236 GMT] Configuration property was changed.Property category [FEATURE_TOGGLES]. Property name [LegacyCustomJobMigrationEnabled]. Property UI label [Enable Legacy Custom Job Migration].  Action [changed]. Old value [false]. New value [true]. 
[2023-01-30 15:18:35.236 GMT] Configuration property was changed.Property category [FEATURE_TOGGLES]. Property name [SplitLogCenterAndSplunkTraffic]. Property UI label [Split Log Center and Splunk Traffic].  Action [changed]. Old value [true]. New value [false]. 
[2023-01-30 15:18:35.236 GMT] Configuration property was changed.Property category [FEATURE_TOGGLES]. Property name [WebAdapterLegacyStaticServerGroupConfigurationEnabled]. Property UI label [Web Adapter Legacy Static Server Group Configuration].  Action [changed]. Old value [false]. New value [true]. 
