[2023-02-01 05:25:30.435 GMT] user 'storeexpert@cedcommerce.com' in org. 'Sites' is unassigned role 'Administrator' by user 'system'. (role 'Administrator' unassigned)
[2023-02-01 05:25:30.445 GMT] user 'storeexpert@cedcommerce.com' in org. 'Sites' is assigned role 'Administrator' by user 'system'. (role 'Administrator' assigned)
[2023-02-01 05:29:44.906 GMT] user 'storeexpert@cedcommerce.com' in org. 'Sites' is unassigned role 'Administrator' by user 'system'. (role 'Administrator' unassigned)
[2023-02-01 05:29:44.908 GMT] user 'storeexpert@cedcommerce.com' in org. 'Sites' is assigned role 'Administrator' by user 'system'. (role 'Administrator' assigned)
[2023-02-01 05:29:56.842 GMT] user 'storeexpert@cedcommerce.com' in org. 'Sites' is unassigned role 'Administrator' by user 'system'. (role 'Administrator' unassigned)
[2023-02-01 05:29:56.843 GMT] user 'storeexpert@cedcommerce.com' in org. 'Sites' is assigned role 'Administrator' by user 'system'. (role 'Administrator' assigned)
[2023-02-01 06:21:00.091 GMT] user 'storeexpert@cedcommerce.com' in org. 'Sites' is unassigned role 'Administrator' by user 'system'. (role 'Administrator' unassigned)
[2023-02-01 06:21:00.092 GMT] user 'storeexpert@cedcommerce.com' in org. 'Sites' is assigned role 'Administrator' by user 'system'. (role 'Administrator' assigned)
[2023-02-01 06:30:16.308 GMT] user 'storeexpert@cedcommerce.com' in org. 'Sites' is unassigned role 'Administrator' by user 'system'. (role 'Administrator' unassigned)
[2023-02-01 06:30:16.310 GMT] user 'storeexpert@cedcommerce.com' in org. 'Sites' is assigned role 'Administrator' by user 'system'. (role 'Administrator' assigned)
[2023-02-01 06:30:30.513 GMT] user 'storeexpert@cedcommerce.com' in org. 'Sites' is unassigned role 'Administrator' by user 'system'. (role 'Administrator' unassigned)
[2023-02-01 06:30:30.514 GMT] user 'storeexpert@cedcommerce.com' in org. 'Sites' is assigned role 'Administrator' by user 'system'. (role 'Administrator' assigned)
[2023-02-01 06:54:11.236 GMT] user 'shubhanginigam@cedcommerce.com' in org. 'Sites' is unassigned role 'Administrator' by user 'system'. (role 'Administrator' unassigned)
[2023-02-01 06:54:11.238 GMT] user 'shubhanginigam@cedcommerce.com' in org. 'Sites' is assigned role 'Administrator' by user 'system'. (role 'Administrator' assigned)
[2023-02-01 07:32:44.243 GMT] user 'shubhanginigam@cedcommerce.com' in org. 'Sites' is unassigned role 'Administrator' by user 'shubhanginigam@cedcommerce.com'. (role 'Administrator' unassigned)
[2023-02-01 07:32:44.244 GMT] user 'shubhanginigam@cedcommerce.com' in org. 'Sites' is assigned role 'Administrator' by user 'shubhanginigam@cedcommerce.com'. (role 'Administrator' assigned)
[2023-02-01 08:59:20.978 GMT] user 'storeexpert@cedcommerce.com' in org. 'Sites' is unassigned role 'Administrator' by user 'storeexpert@cedcommerce.com'. (role 'Administrator' unassigned)
[2023-02-01 08:59:20.979 GMT] user 'storeexpert@cedcommerce.com' in org. 'Sites' is assigned role 'Administrator' by user 'storeexpert@cedcommerce.com'. (role 'Administrator' assigned)
[2023-02-01 09:17:41.844 GMT] user 'storeexpert@cedcommerce.com' in org. 'Sites' is unassigned role 'Administrator' by user 'system'. (role 'Administrator' unassigned)
[2023-02-01 09:17:41.846 GMT] user 'storeexpert@cedcommerce.com' in org. 'Sites' is assigned role 'Administrator' by user 'system'. (role 'Administrator' assigned)
[2023-02-01 09:49:01.708 GMT] user 'storeexpert@cedcommerce.com' in org. 'Sites' is unassigned role 'Administrator' by user 'storeexpert@cedcommerce.com'. (role 'Administrator' unassigned)
[2023-02-01 09:49:01.709 GMT] user 'storeexpert@cedcommerce.com' in org. 'Sites' is assigned role 'Administrator' by user 'storeexpert@cedcommerce.com'. (role 'Administrator' assigned)
[2023-02-01 09:49:47.408 GMT] user 'storeexpert@cedcommerce.com' in org. 'Sites' is unassigned role 'Administrator' by user 'system'. (role 'Administrator' unassigned)
[2023-02-01 09:49:47.408 GMT] user 'storeexpert@cedcommerce.com' in org. 'Sites' is assigned role 'Administrator' by user 'system'. (role 'Administrator' assigned)
[2023-02-01 10:31:38.875 GMT] user 'storeexpert@cedcommerce.com' in org. 'Sites' is unassigned role 'Administrator' by user 'system'. (role 'Administrator' unassigned)
[2023-02-01 10:31:38.876 GMT] user 'storeexpert@cedcommerce.com' in org. 'Sites' is assigned role 'Administrator' by user 'system'. (role 'Administrator' assigned)
[2023-02-01 10:43:30.650 GMT] user 'storeexpert@cedcommerce.com' in org. 'Sites' is unassigned role 'Administrator' by user 'system'. (role 'Administrator' unassigned)
[2023-02-01 10:43:30.652 GMT] user 'storeexpert@cedcommerce.com' in org. 'Sites' is assigned role 'Administrator' by user 'system'. (role 'Administrator' assigned)
[2023-02-01 10:55:58.540 GMT] user 'storeexpert@cedcommerce.com' in org. 'Sites' is unassigned role 'Administrator' by user 'system'. (role 'Administrator' unassigned)
[2023-02-01 10:55:58.542 GMT] user 'storeexpert@cedcommerce.com' in org. 'Sites' is assigned role 'Administrator' by user 'system'. (role 'Administrator' assigned)
[2023-02-01 10:56:23.955 GMT] user 'storeexpert@cedcommerce.com' in org. 'Sites' is unassigned role 'Administrator' by user 'system'. (role 'Administrator' unassigned)
[2023-02-01 10:56:23.955 GMT] user 'storeexpert@cedcommerce.com' in org. 'Sites' is assigned role 'Administrator' by user 'system'. (role 'Administrator' assigned)
[2023-02-01 11:06:24.516 GMT] user 'storeexpert@cedcommerce.com' in org. 'Sites' is unassigned role 'Administrator' by user 'storeexpert@cedcommerce.com'. (role 'Administrator' unassigned)
[2023-02-01 11:06:24.517 GMT] user 'storeexpert@cedcommerce.com' in org. 'Sites' is assigned role 'Administrator' by user 'storeexpert@cedcommerce.com'. (role 'Administrator' assigned)
[2023-02-01 11:26:29.837 GMT] user 'storeexpert@cedcommerce.com' in org. 'Sites' is unassigned role 'Administrator' by user 'system'. (role 'Administrator' unassigned)
[2023-02-01 11:26:29.838 GMT] user 'storeexpert@cedcommerce.com' in org. 'Sites' is assigned role 'Administrator' by user 'system'. (role 'Administrator' assigned)
[2023-02-01 11:39:39.294 GMT] user 'storeexpert@cedcommerce.com' in org. 'Sites' is unassigned role 'Administrator' by user 'system'. (role 'Administrator' unassigned)
[2023-02-01 11:39:39.296 GMT] user 'storeexpert@cedcommerce.com' in org. 'Sites' is assigned role 'Administrator' by user 'system'. (role 'Administrator' assigned)
[2023-02-01 12:00:33.042 GMT] User storeexpert@cedcommerce.com activates code version 'danish_v1'.
[2023-02-01 12:00:33.140 GMT] Code version 'danish_v1' activated.
[2023-02-01 12:00:47.559 GMT] User storeexpert@cedcommerce.com clears pipeline page cache of Sites-Mailchimp-Site.
[2023-02-01 12:00:47.560 GMT] User storeexpert@cedcommerce.com clears static content cache of Sites-Mailchimp-Site.
[2023-02-01 12:00:47.560 GMT] User storeexpert@cedcommerce.com clears pipeline page cache of Sites-RefArch-Site.
[2023-02-01 12:00:47.560 GMT] User storeexpert@cedcommerce.com clears static content cache of Sites-RefArch-Site.
[2023-02-01 12:00:47.561 GMT] User storeexpert@cedcommerce.com clears static content cache of Sites-RefArchGlobal-Site.
[2023-02-01 12:00:47.561 GMT] User storeexpert@cedcommerce.com clears pipeline page cache of Sites-RefArchGlobal-Site.
[2023-02-01 12:00:47.561 GMT] User storeexpert@cedcommerce.com clears static content cache of Sites-Site.
[2023-02-01 12:00:47.561 GMT] User storeexpert@cedcommerce.com clears pipeline page cache of Sites-Site.
[2023-02-01 12:00:47.561 GMT] User storeexpert@cedcommerce.com clears pipeline page cache of root.
[2023-02-01 12:00:47.561 GMT] User storeexpert@cedcommerce.com clears static content cache of root.
[2023-02-01 12:05:10.514 GMT] User storeexpert@cedcommerce.com activates code version 'version5'.
[2023-02-01 12:05:10.602 GMT] Code version 'version5' activated.
[2023-02-01 12:05:17.555 GMT] User storeexpert@cedcommerce.com clears pipeline page cache of Sites-Mailchimp-Site.
[2023-02-01 12:05:17.556 GMT] User storeexpert@cedcommerce.com clears static content cache of Sites-Mailchimp-Site.
[2023-02-01 12:05:17.556 GMT] User storeexpert@cedcommerce.com clears pipeline page cache of Sites-RefArch-Site.
[2023-02-01 12:05:17.556 GMT] User storeexpert@cedcommerce.com clears static content cache of Sites-RefArch-Site.
[2023-02-01 12:05:17.556 GMT] User storeexpert@cedcommerce.com clears static content cache of Sites-RefArchGlobal-Site.
[2023-02-01 12:05:17.556 GMT] User storeexpert@cedcommerce.com clears pipeline page cache of Sites-RefArchGlobal-Site.
[2023-02-01 12:05:17.556 GMT] User storeexpert@cedcommerce.com clears static content cache of Sites-Site.
[2023-02-01 12:05:17.556 GMT] User storeexpert@cedcommerce.com clears pipeline page cache of Sites-Site.
[2023-02-01 12:05:17.556 GMT] User storeexpert@cedcommerce.com clears pipeline page cache of root.
[2023-02-01 12:05:17.556 GMT] User storeexpert@cedcommerce.com clears static content cache of root.
[2023-02-01 13:09:12.457 GMT] user 'storeexpert@cedcommerce.com' in org. 'Sites' is unassigned role 'Administrator' by user 'storeexpert@cedcommerce.com'. (role 'Administrator' unassigned)
[2023-02-01 13:09:12.458 GMT] user 'storeexpert@cedcommerce.com' in org. 'Sites' is assigned role 'Administrator' by user 'storeexpert@cedcommerce.com'. (role 'Administrator' assigned)
[2023-02-01 14:04:38.541 GMT] user 'storeexpert@cedcommerce.com' in org. 'Sites' is unassigned role 'Administrator' by user 'storeexpert@cedcommerce.com'. (role 'Administrator' unassigned)
[2023-02-01 14:04:38.542 GMT] user 'storeexpert@cedcommerce.com' in org. 'Sites' is assigned role 'Administrator' by user 'storeexpert@cedcommerce.com'. (role 'Administrator' assigned)
[2023-02-01 14:12:43.318 GMT] user 'storeexpert@cedcommerce.com' in org. 'Sites' is unassigned role 'Administrator' by user 'system'. (role 'Administrator' unassigned)
[2023-02-01 14:12:43.319 GMT] user 'storeexpert@cedcommerce.com' in org. 'Sites' is assigned role 'Administrator' by user 'system'. (role 'Administrator' assigned)
